2023-04-28 11:48:45,343:WARNING:
'cuml' is a soft dependency and not included in the pycaret installation. Please run: `pip install cuml` to install.
2023-04-28 11:48:45,343:WARNING:
'cuml' is a soft dependency and not included in the pycaret installation. Please run: `pip install cuml` to install.
2023-04-28 11:48:45,344:WARNING:
'cuml' is a soft dependency and not included in the pycaret installation. Please run: `pip install cuml` to install.
2023-04-28 11:48:45,344:WARNING:
'cuml' is a soft dependency and not included in the pycaret installation. Please run: `pip install cuml` to install.
2023-04-28 11:48:46,058:INFO:Soft dependency imported: prophet: 1.1.2
2023-04-28 11:51:45,774:WARNING:C:\Users\indiz\AppData\Local\Temp\ipykernel_16080\1903416739.py:18: UserWarning: Tight layout not applied. tight_layout cannot make axes height small enough to accommodate all axes decorations.
  plt.tight_layout()

2023-04-28 15:53:56,168:WARNING:C:\Users\indiz\AppData\Local\Temp\ipykernel_16080\2476506051.py:17: UserWarning: Tight layout not applied. tight_layout cannot make axes height small enough to accommodate all axes decorations.
  plt.tight_layout()

2023-04-28 16:52:30,838:WARNING:
'cuml' is a soft dependency and not included in the pycaret installation. Please run: `pip install cuml` to install.
2023-04-28 16:52:30,838:WARNING:
'cuml' is a soft dependency and not included in the pycaret installation. Please run: `pip install cuml` to install.
2023-04-28 16:52:30,838:WARNING:
'cuml' is a soft dependency and not included in the pycaret installation. Please run: `pip install cuml` to install.
2023-04-28 16:52:30,838:WARNING:
'cuml' is a soft dependency and not included in the pycaret installation. Please run: `pip install cuml` to install.
2023-04-28 16:52:31,306:INFO:Soft dependency imported: prophet: 1.1.2
2023-04-28 17:05:19,547:INFO:PyCaret ClassificationExperiment
2023-04-28 17:05:19,547:INFO:Logging name: clf-default-name
2023-04-28 17:05:19,547:INFO:ML Usecase: MLUsecase.CLASSIFICATION
2023-04-28 17:05:19,547:INFO:version 3.0.0
2023-04-28 17:05:19,547:INFO:Initializing setup()
2023-04-28 17:05:19,547:INFO:self.USI: 08da
2023-04-28 17:05:19,547:INFO:self._variable_keys: {'_ml_usecase', 'seed', 'gpu_param', 'gpu_n_jobs_param', 'X', 'memory', 'fold_generator', 'idx', 'logging_param', 'data', 'log_plots_param', 'y_test', 'X_test', 'exp_name_log', 'y', 'fold_groups_param', 'is_multiclass', 'y_train', 'n_jobs_param', 'html_param', 'pipeline', 'USI', 'fix_imbalance', '_available_plots', 'target_param', 'X_train', 'fold_shuffle_param', 'exp_id'}
2023-04-28 17:05:19,547:INFO:Checking environment
2023-04-28 17:05:19,547:INFO:python_version: 3.9.16
2023-04-28 17:05:19,548:INFO:python_build: ('main', 'Mar  8 2023 10:39:24')
2023-04-28 17:05:19,548:INFO:machine: AMD64
2023-04-28 17:05:19,548:INFO:platform: Windows-10-10.0.22621-SP0
2023-04-28 17:05:19,548:INFO:Memory: svmem(total=17101160448, available=7312826368, percent=57.2, used=9788334080, free=7312826368)
2023-04-28 17:05:19,548:INFO:Physical Core: 6
2023-04-28 17:05:19,548:INFO:Logical Core: 12
2023-04-28 17:05:19,548:INFO:Checking libraries
2023-04-28 17:05:19,548:INFO:System:
2023-04-28 17:05:19,548:INFO:    python: 3.9.16 (main, Mar  8 2023, 10:39:24) [MSC v.1916 64 bit (AMD64)]
2023-04-28 17:05:19,548:INFO:executable: c:\Users\indiz\miniconda3\envs\gan\python.exe
2023-04-28 17:05:19,548:INFO:   machine: Windows-10-10.0.22621-SP0
2023-04-28 17:05:19,548:INFO:PyCaret required dependencies:
2023-04-28 17:05:19,548:INFO:                 pip: 23.0.1
2023-04-28 17:05:19,548:INFO:          setuptools: 65.6.3
2023-04-28 17:05:19,548:INFO:             pycaret: 3.0.0
2023-04-28 17:05:19,548:INFO:             IPython: 8.12.0
2023-04-28 17:05:19,548:INFO:          ipywidgets: 8.0.6
2023-04-28 17:05:19,548:INFO:                tqdm: 4.65.0
2023-04-28 17:05:19,548:INFO:               numpy: 1.23.5
2023-04-28 17:05:19,548:INFO:              pandas: 1.5.3
2023-04-28 17:05:19,548:INFO:              jinja2: 3.1.2
2023-04-28 17:05:19,549:INFO:               scipy: 1.9.3
2023-04-28 17:05:19,549:INFO:              joblib: 1.2.0
2023-04-28 17:05:19,549:INFO:             sklearn: 1.2.0
2023-04-28 17:05:19,549:INFO:                pyod: 1.0.9
2023-04-28 17:05:19,549:INFO:            imblearn: 0.10.1
2023-04-28 17:05:19,549:INFO:   category_encoders: 2.6.0
2023-04-28 17:05:19,549:INFO:            lightgbm: 3.3.5
2023-04-28 17:05:19,549:INFO:               numba: 0.56.4
2023-04-28 17:05:19,549:INFO:            requests: 2.28.2
2023-04-28 17:05:19,549:INFO:          matplotlib: 3.7.1
2023-04-28 17:05:19,549:INFO:          scikitplot: 0.3.7
2023-04-28 17:05:19,549:INFO:         yellowbrick: 1.5
2023-04-28 17:05:19,549:INFO:              plotly: 5.14.1
2023-04-28 17:05:19,549:INFO:             kaleido: 0.2.1
2023-04-28 17:05:19,549:INFO:         statsmodels: 0.13.5
2023-04-28 17:05:19,549:INFO:              sktime: 0.17.2
2023-04-28 17:05:19,549:INFO:               tbats: 1.1.3
2023-04-28 17:05:19,549:INFO:            pmdarima: 2.0.3
2023-04-28 17:05:19,549:INFO:              psutil: 5.9.0
2023-04-28 17:05:19,549:INFO:PyCaret optional dependencies:
2023-04-28 17:05:19,560:INFO:                shap: Not installed
2023-04-28 17:05:19,560:INFO:           interpret: Not installed
2023-04-28 17:05:19,560:INFO:                umap: Not installed
2023-04-28 17:05:19,560:INFO:    pandas_profiling: Not installed
2023-04-28 17:05:19,560:INFO:  explainerdashboard: Not installed
2023-04-28 17:05:19,560:INFO:             autoviz: Not installed
2023-04-28 17:05:19,560:INFO:           fairlearn: Not installed
2023-04-28 17:05:19,560:INFO:             xgboost: 1.7.5
2023-04-28 17:05:19,560:INFO:            catboost: Not installed
2023-04-28 17:05:19,560:INFO:              kmodes: Not installed
2023-04-28 17:05:19,560:INFO:             mlxtend: Not installed
2023-04-28 17:05:19,560:INFO:       statsforecast: Not installed
2023-04-28 17:05:19,560:INFO:        tune_sklearn: Not installed
2023-04-28 17:05:19,560:INFO:                 ray: Not installed
2023-04-28 17:05:19,560:INFO:            hyperopt: Not installed
2023-04-28 17:05:19,560:INFO:              optuna: Not installed
2023-04-28 17:05:19,560:INFO:               skopt: Not installed
2023-04-28 17:05:19,560:INFO:              mlflow: Not installed
2023-04-28 17:05:19,560:INFO:              gradio: Not installed
2023-04-28 17:05:19,560:INFO:             fastapi: Not installed
2023-04-28 17:05:19,560:INFO:             uvicorn: Not installed
2023-04-28 17:05:19,560:INFO:              m2cgen: Not installed
2023-04-28 17:05:19,560:INFO:           evidently: Not installed
2023-04-28 17:05:19,560:INFO:               fugue: Not installed
2023-04-28 17:05:19,560:INFO:           streamlit: Not installed
2023-04-28 17:05:19,560:INFO:             prophet: 1.1.2
2023-04-28 17:05:19,560:INFO:None
2023-04-28 17:05:19,560:INFO:Set up GPU usage.
2023-04-28 17:05:19,560:WARNING:
'cuml' is a soft dependency and not included in the pycaret installation. Please run: `pip install cuml` to install.
2023-04-28 17:05:19,560:WARNING:cuML is outdated or not found. Required version is >=22.10, got 3.0.0
2023-04-28 17:05:19,561:INFO:Set up data.
2023-04-28 17:10:10,429:WARNING:
'cuml' is a soft dependency and not included in the pycaret installation. Please run: `pip install cuml` to install.
2023-04-28 17:10:10,429:WARNING:
'cuml' is a soft dependency and not included in the pycaret installation. Please run: `pip install cuml` to install.
2023-04-28 17:10:10,429:WARNING:
'cuml' is a soft dependency and not included in the pycaret installation. Please run: `pip install cuml` to install.
2023-04-28 17:10:10,429:WARNING:
'cuml' is a soft dependency and not included in the pycaret installation. Please run: `pip install cuml` to install.
2023-04-28 17:10:10,924:INFO:Soft dependency imported: prophet: 1.1.2
2023-04-28 17:12:03,994:INFO:PyCaret ClassificationExperiment
2023-04-28 17:12:03,994:INFO:Logging name: clf-default-name
2023-04-28 17:12:03,994:INFO:ML Usecase: MLUsecase.CLASSIFICATION
2023-04-28 17:12:03,994:INFO:version 3.0.0
2023-04-28 17:12:03,994:INFO:Initializing setup()
2023-04-28 17:12:03,994:INFO:self.USI: 55d6
2023-04-28 17:12:03,994:INFO:self._variable_keys: {'gpu_n_jobs_param', 'exp_id', 'fold_shuffle_param', 'gpu_param', 'log_plots_param', 'X_test', 'logging_param', 'X_train', 'USI', 'X', 'fix_imbalance', 'is_multiclass', 'html_param', 'pipeline', 'n_jobs_param', '_available_plots', 'y_train', 'fold_groups_param', 'exp_name_log', 'seed', 'memory', '_ml_usecase', 'idx', 'target_param', 'fold_generator', 'data', 'y', 'y_test'}
2023-04-28 17:12:03,994:INFO:Checking environment
2023-04-28 17:12:03,994:INFO:python_version: 3.9.16
2023-04-28 17:12:03,994:INFO:python_build: ('main', 'Mar  8 2023 10:39:24')
2023-04-28 17:12:03,994:INFO:machine: AMD64
2023-04-28 17:12:03,994:INFO:platform: Windows-10-10.0.22621-SP0
2023-04-28 17:12:03,994:INFO:Memory: svmem(total=17101160448, available=8137732096, percent=52.4, used=8963428352, free=8137732096)
2023-04-28 17:12:03,994:INFO:Physical Core: 6
2023-04-28 17:12:03,994:INFO:Logical Core: 12
2023-04-28 17:12:03,994:INFO:Checking libraries
2023-04-28 17:12:03,995:INFO:System:
2023-04-28 17:12:03,995:INFO:    python: 3.9.16 (main, Mar  8 2023, 10:39:24) [MSC v.1916 64 bit (AMD64)]
2023-04-28 17:12:03,995:INFO:executable: c:\Users\indiz\miniconda3\envs\gan\python.exe
2023-04-28 17:12:03,995:INFO:   machine: Windows-10-10.0.22621-SP0
2023-04-28 17:12:03,995:INFO:PyCaret required dependencies:
2023-04-28 17:12:03,995:INFO:                 pip: 23.0.1
2023-04-28 17:12:03,995:INFO:          setuptools: 65.6.3
2023-04-28 17:12:03,995:INFO:             pycaret: 3.0.0
2023-04-28 17:12:03,995:INFO:             IPython: 8.12.0
2023-04-28 17:12:03,995:INFO:          ipywidgets: 8.0.6
2023-04-28 17:12:03,995:INFO:                tqdm: 4.65.0
2023-04-28 17:12:03,995:INFO:               numpy: 1.23.5
2023-04-28 17:12:03,995:INFO:              pandas: 1.5.3
2023-04-28 17:12:03,995:INFO:              jinja2: 3.1.2
2023-04-28 17:12:03,995:INFO:               scipy: 1.9.3
2023-04-28 17:12:03,995:INFO:              joblib: 1.2.0
2023-04-28 17:12:03,995:INFO:             sklearn: 1.2.0
2023-04-28 17:12:03,995:INFO:                pyod: 1.0.9
2023-04-28 17:12:03,995:INFO:            imblearn: 0.10.1
2023-04-28 17:12:03,995:INFO:   category_encoders: 2.6.0
2023-04-28 17:12:03,995:INFO:            lightgbm: 3.3.5
2023-04-28 17:12:03,995:INFO:               numba: 0.56.4
2023-04-28 17:12:03,995:INFO:            requests: 2.28.2
2023-04-28 17:12:03,996:INFO:          matplotlib: 3.7.1
2023-04-28 17:12:03,996:INFO:          scikitplot: 0.3.7
2023-04-28 17:12:03,996:INFO:         yellowbrick: 1.5
2023-04-28 17:12:03,996:INFO:              plotly: 5.14.1
2023-04-28 17:12:03,996:INFO:             kaleido: 0.2.1
2023-04-28 17:12:03,996:INFO:         statsmodels: 0.13.5
2023-04-28 17:12:03,996:INFO:              sktime: 0.17.2
2023-04-28 17:12:03,996:INFO:               tbats: 1.1.3
2023-04-28 17:12:03,996:INFO:            pmdarima: 2.0.3
2023-04-28 17:12:03,996:INFO:              psutil: 5.9.0
2023-04-28 17:12:03,996:INFO:PyCaret optional dependencies:
2023-04-28 17:12:04,005:INFO:                shap: Not installed
2023-04-28 17:12:04,005:INFO:           interpret: Not installed
2023-04-28 17:12:04,005:INFO:                umap: Not installed
2023-04-28 17:12:04,005:INFO:    pandas_profiling: Not installed
2023-04-28 17:12:04,005:INFO:  explainerdashboard: Not installed
2023-04-28 17:12:04,005:INFO:             autoviz: Not installed
2023-04-28 17:12:04,005:INFO:           fairlearn: Not installed
2023-04-28 17:12:04,005:INFO:             xgboost: 1.7.5
2023-04-28 17:12:04,005:INFO:            catboost: Not installed
2023-04-28 17:12:04,005:INFO:              kmodes: Not installed
2023-04-28 17:12:04,005:INFO:             mlxtend: Not installed
2023-04-28 17:12:04,005:INFO:       statsforecast: Not installed
2023-04-28 17:12:04,005:INFO:        tune_sklearn: Not installed
2023-04-28 17:12:04,005:INFO:                 ray: Not installed
2023-04-28 17:12:04,005:INFO:            hyperopt: Not installed
2023-04-28 17:12:04,005:INFO:              optuna: Not installed
2023-04-28 17:12:04,005:INFO:               skopt: Not installed
2023-04-28 17:12:04,005:INFO:              mlflow: Not installed
2023-04-28 17:12:04,005:INFO:              gradio: Not installed
2023-04-28 17:12:04,005:INFO:             fastapi: Not installed
2023-04-28 17:12:04,005:INFO:             uvicorn: Not installed
2023-04-28 17:12:04,005:INFO:              m2cgen: Not installed
2023-04-28 17:12:04,006:INFO:           evidently: Not installed
2023-04-28 17:12:04,006:INFO:               fugue: Not installed
2023-04-28 17:12:04,006:INFO:           streamlit: Not installed
2023-04-28 17:12:04,006:INFO:             prophet: 1.1.2
2023-04-28 17:12:04,006:INFO:None
2023-04-28 17:12:04,006:INFO:Set up GPU usage.
2023-04-28 17:12:04,006:WARNING:
'cuml' is a soft dependency and not included in the pycaret installation. Please run: `pip install cuml` to install.
2023-04-28 17:12:04,006:WARNING:cuML is outdated or not found. Required version is >=22.10, got 3.0.0
2023-04-28 17:12:04,006:INFO:Set up data.
2023-04-28 17:12:04,029:INFO:Set up train/test split.
2023-04-28 17:12:04,059:INFO:Set up index.
2023-04-28 17:12:04,059:INFO:Set up folding strategy.
2023-04-28 17:12:04,060:INFO:Assigning column types.
2023-04-28 17:12:04,075:INFO:Engine successfully changes for model 'lr' to 'sklearn'.
2023-04-28 17:12:04,075:WARNING:
'cuml' is a soft dependency and not included in the pycaret installation. Please run: `pip install cuml` to install.
2023-04-28 17:12:04,119:INFO:Engine for model 'knn' has not been set explicitly, hence returning None.
2023-04-28 17:12:04,120:WARNING:
'cuml' is a soft dependency and not included in the pycaret installation. Please run: `pip install cuml` to install.
2023-04-28 17:12:04,122:WARNING:
'cuml' is a soft dependency and not included in the pycaret installation. Please run: `pip install cuml` to install.
2023-04-28 17:12:04,122:INFO:Engine for model 'rbfsvm' has not been set explicitly, hence returning None.
2023-04-28 17:12:04,122:WARNING:
'cuml' is a soft dependency and not included in the pycaret installation. Please run: `pip install cuml` to install.
2023-04-28 17:12:04,145:WARNING:
'cuml' is a soft dependency and not included in the pycaret installation. Please run: `pip install cuml` to install.
2023-04-28 17:12:04,147:WARNING:
'cuml' is a soft dependency and not included in the pycaret installation. Please run: `pip install cuml` to install.
2023-04-28 17:12:04,150:INFO:Soft dependency imported: xgboost: 1.7.5
2023-04-28 17:12:04,406:WARNING:
'catboost' is a soft dependency and not included in the pycaret installation. Please run: `pip install catboost` to install.
Alternately, you can install this by running `pip install pycaret[models]`
2023-04-28 17:12:04,407:WARNING:
'cuml' is a soft dependency and not included in the pycaret installation. Please run: `pip install cuml` to install.
2023-04-28 17:12:04,460:INFO:Engine for model 'knn' has not been set explicitly, hence returning None.
2023-04-28 17:12:04,460:WARNING:
'cuml' is a soft dependency and not included in the pycaret installation. Please run: `pip install cuml` to install.
2023-04-28 17:12:04,461:WARNING:
'cuml' is a soft dependency and not included in the pycaret installation. Please run: `pip install cuml` to install.
2023-04-28 17:12:04,461:INFO:Engine for model 'rbfsvm' has not been set explicitly, hence returning None.
2023-04-28 17:12:04,461:WARNING:
'cuml' is a soft dependency and not included in the pycaret installation. Please run: `pip install cuml` to install.
2023-04-28 17:12:04,489:WARNING:
'cuml' is a soft dependency and not included in the pycaret installation. Please run: `pip install cuml` to install.
2023-04-28 17:12:04,494:WARNING:
'cuml' is a soft dependency and not included in the pycaret installation. Please run: `pip install cuml` to install.
2023-04-28 17:12:04,496:INFO:Soft dependency imported: xgboost: 1.7.5
2023-04-28 17:12:04,617:WARNING:
'catboost' is a soft dependency and not included in the pycaret installation. Please run: `pip install catboost` to install.
Alternately, you can install this by running `pip install pycaret[models]`
2023-04-28 17:12:04,617:INFO:Engine successfully changes for model 'knn' to 'sklearn'.
2023-04-28 17:12:04,617:WARNING:
'cuml' is a soft dependency and not included in the pycaret installation. Please run: `pip install cuml` to install.
2023-04-28 17:12:04,674:WARNING:
'cuml' is a soft dependency and not included in the pycaret installation. Please run: `pip install cuml` to install.
2023-04-28 17:12:04,674:WARNING:
'cuml' is a soft dependency and not included in the pycaret installation. Please run: `pip install cuml` to install.
2023-04-28 17:12:04,675:INFO:Engine for model 'rbfsvm' has not been set explicitly, hence returning None.
2023-04-28 17:12:04,675:WARNING:
'cuml' is a soft dependency and not included in the pycaret installation. Please run: `pip install cuml` to install.
2023-04-28 17:12:04,702:WARNING:
'cuml' is a soft dependency and not included in the pycaret installation. Please run: `pip install cuml` to install.
2023-04-28 17:12:04,708:WARNING:
'cuml' is a soft dependency and not included in the pycaret installation. Please run: `pip install cuml` to install.
2023-04-28 17:12:04,709:INFO:Soft dependency imported: xgboost: 1.7.5
2023-04-28 17:12:04,823:WARNING:
'catboost' is a soft dependency and not included in the pycaret installation. Please run: `pip install catboost` to install.
Alternately, you can install this by running `pip install pycaret[models]`
2023-04-28 17:12:04,824:WARNING:
'cuml' is a soft dependency and not included in the pycaret installation. Please run: `pip install cuml` to install.
2023-04-28 17:12:04,878:WARNING:
'cuml' is a soft dependency and not included in the pycaret installation. Please run: `pip install cuml` to install.
2023-04-28 17:12:04,878:WARNING:
'cuml' is a soft dependency and not included in the pycaret installation. Please run: `pip install cuml` to install.
2023-04-28 17:12:04,879:INFO:Engine for model 'rbfsvm' has not been set explicitly, hence returning None.
2023-04-28 17:12:04,879:WARNING:
'cuml' is a soft dependency and not included in the pycaret installation. Please run: `pip install cuml` to install.
2023-04-28 17:12:04,905:WARNING:
'cuml' is a soft dependency and not included in the pycaret installation. Please run: `pip install cuml` to install.
2023-04-28 17:12:04,910:WARNING:
'cuml' is a soft dependency and not included in the pycaret installation. Please run: `pip install cuml` to install.
2023-04-28 17:12:04,911:INFO:Soft dependency imported: xgboost: 1.7.5
2023-04-28 17:12:05,042:WARNING:
'catboost' is a soft dependency and not included in the pycaret installation. Please run: `pip install catboost` to install.
Alternately, you can install this by running `pip install pycaret[models]`
2023-04-28 17:12:05,043:INFO:Engine successfully changes for model 'rbfsvm' to 'sklearn'.
2023-04-28 17:12:05,043:WARNING:
'cuml' is a soft dependency and not included in the pycaret installation. Please run: `pip install cuml` to install.
2023-04-28 17:12:05,107:WARNING:
'cuml' is a soft dependency and not included in the pycaret installation. Please run: `pip install cuml` to install.
2023-04-28 17:12:05,107:WARNING:
'cuml' is a soft dependency and not included in the pycaret installation. Please run: `pip install cuml` to install.
2023-04-28 17:12:05,109:WARNING:
'cuml' is a soft dependency and not included in the pycaret installation. Please run: `pip install cuml` to install.
2023-04-28 17:12:05,142:WARNING:
'cuml' is a soft dependency and not included in the pycaret installation. Please run: `pip install cuml` to install.
2023-04-28 17:12:05,147:WARNING:
'cuml' is a soft dependency and not included in the pycaret installation. Please run: `pip install cuml` to install.
2023-04-28 17:12:05,150:INFO:Soft dependency imported: xgboost: 1.7.5
2023-04-28 17:12:05,280:WARNING:
'catboost' is a soft dependency and not included in the pycaret installation. Please run: `pip install catboost` to install.
Alternately, you can install this by running `pip install pycaret[models]`
2023-04-28 17:12:05,280:WARNING:
'cuml' is a soft dependency and not included in the pycaret installation. Please run: `pip install cuml` to install.
2023-04-28 17:12:05,339:WARNING:
'cuml' is a soft dependency and not included in the pycaret installation. Please run: `pip install cuml` to install.
2023-04-28 17:12:05,340:WARNING:
'cuml' is a soft dependency and not included in the pycaret installation. Please run: `pip install cuml` to install.
2023-04-28 17:12:05,341:WARNING:
'cuml' is a soft dependency and not included in the pycaret installation. Please run: `pip install cuml` to install.
2023-04-28 17:12:05,370:WARNING:
'cuml' is a soft dependency and not included in the pycaret installation. Please run: `pip install cuml` to install.
2023-04-28 17:12:05,376:WARNING:
'cuml' is a soft dependency and not included in the pycaret installation. Please run: `pip install cuml` to install.
2023-04-28 17:12:05,377:INFO:Soft dependency imported: xgboost: 1.7.5
2023-04-28 17:12:05,519:WARNING:
'catboost' is a soft dependency and not included in the pycaret installation. Please run: `pip install catboost` to install.
Alternately, you can install this by running `pip install pycaret[models]`
2023-04-28 17:12:05,521:INFO:Preparing preprocessing pipeline...
2023-04-28 17:12:05,524:INFO:Set up simple imputation.
2023-04-28 17:12:05,591:INFO:Finished creating preprocessing pipeline.
2023-04-28 17:12:05,594:INFO:Pipeline: Pipeline(memory=FastMemory(location=C:\Users\indiz\AppData\Local\Temp\joblib),
         steps=[('numerical_imputer',
                 TransformerWrapper(exclude=None,
                                    include=['Location', 'MinTemp', 'MaxTemp',
                                             'Rainfall', 'Evaporation',
                                             'Sunshine', 'WindGustDir',
                                             'WindGustSpeed', 'WindDir9am',
                                             'WindDir3pm', 'WindSpeed9am',
                                             'WindSpeed3pm', 'Humidity9am',
                                             'Humidity3pm', 'Pressure9am',
                                             'Pressur...
                                                              copy=True,
                                                              fill_value=None,
                                                              keep_empty_features=False,
                                                              missing_values=nan,
                                                              strategy='mean',
                                                              verbose='deprecated'))),
                ('categorical_imputer',
                 TransformerWrapper(exclude=None, include=[],
                                    transformer=SimpleImputer(add_indicator=False,
                                                              copy=True,
                                                              fill_value=None,
                                                              keep_empty_features=False,
                                                              missing_values=nan,
                                                              strategy='most_frequent',
                                                              verbose='deprecated')))],
         verbose=False)
2023-04-28 17:12:05,594:INFO:Creating final display dataframe.
2023-04-28 17:12:05,723:INFO:Setup _display_container:                     Description             Value
0                    Session id               123
1                        Target      RainTomorrow
2                   Target type            Binary
3           Original data shape       (56420, 22)
4        Transformed data shape       (56420, 22)
5   Transformed train set shape       (39494, 22)
6    Transformed test set shape       (16926, 22)
7              Numeric features                21
8                    Preprocess              True
9               Imputation type            simple
10           Numeric imputation              mean
11       Categorical imputation              mode
12               Fold Generator   StratifiedKFold
13                  Fold Number                10
14                     CPU Jobs                -1
15                      Use GPU              True
16               Log Experiment             False
17              Experiment Name  clf-default-name
18                          USI              55d6
2023-04-28 17:12:05,727:WARNING:
'cuml' is a soft dependency and not included in the pycaret installation. Please run: `pip install cuml` to install.
2023-04-28 17:12:05,762:WARNING:
'cuml' is a soft dependency and not included in the pycaret installation. Please run: `pip install cuml` to install.
2023-04-28 17:12:05,762:WARNING:
'cuml' is a soft dependency and not included in the pycaret installation. Please run: `pip install cuml` to install.
2023-04-28 17:12:05,763:WARNING:
'cuml' is a soft dependency and not included in the pycaret installation. Please run: `pip install cuml` to install.
2023-04-28 17:12:05,780:WARNING:
'cuml' is a soft dependency and not included in the pycaret installation. Please run: `pip install cuml` to install.
2023-04-28 17:12:05,783:WARNING:
'cuml' is a soft dependency and not included in the pycaret installation. Please run: `pip install cuml` to install.
2023-04-28 17:12:05,784:INFO:Soft dependency imported: xgboost: 1.7.5
2023-04-28 17:12:05,921:WARNING:
'catboost' is a soft dependency and not included in the pycaret installation. Please run: `pip install catboost` to install.
Alternately, you can install this by running `pip install pycaret[models]`
2023-04-28 17:12:05,921:WARNING:
'cuml' is a soft dependency and not included in the pycaret installation. Please run: `pip install cuml` to install.
2023-04-28 17:12:05,977:WARNING:
'cuml' is a soft dependency and not included in the pycaret installation. Please run: `pip install cuml` to install.
2023-04-28 17:12:05,977:WARNING:
'cuml' is a soft dependency and not included in the pycaret installation. Please run: `pip install cuml` to install.
2023-04-28 17:12:05,978:WARNING:
'cuml' is a soft dependency and not included in the pycaret installation. Please run: `pip install cuml` to install.
2023-04-28 17:12:06,005:WARNING:
'cuml' is a soft dependency and not included in the pycaret installation. Please run: `pip install cuml` to install.
2023-04-28 17:12:06,010:WARNING:
'cuml' is a soft dependency and not included in the pycaret installation. Please run: `pip install cuml` to install.
2023-04-28 17:12:06,011:INFO:Soft dependency imported: xgboost: 1.7.5
2023-04-28 17:12:06,134:WARNING:
'catboost' is a soft dependency and not included in the pycaret installation. Please run: `pip install catboost` to install.
Alternately, you can install this by running `pip install pycaret[models]`
2023-04-28 17:12:06,136:INFO:setup() successfully completed in 2.19s...............
2023-04-28 17:12:09,734:INFO:PyCaret ClassificationExperiment
2023-04-28 17:12:09,734:INFO:Logging name: clf-default-name
2023-04-28 17:12:09,734:INFO:ML Usecase: MLUsecase.CLASSIFICATION
2023-04-28 17:12:09,734:INFO:version 3.0.0
2023-04-28 17:12:09,734:INFO:Initializing setup()
2023-04-28 17:12:09,734:INFO:self.USI: aab0
2023-04-28 17:12:09,734:INFO:self._variable_keys: {'gpu_n_jobs_param', 'exp_id', 'fold_shuffle_param', 'gpu_param', 'log_plots_param', 'X_test', 'logging_param', 'X_train', 'USI', 'X', 'fix_imbalance', 'is_multiclass', 'html_param', 'pipeline', 'n_jobs_param', '_available_plots', 'y_train', 'fold_groups_param', 'exp_name_log', 'seed', 'memory', '_ml_usecase', 'idx', 'target_param', 'fold_generator', 'data', 'y', 'y_test'}
2023-04-28 17:12:09,734:INFO:Checking environment
2023-04-28 17:12:09,734:INFO:python_version: 3.9.16
2023-04-28 17:12:09,734:INFO:python_build: ('main', 'Mar  8 2023 10:39:24')
2023-04-28 17:12:09,734:INFO:machine: AMD64
2023-04-28 17:12:09,734:INFO:platform: Windows-10-10.0.22621-SP0
2023-04-28 17:12:09,735:INFO:Memory: svmem(total=17101160448, available=8120369152, percent=52.5, used=8980791296, free=8120369152)
2023-04-28 17:12:09,735:INFO:Physical Core: 6
2023-04-28 17:12:09,735:INFO:Logical Core: 12
2023-04-28 17:12:09,735:INFO:Checking libraries
2023-04-28 17:12:09,735:INFO:System:
2023-04-28 17:12:09,735:INFO:    python: 3.9.16 (main, Mar  8 2023, 10:39:24) [MSC v.1916 64 bit (AMD64)]
2023-04-28 17:12:09,735:INFO:executable: c:\Users\indiz\miniconda3\envs\gan\python.exe
2023-04-28 17:12:09,735:INFO:   machine: Windows-10-10.0.22621-SP0
2023-04-28 17:12:09,735:INFO:PyCaret required dependencies:
2023-04-28 17:12:09,735:INFO:                 pip: 23.0.1
2023-04-28 17:12:09,735:INFO:          setuptools: 65.6.3
2023-04-28 17:12:09,735:INFO:             pycaret: 3.0.0
2023-04-28 17:12:09,735:INFO:             IPython: 8.12.0
2023-04-28 17:12:09,735:INFO:          ipywidgets: 8.0.6
2023-04-28 17:12:09,735:INFO:                tqdm: 4.65.0
2023-04-28 17:12:09,735:INFO:               numpy: 1.23.5
2023-04-28 17:12:09,735:INFO:              pandas: 1.5.3
2023-04-28 17:12:09,735:INFO:              jinja2: 3.1.2
2023-04-28 17:12:09,735:INFO:               scipy: 1.9.3
2023-04-28 17:12:09,735:INFO:              joblib: 1.2.0
2023-04-28 17:12:09,736:INFO:             sklearn: 1.2.0
2023-04-28 17:12:09,736:INFO:                pyod: 1.0.9
2023-04-28 17:12:09,736:INFO:            imblearn: 0.10.1
2023-04-28 17:12:09,736:INFO:   category_encoders: 2.6.0
2023-04-28 17:12:09,736:INFO:            lightgbm: 3.3.5
2023-04-28 17:12:09,736:INFO:               numba: 0.56.4
2023-04-28 17:12:09,736:INFO:            requests: 2.28.2
2023-04-28 17:12:09,736:INFO:          matplotlib: 3.7.1
2023-04-28 17:12:09,736:INFO:          scikitplot: 0.3.7
2023-04-28 17:12:09,736:INFO:         yellowbrick: 1.5
2023-04-28 17:12:09,736:INFO:              plotly: 5.14.1
2023-04-28 17:12:09,736:INFO:             kaleido: 0.2.1
2023-04-28 17:12:09,736:INFO:         statsmodels: 0.13.5
2023-04-28 17:12:09,736:INFO:              sktime: 0.17.2
2023-04-28 17:12:09,736:INFO:               tbats: 1.1.3
2023-04-28 17:12:09,736:INFO:            pmdarima: 2.0.3
2023-04-28 17:12:09,736:INFO:              psutil: 5.9.0
2023-04-28 17:12:09,736:INFO:PyCaret optional dependencies:
2023-04-28 17:12:09,736:INFO:                shap: Not installed
2023-04-28 17:12:09,736:INFO:           interpret: Not installed
2023-04-28 17:12:09,736:INFO:                umap: Not installed
2023-04-28 17:12:09,736:INFO:    pandas_profiling: Not installed
2023-04-28 17:12:09,736:INFO:  explainerdashboard: Not installed
2023-04-28 17:12:09,737:INFO:             autoviz: Not installed
2023-04-28 17:12:09,737:INFO:           fairlearn: Not installed
2023-04-28 17:12:09,737:INFO:             xgboost: 1.7.5
2023-04-28 17:12:09,737:INFO:            catboost: Not installed
2023-04-28 17:12:09,737:INFO:              kmodes: Not installed
2023-04-28 17:12:09,737:INFO:             mlxtend: Not installed
2023-04-28 17:12:09,737:INFO:       statsforecast: Not installed
2023-04-28 17:12:09,737:INFO:        tune_sklearn: Not installed
2023-04-28 17:12:09,737:INFO:                 ray: Not installed
2023-04-28 17:12:09,737:INFO:            hyperopt: Not installed
2023-04-28 17:12:09,737:INFO:              optuna: Not installed
2023-04-28 17:12:09,737:INFO:               skopt: Not installed
2023-04-28 17:12:09,737:INFO:              mlflow: Not installed
2023-04-28 17:12:09,737:INFO:              gradio: Not installed
2023-04-28 17:12:09,737:INFO:             fastapi: Not installed
2023-04-28 17:12:09,737:INFO:             uvicorn: Not installed
2023-04-28 17:12:09,737:INFO:              m2cgen: Not installed
2023-04-28 17:12:09,737:INFO:           evidently: Not installed
2023-04-28 17:12:09,737:INFO:               fugue: Not installed
2023-04-28 17:12:09,737:INFO:           streamlit: Not installed
2023-04-28 17:12:09,737:INFO:             prophet: 1.1.2
2023-04-28 17:12:09,737:INFO:None
2023-04-28 17:12:09,737:INFO:Set up GPU usage.
2023-04-28 17:12:09,737:WARNING:
'cuml' is a soft dependency and not included in the pycaret installation. Please run: `pip install cuml` to install.
2023-04-28 17:12:09,737:WARNING:cuML is outdated or not found. Required version is >=22.10, got 3.0.0
2023-04-28 17:12:09,737:INFO:Set up data.
2023-04-28 17:12:09,754:INFO:Set up train/test split.
2023-04-28 17:12:09,782:INFO:Set up index.
2023-04-28 17:12:09,782:INFO:Set up folding strategy.
2023-04-28 17:12:09,782:INFO:Assigning column types.
2023-04-28 17:12:09,799:INFO:Engine successfully changes for model 'lr' to 'sklearn'.
2023-04-28 17:12:09,799:WARNING:
'cuml' is a soft dependency and not included in the pycaret installation. Please run: `pip install cuml` to install.
2023-04-28 17:12:09,840:INFO:Engine for model 'knn' has not been set explicitly, hence returning None.
2023-04-28 17:12:09,840:WARNING:
'cuml' is a soft dependency and not included in the pycaret installation. Please run: `pip install cuml` to install.
2023-04-28 17:12:09,840:WARNING:
'cuml' is a soft dependency and not included in the pycaret installation. Please run: `pip install cuml` to install.
2023-04-28 17:12:09,840:INFO:Engine for model 'rbfsvm' has not been set explicitly, hence returning None.
2023-04-28 17:12:09,840:WARNING:
'cuml' is a soft dependency and not included in the pycaret installation. Please run: `pip install cuml` to install.
2023-04-28 17:12:09,858:WARNING:
'cuml' is a soft dependency and not included in the pycaret installation. Please run: `pip install cuml` to install.
2023-04-28 17:12:09,863:WARNING:
'cuml' is a soft dependency and not included in the pycaret installation. Please run: `pip install cuml` to install.
2023-04-28 17:12:09,863:INFO:Soft dependency imported: xgboost: 1.7.5
2023-04-28 17:12:10,006:WARNING:
'catboost' is a soft dependency and not included in the pycaret installation. Please run: `pip install catboost` to install.
Alternately, you can install this by running `pip install pycaret[models]`
2023-04-28 17:12:10,006:WARNING:
'cuml' is a soft dependency and not included in the pycaret installation. Please run: `pip install cuml` to install.
2023-04-28 17:12:10,069:INFO:Engine for model 'knn' has not been set explicitly, hence returning None.
2023-04-28 17:12:10,069:WARNING:
'cuml' is a soft dependency and not included in the pycaret installation. Please run: `pip install cuml` to install.
2023-04-28 17:12:10,069:WARNING:
'cuml' is a soft dependency and not included in the pycaret installation. Please run: `pip install cuml` to install.
2023-04-28 17:12:10,070:INFO:Engine for model 'rbfsvm' has not been set explicitly, hence returning None.
2023-04-28 17:12:10,070:WARNING:
'cuml' is a soft dependency and not included in the pycaret installation. Please run: `pip install cuml` to install.
2023-04-28 17:12:10,100:WARNING:
'cuml' is a soft dependency and not included in the pycaret installation. Please run: `pip install cuml` to install.
2023-04-28 17:12:10,105:WARNING:
'cuml' is a soft dependency and not included in the pycaret installation. Please run: `pip install cuml` to install.
2023-04-28 17:12:10,109:INFO:Soft dependency imported: xgboost: 1.7.5
2023-04-28 17:12:10,231:WARNING:
'catboost' is a soft dependency and not included in the pycaret installation. Please run: `pip install catboost` to install.
Alternately, you can install this by running `pip install pycaret[models]`
2023-04-28 17:12:10,231:INFO:Engine successfully changes for model 'knn' to 'sklearn'.
2023-04-28 17:12:10,231:WARNING:
'cuml' is a soft dependency and not included in the pycaret installation. Please run: `pip install cuml` to install.
2023-04-28 17:12:10,290:WARNING:
'cuml' is a soft dependency and not included in the pycaret installation. Please run: `pip install cuml` to install.
2023-04-28 17:12:10,290:WARNING:
'cuml' is a soft dependency and not included in the pycaret installation. Please run: `pip install cuml` to install.
2023-04-28 17:12:10,291:INFO:Engine for model 'rbfsvm' has not been set explicitly, hence returning None.
2023-04-28 17:12:10,291:WARNING:
'cuml' is a soft dependency and not included in the pycaret installation. Please run: `pip install cuml` to install.
2023-04-28 17:12:10,321:WARNING:
'cuml' is a soft dependency and not included in the pycaret installation. Please run: `pip install cuml` to install.
2023-04-28 17:12:10,329:WARNING:
'cuml' is a soft dependency and not included in the pycaret installation. Please run: `pip install cuml` to install.
2023-04-28 17:12:10,330:INFO:Soft dependency imported: xgboost: 1.7.5
2023-04-28 17:12:10,443:WARNING:
'catboost' is a soft dependency and not included in the pycaret installation. Please run: `pip install catboost` to install.
Alternately, you can install this by running `pip install pycaret[models]`
2023-04-28 17:12:10,443:WARNING:
'cuml' is a soft dependency and not included in the pycaret installation. Please run: `pip install cuml` to install.
2023-04-28 17:12:10,496:WARNING:
'cuml' is a soft dependency and not included in the pycaret installation. Please run: `pip install cuml` to install.
2023-04-28 17:12:10,496:WARNING:
'cuml' is a soft dependency and not included in the pycaret installation. Please run: `pip install cuml` to install.
2023-04-28 17:12:10,497:INFO:Engine for model 'rbfsvm' has not been set explicitly, hence returning None.
2023-04-28 17:12:10,497:WARNING:
'cuml' is a soft dependency and not included in the pycaret installation. Please run: `pip install cuml` to install.
2023-04-28 17:12:10,523:WARNING:
'cuml' is a soft dependency and not included in the pycaret installation. Please run: `pip install cuml` to install.
2023-04-28 17:12:10,528:WARNING:
'cuml' is a soft dependency and not included in the pycaret installation. Please run: `pip install cuml` to install.
2023-04-28 17:12:10,529:INFO:Soft dependency imported: xgboost: 1.7.5
2023-04-28 17:12:10,647:WARNING:
'catboost' is a soft dependency and not included in the pycaret installation. Please run: `pip install catboost` to install.
Alternately, you can install this by running `pip install pycaret[models]`
2023-04-28 17:12:10,647:INFO:Engine successfully changes for model 'rbfsvm' to 'sklearn'.
2023-04-28 17:12:10,647:WARNING:
'cuml' is a soft dependency and not included in the pycaret installation. Please run: `pip install cuml` to install.
2023-04-28 17:12:10,702:WARNING:
'cuml' is a soft dependency and not included in the pycaret installation. Please run: `pip install cuml` to install.
2023-04-28 17:12:10,703:WARNING:
'cuml' is a soft dependency and not included in the pycaret installation. Please run: `pip install cuml` to install.
2023-04-28 17:12:10,703:WARNING:
'cuml' is a soft dependency and not included in the pycaret installation. Please run: `pip install cuml` to install.
2023-04-28 17:12:10,732:WARNING:
'cuml' is a soft dependency and not included in the pycaret installation. Please run: `pip install cuml` to install.
2023-04-28 17:12:10,739:WARNING:
'cuml' is a soft dependency and not included in the pycaret installation. Please run: `pip install cuml` to install.
2023-04-28 17:12:10,740:INFO:Soft dependency imported: xgboost: 1.7.5
2023-04-28 17:12:10,878:WARNING:
'catboost' is a soft dependency and not included in the pycaret installation. Please run: `pip install catboost` to install.
Alternately, you can install this by running `pip install pycaret[models]`
2023-04-28 17:12:10,878:WARNING:
'cuml' is a soft dependency and not included in the pycaret installation. Please run: `pip install cuml` to install.
2023-04-28 17:12:10,937:WARNING:
'cuml' is a soft dependency and not included in the pycaret installation. Please run: `pip install cuml` to install.
2023-04-28 17:12:10,937:WARNING:
'cuml' is a soft dependency and not included in the pycaret installation. Please run: `pip install cuml` to install.
2023-04-28 17:12:10,937:WARNING:
'cuml' is a soft dependency and not included in the pycaret installation. Please run: `pip install cuml` to install.
2023-04-28 17:12:10,968:WARNING:
'cuml' is a soft dependency and not included in the pycaret installation. Please run: `pip install cuml` to install.
2023-04-28 17:12:10,974:WARNING:
'cuml' is a soft dependency and not included in the pycaret installation. Please run: `pip install cuml` to install.
2023-04-28 17:12:10,976:INFO:Soft dependency imported: xgboost: 1.7.5
2023-04-28 17:12:11,120:WARNING:
'catboost' is a soft dependency and not included in the pycaret installation. Please run: `pip install catboost` to install.
Alternately, you can install this by running `pip install pycaret[models]`
2023-04-28 17:12:11,121:INFO:Preparing preprocessing pipeline...
2023-04-28 17:12:11,126:INFO:Set up simple imputation.
2023-04-28 17:12:11,184:INFO:Finished creating preprocessing pipeline.
2023-04-28 17:12:11,187:INFO:Pipeline: Pipeline(memory=FastMemory(location=C:\Users\indiz\AppData\Local\Temp\joblib),
         steps=[('numerical_imputer',
                 TransformerWrapper(exclude=None,
                                    include=['Location', 'MinTemp', 'MaxTemp',
                                             'Rainfall', 'Evaporation',
                                             'Sunshine', 'WindGustDir',
                                             'WindGustSpeed', 'WindDir9am',
                                             'WindDir3pm', 'WindSpeed9am',
                                             'WindSpeed3pm', 'Humidity9am',
                                             'Humidity3pm', 'Pressure9am',
                                             'Pressur...
                                                              copy=True,
                                                              fill_value=None,
                                                              keep_empty_features=False,
                                                              missing_values=nan,
                                                              strategy='mean',
                                                              verbose='deprecated'))),
                ('categorical_imputer',
                 TransformerWrapper(exclude=None, include=[],
                                    transformer=SimpleImputer(add_indicator=False,
                                                              copy=True,
                                                              fill_value=None,
                                                              keep_empty_features=False,
                                                              missing_values=nan,
                                                              strategy='most_frequent',
                                                              verbose='deprecated')))],
         verbose=False)
2023-04-28 17:12:11,188:INFO:Creating final display dataframe.
2023-04-28 17:12:11,310:INFO:Setup _display_container:                     Description             Value
0                    Session id               123
1                        Target      RainTomorrow
2                   Target type            Binary
3           Original data shape       (56420, 22)
4        Transformed data shape       (56420, 22)
5   Transformed train set shape       (39494, 22)
6    Transformed test set shape       (16926, 22)
7              Numeric features                21
8                    Preprocess              True
9               Imputation type            simple
10           Numeric imputation              mean
11       Categorical imputation              mode
12               Fold Generator   StratifiedKFold
13                  Fold Number                10
14                     CPU Jobs                -1
15                      Use GPU              True
16               Log Experiment             False
17              Experiment Name  clf-default-name
18                          USI              aab0
2023-04-28 17:12:11,315:WARNING:
'cuml' is a soft dependency and not included in the pycaret installation. Please run: `pip install cuml` to install.
2023-04-28 17:12:11,357:WARNING:
'cuml' is a soft dependency and not included in the pycaret installation. Please run: `pip install cuml` to install.
2023-04-28 17:12:11,357:WARNING:
'cuml' is a soft dependency and not included in the pycaret installation. Please run: `pip install cuml` to install.
2023-04-28 17:12:11,357:WARNING:
'cuml' is a soft dependency and not included in the pycaret installation. Please run: `pip install cuml` to install.
2023-04-28 17:12:11,377:WARNING:
'cuml' is a soft dependency and not included in the pycaret installation. Please run: `pip install cuml` to install.
2023-04-28 17:12:11,380:WARNING:
'cuml' is a soft dependency and not included in the pycaret installation. Please run: `pip install cuml` to install.
2023-04-28 17:12:11,381:INFO:Soft dependency imported: xgboost: 1.7.5
2023-04-28 17:12:11,507:WARNING:
'catboost' is a soft dependency and not included in the pycaret installation. Please run: `pip install catboost` to install.
Alternately, you can install this by running `pip install pycaret[models]`
2023-04-28 17:12:11,508:WARNING:
'cuml' is a soft dependency and not included in the pycaret installation. Please run: `pip install cuml` to install.
2023-04-28 17:12:11,563:WARNING:
'cuml' is a soft dependency and not included in the pycaret installation. Please run: `pip install cuml` to install.
2023-04-28 17:12:11,563:WARNING:
'cuml' is a soft dependency and not included in the pycaret installation. Please run: `pip install cuml` to install.
2023-04-28 17:12:11,564:WARNING:
'cuml' is a soft dependency and not included in the pycaret installation. Please run: `pip install cuml` to install.
2023-04-28 17:12:11,589:WARNING:
'cuml' is a soft dependency and not included in the pycaret installation. Please run: `pip install cuml` to install.
2023-04-28 17:12:11,595:WARNING:
'cuml' is a soft dependency and not included in the pycaret installation. Please run: `pip install cuml` to install.
2023-04-28 17:12:11,596:INFO:Soft dependency imported: xgboost: 1.7.5
2023-04-28 17:12:11,715:WARNING:
'catboost' is a soft dependency and not included in the pycaret installation. Please run: `pip install catboost` to install.
Alternately, you can install this by running `pip install pycaret[models]`
2023-04-28 17:12:11,716:INFO:setup() successfully completed in 2.03s...............
2023-04-28 17:12:18,506:INFO:PyCaret ClassificationExperiment
2023-04-28 17:12:18,506:INFO:Logging name: clf-default-name
2023-04-28 17:12:18,506:INFO:ML Usecase: MLUsecase.CLASSIFICATION
2023-04-28 17:12:18,506:INFO:version 3.0.0
2023-04-28 17:12:18,506:INFO:Initializing setup()
2023-04-28 17:12:18,506:INFO:self.USI: 43d8
2023-04-28 17:12:18,506:INFO:self._variable_keys: {'gpu_n_jobs_param', 'exp_id', 'fold_shuffle_param', 'gpu_param', 'log_plots_param', 'X_test', 'logging_param', 'X_train', 'USI', 'X', 'fix_imbalance', 'is_multiclass', 'html_param', 'pipeline', 'n_jobs_param', '_available_plots', 'y_train', 'fold_groups_param', 'exp_name_log', 'seed', 'memory', '_ml_usecase', 'idx', 'target_param', 'fold_generator', 'data', 'y', 'y_test'}
2023-04-28 17:12:18,506:INFO:Checking environment
2023-04-28 17:12:18,506:INFO:python_version: 3.9.16
2023-04-28 17:12:18,506:INFO:python_build: ('main', 'Mar  8 2023 10:39:24')
2023-04-28 17:12:18,506:INFO:machine: AMD64
2023-04-28 17:12:18,506:INFO:platform: Windows-10-10.0.22621-SP0
2023-04-28 17:12:18,506:INFO:Memory: svmem(total=17101160448, available=8131497984, percent=52.5, used=8969662464, free=8131497984)
2023-04-28 17:12:18,506:INFO:Physical Core: 6
2023-04-28 17:12:18,506:INFO:Logical Core: 12
2023-04-28 17:12:18,506:INFO:Checking libraries
2023-04-28 17:12:18,506:INFO:System:
2023-04-28 17:12:18,507:INFO:    python: 3.9.16 (main, Mar  8 2023, 10:39:24) [MSC v.1916 64 bit (AMD64)]
2023-04-28 17:12:18,507:INFO:executable: c:\Users\indiz\miniconda3\envs\gan\python.exe
2023-04-28 17:12:18,507:INFO:   machine: Windows-10-10.0.22621-SP0
2023-04-28 17:12:18,507:INFO:PyCaret required dependencies:
2023-04-28 17:12:18,507:INFO:                 pip: 23.0.1
2023-04-28 17:12:18,507:INFO:          setuptools: 65.6.3
2023-04-28 17:12:18,507:INFO:             pycaret: 3.0.0
2023-04-28 17:12:18,507:INFO:             IPython: 8.12.0
2023-04-28 17:12:18,507:INFO:          ipywidgets: 8.0.6
2023-04-28 17:12:18,507:INFO:                tqdm: 4.65.0
2023-04-28 17:12:18,507:INFO:               numpy: 1.23.5
2023-04-28 17:12:18,507:INFO:              pandas: 1.5.3
2023-04-28 17:12:18,507:INFO:              jinja2: 3.1.2
2023-04-28 17:12:18,507:INFO:               scipy: 1.9.3
2023-04-28 17:12:18,507:INFO:              joblib: 1.2.0
2023-04-28 17:12:18,507:INFO:             sklearn: 1.2.0
2023-04-28 17:12:18,507:INFO:                pyod: 1.0.9
2023-04-28 17:12:18,507:INFO:            imblearn: 0.10.1
2023-04-28 17:12:18,507:INFO:   category_encoders: 2.6.0
2023-04-28 17:12:18,507:INFO:            lightgbm: 3.3.5
2023-04-28 17:12:18,507:INFO:               numba: 0.56.4
2023-04-28 17:12:18,507:INFO:            requests: 2.28.2
2023-04-28 17:12:18,507:INFO:          matplotlib: 3.7.1
2023-04-28 17:12:18,507:INFO:          scikitplot: 0.3.7
2023-04-28 17:12:18,507:INFO:         yellowbrick: 1.5
2023-04-28 17:12:18,507:INFO:              plotly: 5.14.1
2023-04-28 17:12:18,507:INFO:             kaleido: 0.2.1
2023-04-28 17:12:18,507:INFO:         statsmodels: 0.13.5
2023-04-28 17:12:18,507:INFO:              sktime: 0.17.2
2023-04-28 17:12:18,507:INFO:               tbats: 1.1.3
2023-04-28 17:12:18,507:INFO:            pmdarima: 2.0.3
2023-04-28 17:12:18,507:INFO:              psutil: 5.9.0
2023-04-28 17:12:18,507:INFO:PyCaret optional dependencies:
2023-04-28 17:12:18,507:INFO:                shap: Not installed
2023-04-28 17:12:18,507:INFO:           interpret: Not installed
2023-04-28 17:12:18,507:INFO:                umap: Not installed
2023-04-28 17:12:18,507:INFO:    pandas_profiling: Not installed
2023-04-28 17:12:18,507:INFO:  explainerdashboard: Not installed
2023-04-28 17:12:18,507:INFO:             autoviz: Not installed
2023-04-28 17:12:18,507:INFO:           fairlearn: Not installed
2023-04-28 17:12:18,507:INFO:             xgboost: 1.7.5
2023-04-28 17:12:18,507:INFO:            catboost: Not installed
2023-04-28 17:12:18,507:INFO:              kmodes: Not installed
2023-04-28 17:12:18,507:INFO:             mlxtend: Not installed
2023-04-28 17:12:18,507:INFO:       statsforecast: Not installed
2023-04-28 17:12:18,507:INFO:        tune_sklearn: Not installed
2023-04-28 17:12:18,507:INFO:                 ray: Not installed
2023-04-28 17:12:18,507:INFO:            hyperopt: Not installed
2023-04-28 17:12:18,507:INFO:              optuna: Not installed
2023-04-28 17:12:18,507:INFO:               skopt: Not installed
2023-04-28 17:12:18,507:INFO:              mlflow: Not installed
2023-04-28 17:12:18,507:INFO:              gradio: Not installed
2023-04-28 17:12:18,507:INFO:             fastapi: Not installed
2023-04-28 17:12:18,507:INFO:             uvicorn: Not installed
2023-04-28 17:12:18,507:INFO:              m2cgen: Not installed
2023-04-28 17:12:18,507:INFO:           evidently: Not installed
2023-04-28 17:12:18,507:INFO:               fugue: Not installed
2023-04-28 17:12:18,508:INFO:           streamlit: Not installed
2023-04-28 17:12:18,508:INFO:             prophet: 1.1.2
2023-04-28 17:12:18,508:INFO:None
2023-04-28 17:12:18,508:INFO:Set up data.
2023-04-28 17:12:18,530:INFO:Set up train/test split.
2023-04-28 17:12:18,569:INFO:Set up index.
2023-04-28 17:12:18,569:INFO:Set up folding strategy.
2023-04-28 17:12:18,569:INFO:Assigning column types.
2023-04-28 17:12:18,586:INFO:Engine successfully changes for model 'lr' to 'sklearn'.
2023-04-28 17:12:18,620:INFO:Engine for model 'knn' has not been set explicitly, hence returning None.
2023-04-28 17:12:18,621:INFO:Engine for model 'rbfsvm' has not been set explicitly, hence returning None.
2023-04-28 17:12:18,640:INFO:Soft dependency imported: xgboost: 1.7.5
2023-04-28 17:12:18,642:WARNING:
'catboost' is a soft dependency and not included in the pycaret installation. Please run: `pip install catboost` to install.
Alternately, you can install this by running `pip install pycaret[models]`
2023-04-28 17:12:18,678:INFO:Engine for model 'knn' has not been set explicitly, hence returning None.
2023-04-28 17:12:18,678:INFO:Engine for model 'rbfsvm' has not been set explicitly, hence returning None.
2023-04-28 17:12:18,699:INFO:Soft dependency imported: xgboost: 1.7.5
2023-04-28 17:12:18,701:WARNING:
'catboost' is a soft dependency and not included in the pycaret installation. Please run: `pip install catboost` to install.
Alternately, you can install this by running `pip install pycaret[models]`
2023-04-28 17:12:18,701:INFO:Engine successfully changes for model 'knn' to 'sklearn'.
2023-04-28 17:12:18,735:INFO:Engine for model 'rbfsvm' has not been set explicitly, hence returning None.
2023-04-28 17:12:18,753:INFO:Soft dependency imported: xgboost: 1.7.5
2023-04-28 17:12:18,756:WARNING:
'catboost' is a soft dependency and not included in the pycaret installation. Please run: `pip install catboost` to install.
Alternately, you can install this by running `pip install pycaret[models]`
2023-04-28 17:12:18,790:INFO:Engine for model 'rbfsvm' has not been set explicitly, hence returning None.
2023-04-28 17:12:18,809:INFO:Soft dependency imported: xgboost: 1.7.5
2023-04-28 17:12:18,811:WARNING:
'catboost' is a soft dependency and not included in the pycaret installation. Please run: `pip install catboost` to install.
Alternately, you can install this by running `pip install pycaret[models]`
2023-04-28 17:12:18,811:INFO:Engine successfully changes for model 'rbfsvm' to 'sklearn'.
2023-04-28 17:12:18,867:INFO:Soft dependency imported: xgboost: 1.7.5
2023-04-28 17:12:18,869:WARNING:
'catboost' is a soft dependency and not included in the pycaret installation. Please run: `pip install catboost` to install.
Alternately, you can install this by running `pip install pycaret[models]`
2023-04-28 17:12:18,923:INFO:Soft dependency imported: xgboost: 1.7.5
2023-04-28 17:12:18,925:WARNING:
'catboost' is a soft dependency and not included in the pycaret installation. Please run: `pip install catboost` to install.
Alternately, you can install this by running `pip install pycaret[models]`
2023-04-28 17:12:18,926:INFO:Preparing preprocessing pipeline...
2023-04-28 17:12:18,929:INFO:Set up simple imputation.
2023-04-28 17:12:18,965:INFO:Finished creating preprocessing pipeline.
2023-04-28 17:12:18,967:INFO:Pipeline: Pipeline(memory=FastMemory(location=C:\Users\indiz\AppData\Local\Temp\joblib),
         steps=[('numerical_imputer',
                 TransformerWrapper(exclude=None,
                                    include=['Location', 'MinTemp', 'MaxTemp',
                                             'Rainfall', 'Evaporation',
                                             'Sunshine', 'WindGustDir',
                                             'WindGustSpeed', 'WindDir9am',
                                             'WindDir3pm', 'WindSpeed9am',
                                             'WindSpeed3pm', 'Humidity9am',
                                             'Humidity3pm', 'Pressure9am',
                                             'Pressur...
                                                              copy=True,
                                                              fill_value=None,
                                                              keep_empty_features=False,
                                                              missing_values=nan,
                                                              strategy='mean',
                                                              verbose='deprecated'))),
                ('categorical_imputer',
                 TransformerWrapper(exclude=None, include=[],
                                    transformer=SimpleImputer(add_indicator=False,
                                                              copy=True,
                                                              fill_value=None,
                                                              keep_empty_features=False,
                                                              missing_values=nan,
                                                              strategy='most_frequent',
                                                              verbose='deprecated')))],
         verbose=False)
2023-04-28 17:12:18,967:INFO:Creating final display dataframe.
2023-04-28 17:12:19,084:INFO:Setup _display_container:                     Description             Value
0                    Session id               123
1                        Target      RainTomorrow
2                   Target type            Binary
3           Original data shape       (56420, 22)
4        Transformed data shape       (56420, 22)
5   Transformed train set shape       (39494, 22)
6    Transformed test set shape       (16926, 22)
7              Numeric features                21
8                    Preprocess              True
9               Imputation type            simple
10           Numeric imputation              mean
11       Categorical imputation              mode
12               Fold Generator   StratifiedKFold
13                  Fold Number                10
14                     CPU Jobs                -1
15                      Use GPU             False
16               Log Experiment             False
17              Experiment Name  clf-default-name
18                          USI              43d8
2023-04-28 17:12:19,143:INFO:Soft dependency imported: xgboost: 1.7.5
2023-04-28 17:12:19,145:WARNING:
'catboost' is a soft dependency and not included in the pycaret installation. Please run: `pip install catboost` to install.
Alternately, you can install this by running `pip install pycaret[models]`
2023-04-28 17:12:19,202:INFO:Soft dependency imported: xgboost: 1.7.5
2023-04-28 17:12:19,205:WARNING:
'catboost' is a soft dependency and not included in the pycaret installation. Please run: `pip install catboost` to install.
Alternately, you can install this by running `pip install pycaret[models]`
2023-04-28 17:12:19,205:INFO:setup() successfully completed in 0.75s...............
2023-04-28 17:12:24,931:INFO:Initializing compare_models()
2023-04-28 17:12:24,931:INFO:compare_models(self=<pycaret.classification.oop.ClassificationExperiment object at 0x000001DE5BD93A00>, include=None, fold=None, round=4, cross_validation=True, sort=Accuracy, n_select=1, budget_time=None, turbo=True, errors=ignore, fit_kwargs=None, groups=None, experiment_custom_tags=None, probability_threshold=None, verbose=True, parallel=None, caller_params={'self': <pycaret.classification.oop.ClassificationExperiment object at 0x000001DE5BD93A00>, 'include': None, 'exclude': None, 'fold': None, 'round': 4, 'cross_validation': True, 'sort': 'Accuracy', 'n_select': 1, 'budget_time': None, 'turbo': True, 'errors': 'ignore', 'fit_kwargs': None, 'groups': None, 'experiment_custom_tags': None, 'probability_threshold': None, 'engine': None, 'verbose': True, 'parallel': None, '__class__': <class 'pycaret.classification.oop.ClassificationExperiment'>}, exclude=None)
2023-04-28 17:12:24,931:INFO:Checking exceptions
2023-04-28 17:12:24,948:INFO:Preparing display monitor
2023-04-28 17:12:25,143:INFO:Initializing Logistic Regression
2023-04-28 17:12:25,144:INFO:Total runtime is 0.0 minutes
2023-04-28 17:12:25,146:INFO:SubProcess create_model() called ==================================
2023-04-28 17:12:25,146:INFO:Initializing create_model()
2023-04-28 17:12:25,146:INFO:create_model(self=<pycaret.classification.oop.ClassificationExperiment object at 0x000001DE5BD93A00>, estimator=lr, fold=StratifiedKFold(n_splits=10, random_state=None, shuffle=False), round=4, cross_validation=True, predict=True, fit_kwargs={}, groups=None, refit=False, probability_threshold=None, experiment_custom_tags=None, verbose=False, system=False, add_to_model_list=True, metrics=None, display=<pycaret.internal.display.display.CommonDisplay object at 0x000001DE5BD93B20>, model_only=True, return_train_score=False, kwargs={})
2023-04-28 17:12:25,146:INFO:Checking exceptions
2023-04-28 17:12:25,146:INFO:Importing libraries
2023-04-28 17:12:25,146:INFO:Copying training dataset
2023-04-28 17:12:25,172:INFO:Defining folds
2023-04-28 17:12:25,172:INFO:Declaring metric variables
2023-04-28 17:12:25,181:INFO:Importing untrained model
2023-04-28 17:12:25,185:INFO:Logistic Regression Imported successfully
2023-04-28 17:12:25,191:INFO:Starting cross validation
2023-04-28 17:12:25,191:INFO:Cross validating with StratifiedKFold(n_splits=10, random_state=None, shuffle=False), n_jobs=-1
2023-04-28 17:12:32,726:WARNING:c:\Users\indiz\miniconda3\envs\gan\lib\site-packages\sklearn\linear_model\_logistic.py:458: ConvergenceWarning: lbfgs failed to converge (status=1):
STOP: TOTAL NO. of ITERATIONS REACHED LIMIT.

Increase the number of iterations (max_iter) or scale the data as shown in:
    https://scikit-learn.org/stable/modules/preprocessing.html
Please also refer to the documentation for alternative solver options:
    https://scikit-learn.org/stable/modules/linear_model.html#logistic-regression
  n_iter_i = _check_optimize_result(

2023-04-28 17:12:32,900:WARNING:c:\Users\indiz\miniconda3\envs\gan\lib\site-packages\sklearn\linear_model\_logistic.py:458: ConvergenceWarning: lbfgs failed to converge (status=1):
STOP: TOTAL NO. of ITERATIONS REACHED LIMIT.

Increase the number of iterations (max_iter) or scale the data as shown in:
    https://scikit-learn.org/stable/modules/preprocessing.html
Please also refer to the documentation for alternative solver options:
    https://scikit-learn.org/stable/modules/linear_model.html#logistic-regression
  n_iter_i = _check_optimize_result(

2023-04-28 17:12:32,900:WARNING:c:\Users\indiz\miniconda3\envs\gan\lib\site-packages\sklearn\linear_model\_logistic.py:458: ConvergenceWarning: lbfgs failed to converge (status=1):
STOP: TOTAL NO. of ITERATIONS REACHED LIMIT.

Increase the number of iterations (max_iter) or scale the data as shown in:
    https://scikit-learn.org/stable/modules/preprocessing.html
Please also refer to the documentation for alternative solver options:
    https://scikit-learn.org/stable/modules/linear_model.html#logistic-regression
  n_iter_i = _check_optimize_result(

2023-04-28 17:12:33,139:INFO:Calculating mean and std
2023-04-28 17:12:33,140:INFO:Creating metrics dataframe
2023-04-28 17:12:33,185:INFO:Uploading results into container
2023-04-28 17:12:33,186:INFO:Uploading model into container now
2023-04-28 17:12:33,186:INFO:_master_model_container: 1
2023-04-28 17:12:33,186:INFO:_display_container: 2
2023-04-28 17:12:33,186:INFO:LogisticRegression(C=1.0, class_weight=None, dual=False, fit_intercept=True,
                   intercept_scaling=1, l1_ratio=None, max_iter=1000,
                   multi_class='auto', n_jobs=None, penalty='l2',
                   random_state=123, solver='lbfgs', tol=0.0001, verbose=0,
                   warm_start=False)
2023-04-28 17:12:33,186:INFO:create_model() successfully completed......................................
2023-04-28 17:12:33,325:INFO:SubProcess create_model() end ==================================
2023-04-28 17:12:33,325:INFO:Creating metrics dataframe
2023-04-28 17:12:33,331:INFO:Initializing K Neighbors Classifier
2023-04-28 17:12:33,331:INFO:Total runtime is 0.13645899693171185 minutes
2023-04-28 17:12:33,335:INFO:SubProcess create_model() called ==================================
2023-04-28 17:12:33,335:INFO:Initializing create_model()
2023-04-28 17:12:33,335:INFO:create_model(self=<pycaret.classification.oop.ClassificationExperiment object at 0x000001DE5BD93A00>, estimator=knn, fold=StratifiedKFold(n_splits=10, random_state=None, shuffle=False), round=4, cross_validation=True, predict=True, fit_kwargs={}, groups=None, refit=False, probability_threshold=None, experiment_custom_tags=None, verbose=False, system=False, add_to_model_list=True, metrics=None, display=<pycaret.internal.display.display.CommonDisplay object at 0x000001DE5BD93B20>, model_only=True, return_train_score=False, kwargs={})
2023-04-28 17:12:33,335:INFO:Checking exceptions
2023-04-28 17:12:33,335:INFO:Importing libraries
2023-04-28 17:12:33,335:INFO:Copying training dataset
2023-04-28 17:12:33,357:INFO:Defining folds
2023-04-28 17:12:33,357:INFO:Declaring metric variables
2023-04-28 17:12:33,359:INFO:Importing untrained model
2023-04-28 17:12:33,362:INFO:K Neighbors Classifier Imported successfully
2023-04-28 17:12:33,366:INFO:Starting cross validation
2023-04-28 17:12:33,368:INFO:Cross validating with StratifiedKFold(n_splits=10, random_state=None, shuffle=False), n_jobs=-1
2023-04-28 17:12:33,509:WARNING:c:\Users\indiz\miniconda3\envs\gan\lib\site-packages\sklearn\model_selection\_validation.py:776: UserWarning: Scoring failed. The score on this train-test partition for these parameters will be set to 0. Details: 
Traceback (most recent call last):
  File "c:\Users\indiz\miniconda3\envs\gan\lib\site-packages\sklearn\metrics\_scorer.py", line 75, in _cached_call
    return cache[method]
KeyError: 'predict'

During handling of the above exception, another exception occurred:

Traceback (most recent call last):
  File "c:\Users\indiz\miniconda3\envs\gan\lib\site-packages\sklearn\model_selection\_validation.py", line 767, in _score
    scores = scorer(estimator, X_test, y_test)
  File "c:\Users\indiz\miniconda3\envs\gan\lib\site-packages\sklearn\metrics\_scorer.py", line 107, in __call__
    score = scorer._score(cached_call, estimator, *args, **kwargs)
  File "c:\Users\indiz\miniconda3\envs\gan\lib\site-packages\sklearn\metrics\_scorer.py", line 262, in _score
    y_pred = method_caller(estimator, "predict", X)
  File "c:\Users\indiz\miniconda3\envs\gan\lib\site-packages\sklearn\metrics\_scorer.py", line 77, in _cached_call
    result = getattr(estimator, method)(*args, **kwargs)
  File "c:\Users\indiz\miniconda3\envs\gan\lib\site-packages\pycaret\internal\pipeline.py", line 312, in predict
    y = self.steps[-1][-1].predict(X, **predict_params)
  File "c:\Users\indiz\miniconda3\envs\gan\lib\site-packages\sklearn\neighbors\_classification.py", line 234, in predict
    neigh_ind = self.kneighbors(X, return_distance=False)
  File "c:\Users\indiz\miniconda3\envs\gan\lib\site-packages\sklearn\neighbors\_base.py", line 824, in kneighbors
    results = ArgKmin.compute(
  File "c:\Users\indiz\miniconda3\envs\gan\lib\site-packages\sklearn\metrics\_pairwise_distances_reduction\_dispatcher.py", line 289, in compute
    return ArgKmin32.compute(
  File "sklearn\metrics\_pairwise_distances_reduction\_argkmin.pyx", line 584, in sklearn.metrics._pairwise_distances_reduction._argkmin.ArgKmin32.compute
  File "c:\Users\indiz\miniconda3\envs\gan\lib\site-packages\sklearn\utils\fixes.py", line 151, in threadpool_limits
    return threadpoolctl.threadpool_limits(limits=limits, user_api=user_api)
  File "c:\Users\indiz\miniconda3\envs\gan\lib\site-packages\threadpoolctl.py", line 171, in __init__
    self._original_info = self._set_threadpool_limits()
  File "c:\Users\indiz\miniconda3\envs\gan\lib\site-packages\threadpoolctl.py", line 268, in _set_threadpool_limits
    modules = _ThreadpoolInfo(prefixes=self._prefixes,
  File "c:\Users\indiz\miniconda3\envs\gan\lib\site-packages\threadpoolctl.py", line 340, in __init__
    self._load_modules()
  File "c:\Users\indiz\miniconda3\envs\gan\lib\site-packages\threadpoolctl.py", line 373, in _load_modules
    self._find_modules_with_enum_process_module_ex()
  File "c:\Users\indiz\miniconda3\envs\gan\lib\site-packages\threadpoolctl.py", line 485, in _find_modules_with_enum_process_module_ex
    self._make_module_from_path(filepath)
  File "c:\Users\indiz\miniconda3\envs\gan\lib\site-packages\threadpoolctl.py", line 515, in _make_module_from_path
    module = module_class(filepath, prefix, user_api, internal_api)
  File "c:\Users\indiz\miniconda3\envs\gan\lib\site-packages\threadpoolctl.py", line 606, in __init__
    self.version = self.get_version()
  File "c:\Users\indiz\miniconda3\envs\gan\lib\site-packages\threadpoolctl.py", line 646, in get_version
    config = get_config().split()
AttributeError: 'NoneType' object has no attribute 'split'

  warnings.warn(

2023-04-28 17:12:33,512:WARNING:c:\Users\indiz\miniconda3\envs\gan\lib\site-packages\sklearn\model_selection\_validation.py:776: UserWarning: Scoring failed. The score on this train-test partition for these parameters will be set to 0. Details: 
Traceback (most recent call last):
  File "c:\Users\indiz\miniconda3\envs\gan\lib\site-packages\sklearn\metrics\_scorer.py", line 75, in _cached_call
    return cache[method]
KeyError: 'predict'

During handling of the above exception, another exception occurred:

Traceback (most recent call last):
  File "c:\Users\indiz\miniconda3\envs\gan\lib\site-packages\sklearn\model_selection\_validation.py", line 767, in _score
    scores = scorer(estimator, X_test, y_test)
  File "c:\Users\indiz\miniconda3\envs\gan\lib\site-packages\sklearn\metrics\_scorer.py", line 107, in __call__
    score = scorer._score(cached_call, estimator, *args, **kwargs)
  File "c:\Users\indiz\miniconda3\envs\gan\lib\site-packages\sklearn\metrics\_scorer.py", line 262, in _score
    y_pred = method_caller(estimator, "predict", X)
  File "c:\Users\indiz\miniconda3\envs\gan\lib\site-packages\sklearn\metrics\_scorer.py", line 77, in _cached_call
    result = getattr(estimator, method)(*args, **kwargs)
  File "c:\Users\indiz\miniconda3\envs\gan\lib\site-packages\pycaret\internal\pipeline.py", line 312, in predict
    y = self.steps[-1][-1].predict(X, **predict_params)
  File "c:\Users\indiz\miniconda3\envs\gan\lib\site-packages\sklearn\neighbors\_classification.py", line 234, in predict
    neigh_ind = self.kneighbors(X, return_distance=False)
  File "c:\Users\indiz\miniconda3\envs\gan\lib\site-packages\sklearn\neighbors\_base.py", line 824, in kneighbors
    results = ArgKmin.compute(
  File "c:\Users\indiz\miniconda3\envs\gan\lib\site-packages\sklearn\metrics\_pairwise_distances_reduction\_dispatcher.py", line 289, in compute
    return ArgKmin32.compute(
  File "sklearn\metrics\_pairwise_distances_reduction\_argkmin.pyx", line 584, in sklearn.metrics._pairwise_distances_reduction._argkmin.ArgKmin32.compute
  File "c:\Users\indiz\miniconda3\envs\gan\lib\site-packages\sklearn\utils\fixes.py", line 151, in threadpool_limits
    return threadpoolctl.threadpool_limits(limits=limits, user_api=user_api)
  File "c:\Users\indiz\miniconda3\envs\gan\lib\site-packages\threadpoolctl.py", line 171, in __init__
    self._original_info = self._set_threadpool_limits()
  File "c:\Users\indiz\miniconda3\envs\gan\lib\site-packages\threadpoolctl.py", line 268, in _set_threadpool_limits
    modules = _ThreadpoolInfo(prefixes=self._prefixes,
  File "c:\Users\indiz\miniconda3\envs\gan\lib\site-packages\threadpoolctl.py", line 340, in __init__
    self._load_modules()
  File "c:\Users\indiz\miniconda3\envs\gan\lib\site-packages\threadpoolctl.py", line 373, in _load_modules
    self._find_modules_with_enum_process_module_ex()
  File "c:\Users\indiz\miniconda3\envs\gan\lib\site-packages\threadpoolctl.py", line 485, in _find_modules_with_enum_process_module_ex
    self._make_module_from_path(filepath)
  File "c:\Users\indiz\miniconda3\envs\gan\lib\site-packages\threadpoolctl.py", line 515, in _make_module_from_path
    module = module_class(filepath, prefix, user_api, internal_api)
  File "c:\Users\indiz\miniconda3\envs\gan\lib\site-packages\threadpoolctl.py", line 606, in __init__
    self.version = self.get_version()
  File "c:\Users\indiz\miniconda3\envs\gan\lib\site-packages\threadpoolctl.py", line 646, in get_version
    config = get_config().split()
AttributeError: 'NoneType' object has no attribute 'split'

  warnings.warn(

2023-04-28 17:12:33,523:WARNING:c:\Users\indiz\miniconda3\envs\gan\lib\site-packages\sklearn\model_selection\_validation.py:776: UserWarning: Scoring failed. The score on this train-test partition for these parameters will be set to 0. Details: 
Traceback (most recent call last):
  File "c:\Users\indiz\miniconda3\envs\gan\lib\site-packages\sklearn\metrics\_scorer.py", line 75, in _cached_call
    return cache[method]
KeyError: 'predict'

During handling of the above exception, another exception occurred:

Traceback (most recent call last):
  File "c:\Users\indiz\miniconda3\envs\gan\lib\site-packages\sklearn\model_selection\_validation.py", line 767, in _score
    scores = scorer(estimator, X_test, y_test)
  File "c:\Users\indiz\miniconda3\envs\gan\lib\site-packages\sklearn\metrics\_scorer.py", line 107, in __call__
    score = scorer._score(cached_call, estimator, *args, **kwargs)
  File "c:\Users\indiz\miniconda3\envs\gan\lib\site-packages\sklearn\metrics\_scorer.py", line 262, in _score
    y_pred = method_caller(estimator, "predict", X)
  File "c:\Users\indiz\miniconda3\envs\gan\lib\site-packages\sklearn\metrics\_scorer.py", line 77, in _cached_call
    result = getattr(estimator, method)(*args, **kwargs)
  File "c:\Users\indiz\miniconda3\envs\gan\lib\site-packages\pycaret\internal\pipeline.py", line 312, in predict
    y = self.steps[-1][-1].predict(X, **predict_params)
  File "c:\Users\indiz\miniconda3\envs\gan\lib\site-packages\sklearn\neighbors\_classification.py", line 234, in predict
    neigh_ind = self.kneighbors(X, return_distance=False)
  File "c:\Users\indiz\miniconda3\envs\gan\lib\site-packages\sklearn\neighbors\_base.py", line 824, in kneighbors
    results = ArgKmin.compute(
  File "c:\Users\indiz\miniconda3\envs\gan\lib\site-packages\sklearn\metrics\_pairwise_distances_reduction\_dispatcher.py", line 289, in compute
    return ArgKmin32.compute(
  File "sklearn\metrics\_pairwise_distances_reduction\_argkmin.pyx", line 584, in sklearn.metrics._pairwise_distances_reduction._argkmin.ArgKmin32.compute
  File "c:\Users\indiz\miniconda3\envs\gan\lib\site-packages\sklearn\utils\fixes.py", line 151, in threadpool_limits
    return threadpoolctl.threadpool_limits(limits=limits, user_api=user_api)
  File "c:\Users\indiz\miniconda3\envs\gan\lib\site-packages\threadpoolctl.py", line 171, in __init__
    self._original_info = self._set_threadpool_limits()
  File "c:\Users\indiz\miniconda3\envs\gan\lib\site-packages\threadpoolctl.py", line 268, in _set_threadpool_limits
    modules = _ThreadpoolInfo(prefixes=self._prefixes,
  File "c:\Users\indiz\miniconda3\envs\gan\lib\site-packages\threadpoolctl.py", line 340, in __init__
    self._load_modules()
  File "c:\Users\indiz\miniconda3\envs\gan\lib\site-packages\threadpoolctl.py", line 373, in _load_modules
    self._find_modules_with_enum_process_module_ex()
  File "c:\Users\indiz\miniconda3\envs\gan\lib\site-packages\threadpoolctl.py", line 485, in _find_modules_with_enum_process_module_ex
    self._make_module_from_path(filepath)
  File "c:\Users\indiz\miniconda3\envs\gan\lib\site-packages\threadpoolctl.py", line 515, in _make_module_from_path
    module = module_class(filepath, prefix, user_api, internal_api)
  File "c:\Users\indiz\miniconda3\envs\gan\lib\site-packages\threadpoolctl.py", line 606, in __init__
    self.version = self.get_version()
  File "c:\Users\indiz\miniconda3\envs\gan\lib\site-packages\threadpoolctl.py", line 646, in get_version
    config = get_config().split()
AttributeError: 'NoneType' object has no attribute 'split'

  warnings.warn(

2023-04-28 17:12:33,526:WARNING:c:\Users\indiz\miniconda3\envs\gan\lib\site-packages\sklearn\model_selection\_validation.py:776: UserWarning: Scoring failed. The score on this train-test partition for these parameters will be set to 0. Details: 
Traceback (most recent call last):
  File "c:\Users\indiz\miniconda3\envs\gan\lib\site-packages\sklearn\metrics\_scorer.py", line 75, in _cached_call
    return cache[method]
KeyError: 'predict'

During handling of the above exception, another exception occurred:

Traceback (most recent call last):
  File "c:\Users\indiz\miniconda3\envs\gan\lib\site-packages\sklearn\model_selection\_validation.py", line 767, in _score
    scores = scorer(estimator, X_test, y_test)
  File "c:\Users\indiz\miniconda3\envs\gan\lib\site-packages\sklearn\metrics\_scorer.py", line 107, in __call__
    score = scorer._score(cached_call, estimator, *args, **kwargs)
  File "c:\Users\indiz\miniconda3\envs\gan\lib\site-packages\sklearn\metrics\_scorer.py", line 262, in _score
    y_pred = method_caller(estimator, "predict", X)
  File "c:\Users\indiz\miniconda3\envs\gan\lib\site-packages\sklearn\metrics\_scorer.py", line 77, in _cached_call
    result = getattr(estimator, method)(*args, **kwargs)
  File "c:\Users\indiz\miniconda3\envs\gan\lib\site-packages\pycaret\internal\pipeline.py", line 312, in predict
    y = self.steps[-1][-1].predict(X, **predict_params)
  File "c:\Users\indiz\miniconda3\envs\gan\lib\site-packages\sklearn\neighbors\_classification.py", line 234, in predict
    neigh_ind = self.kneighbors(X, return_distance=False)
  File "c:\Users\indiz\miniconda3\envs\gan\lib\site-packages\sklearn\neighbors\_base.py", line 824, in kneighbors
    results = ArgKmin.compute(
  File "c:\Users\indiz\miniconda3\envs\gan\lib\site-packages\sklearn\metrics\_pairwise_distances_reduction\_dispatcher.py", line 289, in compute
    return ArgKmin32.compute(
  File "sklearn\metrics\_pairwise_distances_reduction\_argkmin.pyx", line 584, in sklearn.metrics._pairwise_distances_reduction._argkmin.ArgKmin32.compute
  File "c:\Users\indiz\miniconda3\envs\gan\lib\site-packages\sklearn\utils\fixes.py", line 151, in threadpool_limits
    return threadpoolctl.threadpool_limits(limits=limits, user_api=user_api)
  File "c:\Users\indiz\miniconda3\envs\gan\lib\site-packages\threadpoolctl.py", line 171, in __init__
    self._original_info = self._set_threadpool_limits()
  File "c:\Users\indiz\miniconda3\envs\gan\lib\site-packages\threadpoolctl.py", line 268, in _set_threadpool_limits
    modules = _ThreadpoolInfo(prefixes=self._prefixes,
  File "c:\Users\indiz\miniconda3\envs\gan\lib\site-packages\threadpoolctl.py", line 340, in __init__
    self._load_modules()
  File "c:\Users\indiz\miniconda3\envs\gan\lib\site-packages\threadpoolctl.py", line 373, in _load_modules
    self._find_modules_with_enum_process_module_ex()
  File "c:\Users\indiz\miniconda3\envs\gan\lib\site-packages\threadpoolctl.py", line 485, in _find_modules_with_enum_process_module_ex
    self._make_module_from_path(filepath)
  File "c:\Users\indiz\miniconda3\envs\gan\lib\site-packages\threadpoolctl.py", line 515, in _make_module_from_path
    module = module_class(filepath, prefix, user_api, internal_api)
  File "c:\Users\indiz\miniconda3\envs\gan\lib\site-packages\threadpoolctl.py", line 606, in __init__
    self.version = self.get_version()
  File "c:\Users\indiz\miniconda3\envs\gan\lib\site-packages\threadpoolctl.py", line 646, in get_version
    config = get_config().split()
AttributeError: 'NoneType' object has no attribute 'split'

  warnings.warn(

2023-04-28 17:12:33,531:WARNING:c:\Users\indiz\miniconda3\envs\gan\lib\site-packages\sklearn\model_selection\_validation.py:776: UserWarning: Scoring failed. The score on this train-test partition for these parameters will be set to 0. Details: 
Traceback (most recent call last):
  File "c:\Users\indiz\miniconda3\envs\gan\lib\site-packages\sklearn\metrics\_scorer.py", line 75, in _cached_call
    return cache[method]
KeyError: 'predict'

During handling of the above exception, another exception occurred:

Traceback (most recent call last):
  File "c:\Users\indiz\miniconda3\envs\gan\lib\site-packages\sklearn\model_selection\_validation.py", line 767, in _score
    scores = scorer(estimator, X_test, y_test)
  File "c:\Users\indiz\miniconda3\envs\gan\lib\site-packages\sklearn\metrics\_scorer.py", line 107, in __call__
    score = scorer._score(cached_call, estimator, *args, **kwargs)
  File "c:\Users\indiz\miniconda3\envs\gan\lib\site-packages\sklearn\metrics\_scorer.py", line 262, in _score
    y_pred = method_caller(estimator, "predict", X)
  File "c:\Users\indiz\miniconda3\envs\gan\lib\site-packages\sklearn\metrics\_scorer.py", line 77, in _cached_call
    result = getattr(estimator, method)(*args, **kwargs)
  File "c:\Users\indiz\miniconda3\envs\gan\lib\site-packages\pycaret\internal\pipeline.py", line 312, in predict
    y = self.steps[-1][-1].predict(X, **predict_params)
  File "c:\Users\indiz\miniconda3\envs\gan\lib\site-packages\sklearn\neighbors\_classification.py", line 234, in predict
    neigh_ind = self.kneighbors(X, return_distance=False)
  File "c:\Users\indiz\miniconda3\envs\gan\lib\site-packages\sklearn\neighbors\_base.py", line 824, in kneighbors
    results = ArgKmin.compute(
  File "c:\Users\indiz\miniconda3\envs\gan\lib\site-packages\sklearn\metrics\_pairwise_distances_reduction\_dispatcher.py", line 289, in compute
    return ArgKmin32.compute(
  File "sklearn\metrics\_pairwise_distances_reduction\_argkmin.pyx", line 584, in sklearn.metrics._pairwise_distances_reduction._argkmin.ArgKmin32.compute
  File "c:\Users\indiz\miniconda3\envs\gan\lib\site-packages\sklearn\utils\fixes.py", line 151, in threadpool_limits
    return threadpoolctl.threadpool_limits(limits=limits, user_api=user_api)
  File "c:\Users\indiz\miniconda3\envs\gan\lib\site-packages\threadpoolctl.py", line 171, in __init__
    self._original_info = self._set_threadpool_limits()
  File "c:\Users\indiz\miniconda3\envs\gan\lib\site-packages\threadpoolctl.py", line 268, in _set_threadpool_limits
    modules = _ThreadpoolInfo(prefixes=self._prefixes,
  File "c:\Users\indiz\miniconda3\envs\gan\lib\site-packages\threadpoolctl.py", line 340, in __init__
    self._load_modules()
  File "c:\Users\indiz\miniconda3\envs\gan\lib\site-packages\threadpoolctl.py", line 373, in _load_modules
    self._find_modules_with_enum_process_module_ex()
  File "c:\Users\indiz\miniconda3\envs\gan\lib\site-packages\threadpoolctl.py", line 485, in _find_modules_with_enum_process_module_ex
    self._make_module_from_path(filepath)
  File "c:\Users\indiz\miniconda3\envs\gan\lib\site-packages\threadpoolctl.py", line 515, in _make_module_from_path
    module = module_class(filepath, prefix, user_api, internal_api)
  File "c:\Users\indiz\miniconda3\envs\gan\lib\site-packages\threadpoolctl.py", line 606, in __init__
    self.version = self.get_version()
  File "c:\Users\indiz\miniconda3\envs\gan\lib\site-packages\threadpoolctl.py", line 646, in get_version
    config = get_config().split()
AttributeError: 'NoneType' object has no attribute 'split'

  warnings.warn(

2023-04-28 17:12:33,533:WARNING:c:\Users\indiz\miniconda3\envs\gan\lib\site-packages\sklearn\model_selection\_validation.py:776: UserWarning: Scoring failed. The score on this train-test partition for these parameters will be set to 0. Details: 
Traceback (most recent call last):
  File "c:\Users\indiz\miniconda3\envs\gan\lib\site-packages\sklearn\metrics\_scorer.py", line 75, in _cached_call
    return cache[method]
KeyError: 'predict'

During handling of the above exception, another exception occurred:

Traceback (most recent call last):
  File "c:\Users\indiz\miniconda3\envs\gan\lib\site-packages\sklearn\model_selection\_validation.py", line 767, in _score
    scores = scorer(estimator, X_test, y_test)
  File "c:\Users\indiz\miniconda3\envs\gan\lib\site-packages\sklearn\metrics\_scorer.py", line 107, in __call__
    score = scorer._score(cached_call, estimator, *args, **kwargs)
  File "c:\Users\indiz\miniconda3\envs\gan\lib\site-packages\sklearn\metrics\_scorer.py", line 262, in _score
    y_pred = method_caller(estimator, "predict", X)
  File "c:\Users\indiz\miniconda3\envs\gan\lib\site-packages\sklearn\metrics\_scorer.py", line 77, in _cached_call
    result = getattr(estimator, method)(*args, **kwargs)
  File "c:\Users\indiz\miniconda3\envs\gan\lib\site-packages\pycaret\internal\pipeline.py", line 312, in predict
    y = self.steps[-1][-1].predict(X, **predict_params)
  File "c:\Users\indiz\miniconda3\envs\gan\lib\site-packages\sklearn\neighbors\_classification.py", line 234, in predict
    neigh_ind = self.kneighbors(X, return_distance=False)
  File "c:\Users\indiz\miniconda3\envs\gan\lib\site-packages\sklearn\neighbors\_base.py", line 824, in kneighbors
    results = ArgKmin.compute(
  File "c:\Users\indiz\miniconda3\envs\gan\lib\site-packages\sklearn\metrics\_pairwise_distances_reduction\_dispatcher.py", line 289, in compute
    return ArgKmin32.compute(
  File "sklearn\metrics\_pairwise_distances_reduction\_argkmin.pyx", line 584, in sklearn.metrics._pairwise_distances_reduction._argkmin.ArgKmin32.compute
  File "c:\Users\indiz\miniconda3\envs\gan\lib\site-packages\sklearn\utils\fixes.py", line 151, in threadpool_limits
    return threadpoolctl.threadpool_limits(limits=limits, user_api=user_api)
  File "c:\Users\indiz\miniconda3\envs\gan\lib\site-packages\threadpoolctl.py", line 171, in __init__
    self._original_info = self._set_threadpool_limits()
  File "c:\Users\indiz\miniconda3\envs\gan\lib\site-packages\threadpoolctl.py", line 268, in _set_threadpool_limits
    modules = _ThreadpoolInfo(prefixes=self._prefixes,
  File "c:\Users\indiz\miniconda3\envs\gan\lib\site-packages\threadpoolctl.py", line 340, in __init__
    self._load_modules()
  File "c:\Users\indiz\miniconda3\envs\gan\lib\site-packages\threadpoolctl.py", line 373, in _load_modules
    self._find_modules_with_enum_process_module_ex()
  File "c:\Users\indiz\miniconda3\envs\gan\lib\site-packages\threadpoolctl.py", line 485, in _find_modules_with_enum_process_module_ex
    self._make_module_from_path(filepath)
  File "c:\Users\indiz\miniconda3\envs\gan\lib\site-packages\threadpoolctl.py", line 515, in _make_module_from_path
    module = module_class(filepath, prefix, user_api, internal_api)
  File "c:\Users\indiz\miniconda3\envs\gan\lib\site-packages\threadpoolctl.py", line 606, in __init__
    self.version = self.get_version()
  File "c:\Users\indiz\miniconda3\envs\gan\lib\site-packages\threadpoolctl.py", line 646, in get_version
    config = get_config().split()
AttributeError: 'NoneType' object has no attribute 'split'

  warnings.warn(

2023-04-28 17:12:33,538:WARNING:c:\Users\indiz\miniconda3\envs\gan\lib\site-packages\sklearn\model_selection\_validation.py:776: UserWarning: Scoring failed. The score on this train-test partition for these parameters will be set to 0. Details: 
Traceback (most recent call last):
  File "c:\Users\indiz\miniconda3\envs\gan\lib\site-packages\sklearn\metrics\_scorer.py", line 75, in _cached_call
    return cache[method]
KeyError: 'predict'

During handling of the above exception, another exception occurred:

Traceback (most recent call last):
  File "c:\Users\indiz\miniconda3\envs\gan\lib\site-packages\sklearn\model_selection\_validation.py", line 767, in _score
    scores = scorer(estimator, X_test, y_test)
  File "c:\Users\indiz\miniconda3\envs\gan\lib\site-packages\sklearn\metrics\_scorer.py", line 107, in __call__
    score = scorer._score(cached_call, estimator, *args, **kwargs)
  File "c:\Users\indiz\miniconda3\envs\gan\lib\site-packages\sklearn\metrics\_scorer.py", line 262, in _score
    y_pred = method_caller(estimator, "predict", X)
  File "c:\Users\indiz\miniconda3\envs\gan\lib\site-packages\sklearn\metrics\_scorer.py", line 77, in _cached_call
    result = getattr(estimator, method)(*args, **kwargs)
  File "c:\Users\indiz\miniconda3\envs\gan\lib\site-packages\pycaret\internal\pipeline.py", line 312, in predict
    y = self.steps[-1][-1].predict(X, **predict_params)
  File "c:\Users\indiz\miniconda3\envs\gan\lib\site-packages\sklearn\neighbors\_classification.py", line 234, in predict
    neigh_ind = self.kneighbors(X, return_distance=False)
  File "c:\Users\indiz\miniconda3\envs\gan\lib\site-packages\sklearn\neighbors\_base.py", line 824, in kneighbors
    results = ArgKmin.compute(
  File "c:\Users\indiz\miniconda3\envs\gan\lib\site-packages\sklearn\metrics\_pairwise_distances_reduction\_dispatcher.py", line 289, in compute
    return ArgKmin32.compute(
  File "sklearn\metrics\_pairwise_distances_reduction\_argkmin.pyx", line 584, in sklearn.metrics._pairwise_distances_reduction._argkmin.ArgKmin32.compute
  File "c:\Users\indiz\miniconda3\envs\gan\lib\site-packages\sklearn\utils\fixes.py", line 151, in threadpool_limits
    return threadpoolctl.threadpool_limits(limits=limits, user_api=user_api)
  File "c:\Users\indiz\miniconda3\envs\gan\lib\site-packages\threadpoolctl.py", line 171, in __init__
    self._original_info = self._set_threadpool_limits()
  File "c:\Users\indiz\miniconda3\envs\gan\lib\site-packages\threadpoolctl.py", line 268, in _set_threadpool_limits
    modules = _ThreadpoolInfo(prefixes=self._prefixes,
  File "c:\Users\indiz\miniconda3\envs\gan\lib\site-packages\threadpoolctl.py", line 340, in __init__
    self._load_modules()
  File "c:\Users\indiz\miniconda3\envs\gan\lib\site-packages\threadpoolctl.py", line 373, in _load_modules
    self._find_modules_with_enum_process_module_ex()
  File "c:\Users\indiz\miniconda3\envs\gan\lib\site-packages\threadpoolctl.py", line 485, in _find_modules_with_enum_process_module_ex
    self._make_module_from_path(filepath)
  File "c:\Users\indiz\miniconda3\envs\gan\lib\site-packages\threadpoolctl.py", line 515, in _make_module_from_path
    module = module_class(filepath, prefix, user_api, internal_api)
  File "c:\Users\indiz\miniconda3\envs\gan\lib\site-packages\threadpoolctl.py", line 606, in __init__
    self.version = self.get_version()
  File "c:\Users\indiz\miniconda3\envs\gan\lib\site-packages\threadpoolctl.py", line 646, in get_version
    config = get_config().split()
AttributeError: 'NoneType' object has no attribute 'split'

  warnings.warn(

2023-04-28 17:12:33,544:WARNING:c:\Users\indiz\miniconda3\envs\gan\lib\site-packages\sklearn\model_selection\_validation.py:776: UserWarning: Scoring failed. The score on this train-test partition for these parameters will be set to 0. Details: 
Traceback (most recent call last):
  File "c:\Users\indiz\miniconda3\envs\gan\lib\site-packages\sklearn\metrics\_scorer.py", line 75, in _cached_call
    return cache[method]
KeyError: 'predict'

During handling of the above exception, another exception occurred:

Traceback (most recent call last):
  File "c:\Users\indiz\miniconda3\envs\gan\lib\site-packages\sklearn\model_selection\_validation.py", line 767, in _score
    scores = scorer(estimator, X_test, y_test)
  File "c:\Users\indiz\miniconda3\envs\gan\lib\site-packages\sklearn\metrics\_scorer.py", line 107, in __call__
    score = scorer._score(cached_call, estimator, *args, **kwargs)
  File "c:\Users\indiz\miniconda3\envs\gan\lib\site-packages\sklearn\metrics\_scorer.py", line 262, in _score
    y_pred = method_caller(estimator, "predict", X)
  File "c:\Users\indiz\miniconda3\envs\gan\lib\site-packages\sklearn\metrics\_scorer.py", line 77, in _cached_call
    result = getattr(estimator, method)(*args, **kwargs)
  File "c:\Users\indiz\miniconda3\envs\gan\lib\site-packages\pycaret\internal\pipeline.py", line 312, in predict
    y = self.steps[-1][-1].predict(X, **predict_params)
  File "c:\Users\indiz\miniconda3\envs\gan\lib\site-packages\sklearn\neighbors\_classification.py", line 234, in predict
    neigh_ind = self.kneighbors(X, return_distance=False)
  File "c:\Users\indiz\miniconda3\envs\gan\lib\site-packages\sklearn\neighbors\_base.py", line 824, in kneighbors
    results = ArgKmin.compute(
  File "c:\Users\indiz\miniconda3\envs\gan\lib\site-packages\sklearn\metrics\_pairwise_distances_reduction\_dispatcher.py", line 289, in compute
    return ArgKmin32.compute(
  File "sklearn\metrics\_pairwise_distances_reduction\_argkmin.pyx", line 584, in sklearn.metrics._pairwise_distances_reduction._argkmin.ArgKmin32.compute
  File "c:\Users\indiz\miniconda3\envs\gan\lib\site-packages\sklearn\utils\fixes.py", line 151, in threadpool_limits
    return threadpoolctl.threadpool_limits(limits=limits, user_api=user_api)
  File "c:\Users\indiz\miniconda3\envs\gan\lib\site-packages\threadpoolctl.py", line 171, in __init__
    self._original_info = self._set_threadpool_limits()
  File "c:\Users\indiz\miniconda3\envs\gan\lib\site-packages\threadpoolctl.py", line 268, in _set_threadpool_limits
    modules = _ThreadpoolInfo(prefixes=self._prefixes,
  File "c:\Users\indiz\miniconda3\envs\gan\lib\site-packages\threadpoolctl.py", line 340, in __init__
    self._load_modules()
  File "c:\Users\indiz\miniconda3\envs\gan\lib\site-packages\threadpoolctl.py", line 373, in _load_modules
    self._find_modules_with_enum_process_module_ex()
  File "c:\Users\indiz\miniconda3\envs\gan\lib\site-packages\threadpoolctl.py", line 485, in _find_modules_with_enum_process_module_ex
    self._make_module_from_path(filepath)
  File "c:\Users\indiz\miniconda3\envs\gan\lib\site-packages\threadpoolctl.py", line 515, in _make_module_from_path
    module = module_class(filepath, prefix, user_api, internal_api)
  File "c:\Users\indiz\miniconda3\envs\gan\lib\site-packages\threadpoolctl.py", line 606, in __init__
    self.version = self.get_version()
  File "c:\Users\indiz\miniconda3\envs\gan\lib\site-packages\threadpoolctl.py", line 646, in get_version
    config = get_config().split()
AttributeError: 'NoneType' object has no attribute 'split'

  warnings.warn(

2023-04-28 17:12:34,983:WARNING:c:\Users\indiz\miniconda3\envs\gan\lib\site-packages\sklearn\model_selection\_validation.py:776: UserWarning: Scoring failed. The score on this train-test partition for these parameters will be set to 0. Details: 
Traceback (most recent call last):
  File "c:\Users\indiz\miniconda3\envs\gan\lib\site-packages\sklearn\metrics\_scorer.py", line 75, in _cached_call
    return cache[method]
KeyError: 'predict'

During handling of the above exception, another exception occurred:

Traceback (most recent call last):
  File "c:\Users\indiz\miniconda3\envs\gan\lib\site-packages\sklearn\model_selection\_validation.py", line 767, in _score
    scores = scorer(estimator, X_test, y_test)
  File "c:\Users\indiz\miniconda3\envs\gan\lib\site-packages\sklearn\metrics\_scorer.py", line 107, in __call__
    score = scorer._score(cached_call, estimator, *args, **kwargs)
  File "c:\Users\indiz\miniconda3\envs\gan\lib\site-packages\sklearn\metrics\_scorer.py", line 262, in _score
    y_pred = method_caller(estimator, "predict", X)
  File "c:\Users\indiz\miniconda3\envs\gan\lib\site-packages\sklearn\metrics\_scorer.py", line 77, in _cached_call
    result = getattr(estimator, method)(*args, **kwargs)
  File "c:\Users\indiz\miniconda3\envs\gan\lib\site-packages\pycaret\internal\pipeline.py", line 312, in predict
    y = self.steps[-1][-1].predict(X, **predict_params)
  File "c:\Users\indiz\miniconda3\envs\gan\lib\site-packages\sklearn\neighbors\_classification.py", line 234, in predict
    neigh_ind = self.kneighbors(X, return_distance=False)
  File "c:\Users\indiz\miniconda3\envs\gan\lib\site-packages\sklearn\neighbors\_base.py", line 824, in kneighbors
    results = ArgKmin.compute(
  File "c:\Users\indiz\miniconda3\envs\gan\lib\site-packages\sklearn\metrics\_pairwise_distances_reduction\_dispatcher.py", line 289, in compute
    return ArgKmin32.compute(
  File "sklearn\metrics\_pairwise_distances_reduction\_argkmin.pyx", line 584, in sklearn.metrics._pairwise_distances_reduction._argkmin.ArgKmin32.compute
  File "c:\Users\indiz\miniconda3\envs\gan\lib\site-packages\sklearn\utils\fixes.py", line 151, in threadpool_limits
    return threadpoolctl.threadpool_limits(limits=limits, user_api=user_api)
  File "c:\Users\indiz\miniconda3\envs\gan\lib\site-packages\threadpoolctl.py", line 171, in __init__
    self._original_info = self._set_threadpool_limits()
  File "c:\Users\indiz\miniconda3\envs\gan\lib\site-packages\threadpoolctl.py", line 268, in _set_threadpool_limits
    modules = _ThreadpoolInfo(prefixes=self._prefixes,
  File "c:\Users\indiz\miniconda3\envs\gan\lib\site-packages\threadpoolctl.py", line 340, in __init__
    self._load_modules()
  File "c:\Users\indiz\miniconda3\envs\gan\lib\site-packages\threadpoolctl.py", line 373, in _load_modules
    self._find_modules_with_enum_process_module_ex()
  File "c:\Users\indiz\miniconda3\envs\gan\lib\site-packages\threadpoolctl.py", line 485, in _find_modules_with_enum_process_module_ex
    self._make_module_from_path(filepath)
  File "c:\Users\indiz\miniconda3\envs\gan\lib\site-packages\threadpoolctl.py", line 515, in _make_module_from_path
    module = module_class(filepath, prefix, user_api, internal_api)
  File "c:\Users\indiz\miniconda3\envs\gan\lib\site-packages\threadpoolctl.py", line 606, in __init__
    self.version = self.get_version()
  File "c:\Users\indiz\miniconda3\envs\gan\lib\site-packages\threadpoolctl.py", line 646, in get_version
    config = get_config().split()
AttributeError: 'NoneType' object has no attribute 'split'

  warnings.warn(

2023-04-28 17:12:34,993:WARNING:c:\Users\indiz\miniconda3\envs\gan\lib\site-packages\sklearn\model_selection\_validation.py:776: UserWarning: Scoring failed. The score on this train-test partition for these parameters will be set to 0. Details: 
Traceback (most recent call last):
  File "c:\Users\indiz\miniconda3\envs\gan\lib\site-packages\sklearn\metrics\_scorer.py", line 75, in _cached_call
    return cache[method]
KeyError: 'predict'

During handling of the above exception, another exception occurred:

Traceback (most recent call last):
  File "c:\Users\indiz\miniconda3\envs\gan\lib\site-packages\sklearn\model_selection\_validation.py", line 767, in _score
    scores = scorer(estimator, X_test, y_test)
  File "c:\Users\indiz\miniconda3\envs\gan\lib\site-packages\sklearn\metrics\_scorer.py", line 107, in __call__
    score = scorer._score(cached_call, estimator, *args, **kwargs)
  File "c:\Users\indiz\miniconda3\envs\gan\lib\site-packages\sklearn\metrics\_scorer.py", line 262, in _score
    y_pred = method_caller(estimator, "predict", X)
  File "c:\Users\indiz\miniconda3\envs\gan\lib\site-packages\sklearn\metrics\_scorer.py", line 77, in _cached_call
    result = getattr(estimator, method)(*args, **kwargs)
  File "c:\Users\indiz\miniconda3\envs\gan\lib\site-packages\pycaret\internal\pipeline.py", line 312, in predict
    y = self.steps[-1][-1].predict(X, **predict_params)
  File "c:\Users\indiz\miniconda3\envs\gan\lib\site-packages\sklearn\neighbors\_classification.py", line 234, in predict
    neigh_ind = self.kneighbors(X, return_distance=False)
  File "c:\Users\indiz\miniconda3\envs\gan\lib\site-packages\sklearn\neighbors\_base.py", line 824, in kneighbors
    results = ArgKmin.compute(
  File "c:\Users\indiz\miniconda3\envs\gan\lib\site-packages\sklearn\metrics\_pairwise_distances_reduction\_dispatcher.py", line 289, in compute
    return ArgKmin32.compute(
  File "sklearn\metrics\_pairwise_distances_reduction\_argkmin.pyx", line 584, in sklearn.metrics._pairwise_distances_reduction._argkmin.ArgKmin32.compute
  File "c:\Users\indiz\miniconda3\envs\gan\lib\site-packages\sklearn\utils\fixes.py", line 151, in threadpool_limits
    return threadpoolctl.threadpool_limits(limits=limits, user_api=user_api)
  File "c:\Users\indiz\miniconda3\envs\gan\lib\site-packages\threadpoolctl.py", line 171, in __init__
    self._original_info = self._set_threadpool_limits()
  File "c:\Users\indiz\miniconda3\envs\gan\lib\site-packages\threadpoolctl.py", line 268, in _set_threadpool_limits
    modules = _ThreadpoolInfo(prefixes=self._prefixes,
  File "c:\Users\indiz\miniconda3\envs\gan\lib\site-packages\threadpoolctl.py", line 340, in __init__
    self._load_modules()
  File "c:\Users\indiz\miniconda3\envs\gan\lib\site-packages\threadpoolctl.py", line 373, in _load_modules
    self._find_modules_with_enum_process_module_ex()
  File "c:\Users\indiz\miniconda3\envs\gan\lib\site-packages\threadpoolctl.py", line 485, in _find_modules_with_enum_process_module_ex
    self._make_module_from_path(filepath)
  File "c:\Users\indiz\miniconda3\envs\gan\lib\site-packages\threadpoolctl.py", line 515, in _make_module_from_path
    module = module_class(filepath, prefix, user_api, internal_api)
  File "c:\Users\indiz\miniconda3\envs\gan\lib\site-packages\threadpoolctl.py", line 606, in __init__
    self.version = self.get_version()
  File "c:\Users\indiz\miniconda3\envs\gan\lib\site-packages\threadpoolctl.py", line 646, in get_version
    config = get_config().split()
AttributeError: 'NoneType' object has no attribute 'split'

  warnings.warn(

2023-04-28 17:12:35,136:INFO:Calculating mean and std
2023-04-28 17:12:35,137:INFO:Creating metrics dataframe
2023-04-28 17:12:35,181:INFO:Uploading results into container
2023-04-28 17:12:35,182:INFO:Uploading model into container now
2023-04-28 17:12:35,182:INFO:_master_model_container: 2
2023-04-28 17:12:35,182:INFO:_display_container: 2
2023-04-28 17:12:35,182:INFO:KNeighborsClassifier(algorithm='auto', leaf_size=30, metric='minkowski',
                     metric_params=None, n_jobs=-1, n_neighbors=5, p=2,
                     weights='uniform')
2023-04-28 17:12:35,183:INFO:create_model() successfully completed......................................
2023-04-28 17:12:35,323:WARNING:create_model() for KNeighborsClassifier(algorithm='auto', leaf_size=30, metric='minkowski',
                     metric_params=None, n_jobs=-1, n_neighbors=5, p=2,
                     weights='uniform') raised an exception or returned all 0.0, trying without fit_kwargs:
2023-04-28 17:12:35,324:WARNING:Traceback (most recent call last):
  File "c:\Users\indiz\miniconda3\envs\gan\lib\site-packages\pycaret\internal\pycaret_experiment\supervised_experiment.py", line 796, in compare_models
    assert (
AssertionError

2023-04-28 17:12:35,324:INFO:Initializing create_model()
2023-04-28 17:12:35,324:INFO:create_model(self=<pycaret.classification.oop.ClassificationExperiment object at 0x000001DE5BD93A00>, estimator=knn, fold=StratifiedKFold(n_splits=10, random_state=None, shuffle=False), round=4, cross_validation=True, predict=True, fit_kwargs={}, groups=None, refit=False, probability_threshold=None, experiment_custom_tags=None, verbose=False, system=False, add_to_model_list=True, metrics=None, display=<pycaret.internal.display.display.CommonDisplay object at 0x000001DE5BD93B20>, model_only=True, return_train_score=False, kwargs={})
2023-04-28 17:12:35,324:INFO:Checking exceptions
2023-04-28 17:12:35,324:INFO:Importing libraries
2023-04-28 17:12:35,324:INFO:Copying training dataset
2023-04-28 17:12:35,347:INFO:Defining folds
2023-04-28 17:12:35,347:INFO:Declaring metric variables
2023-04-28 17:12:35,350:INFO:Importing untrained model
2023-04-28 17:12:35,353:INFO:K Neighbors Classifier Imported successfully
2023-04-28 17:12:35,358:INFO:Starting cross validation
2023-04-28 17:12:35,358:INFO:Cross validating with StratifiedKFold(n_splits=10, random_state=None, shuffle=False), n_jobs=-1
2023-04-28 17:12:35,476:WARNING:c:\Users\indiz\miniconda3\envs\gan\lib\site-packages\sklearn\model_selection\_validation.py:776: UserWarning: Scoring failed. The score on this train-test partition for these parameters will be set to 0. Details: 
Traceback (most recent call last):
  File "c:\Users\indiz\miniconda3\envs\gan\lib\site-packages\sklearn\metrics\_scorer.py", line 75, in _cached_call
    return cache[method]
KeyError: 'predict'

During handling of the above exception, another exception occurred:

Traceback (most recent call last):
  File "c:\Users\indiz\miniconda3\envs\gan\lib\site-packages\sklearn\model_selection\_validation.py", line 767, in _score
    scores = scorer(estimator, X_test, y_test)
  File "c:\Users\indiz\miniconda3\envs\gan\lib\site-packages\sklearn\metrics\_scorer.py", line 107, in __call__
    score = scorer._score(cached_call, estimator, *args, **kwargs)
  File "c:\Users\indiz\miniconda3\envs\gan\lib\site-packages\sklearn\metrics\_scorer.py", line 262, in _score
    y_pred = method_caller(estimator, "predict", X)
  File "c:\Users\indiz\miniconda3\envs\gan\lib\site-packages\sklearn\metrics\_scorer.py", line 77, in _cached_call
    result = getattr(estimator, method)(*args, **kwargs)
  File "c:\Users\indiz\miniconda3\envs\gan\lib\site-packages\pycaret\internal\pipeline.py", line 312, in predict
    y = self.steps[-1][-1].predict(X, **predict_params)
  File "c:\Users\indiz\miniconda3\envs\gan\lib\site-packages\sklearn\neighbors\_classification.py", line 234, in predict
    neigh_ind = self.kneighbors(X, return_distance=False)
  File "c:\Users\indiz\miniconda3\envs\gan\lib\site-packages\sklearn\neighbors\_base.py", line 824, in kneighbors
    results = ArgKmin.compute(
  File "c:\Users\indiz\miniconda3\envs\gan\lib\site-packages\sklearn\metrics\_pairwise_distances_reduction\_dispatcher.py", line 289, in compute
    return ArgKmin32.compute(
  File "sklearn\metrics\_pairwise_distances_reduction\_argkmin.pyx", line 584, in sklearn.metrics._pairwise_distances_reduction._argkmin.ArgKmin32.compute
  File "c:\Users\indiz\miniconda3\envs\gan\lib\site-packages\sklearn\utils\fixes.py", line 151, in threadpool_limits
    return threadpoolctl.threadpool_limits(limits=limits, user_api=user_api)
  File "c:\Users\indiz\miniconda3\envs\gan\lib\site-packages\threadpoolctl.py", line 171, in __init__
    self._original_info = self._set_threadpool_limits()
  File "c:\Users\indiz\miniconda3\envs\gan\lib\site-packages\threadpoolctl.py", line 268, in _set_threadpool_limits
    modules = _ThreadpoolInfo(prefixes=self._prefixes,
  File "c:\Users\indiz\miniconda3\envs\gan\lib\site-packages\threadpoolctl.py", line 340, in __init__
    self._load_modules()
  File "c:\Users\indiz\miniconda3\envs\gan\lib\site-packages\threadpoolctl.py", line 373, in _load_modules
    self._find_modules_with_enum_process_module_ex()
  File "c:\Users\indiz\miniconda3\envs\gan\lib\site-packages\threadpoolctl.py", line 485, in _find_modules_with_enum_process_module_ex
    self._make_module_from_path(filepath)
  File "c:\Users\indiz\miniconda3\envs\gan\lib\site-packages\threadpoolctl.py", line 515, in _make_module_from_path
    module = module_class(filepath, prefix, user_api, internal_api)
  File "c:\Users\indiz\miniconda3\envs\gan\lib\site-packages\threadpoolctl.py", line 606, in __init__
    self.version = self.get_version()
  File "c:\Users\indiz\miniconda3\envs\gan\lib\site-packages\threadpoolctl.py", line 646, in get_version
    config = get_config().split()
AttributeError: 'NoneType' object has no attribute 'split'

  warnings.warn(

2023-04-28 17:12:35,506:WARNING:c:\Users\indiz\miniconda3\envs\gan\lib\site-packages\sklearn\model_selection\_validation.py:776: UserWarning: Scoring failed. The score on this train-test partition for these parameters will be set to 0. Details: 
Traceback (most recent call last):
  File "c:\Users\indiz\miniconda3\envs\gan\lib\site-packages\sklearn\metrics\_scorer.py", line 75, in _cached_call
    return cache[method]
KeyError: 'predict'

During handling of the above exception, another exception occurred:

Traceback (most recent call last):
  File "c:\Users\indiz\miniconda3\envs\gan\lib\site-packages\sklearn\model_selection\_validation.py", line 767, in _score
    scores = scorer(estimator, X_test, y_test)
  File "c:\Users\indiz\miniconda3\envs\gan\lib\site-packages\sklearn\metrics\_scorer.py", line 107, in __call__
    score = scorer._score(cached_call, estimator, *args, **kwargs)
  File "c:\Users\indiz\miniconda3\envs\gan\lib\site-packages\sklearn\metrics\_scorer.py", line 262, in _score
    y_pred = method_caller(estimator, "predict", X)
  File "c:\Users\indiz\miniconda3\envs\gan\lib\site-packages\sklearn\metrics\_scorer.py", line 77, in _cached_call
    result = getattr(estimator, method)(*args, **kwargs)
  File "c:\Users\indiz\miniconda3\envs\gan\lib\site-packages\pycaret\internal\pipeline.py", line 312, in predict
    y = self.steps[-1][-1].predict(X, **predict_params)
  File "c:\Users\indiz\miniconda3\envs\gan\lib\site-packages\sklearn\neighbors\_classification.py", line 234, in predict
    neigh_ind = self.kneighbors(X, return_distance=False)
  File "c:\Users\indiz\miniconda3\envs\gan\lib\site-packages\sklearn\neighbors\_base.py", line 824, in kneighbors
    results = ArgKmin.compute(
  File "c:\Users\indiz\miniconda3\envs\gan\lib\site-packages\sklearn\metrics\_pairwise_distances_reduction\_dispatcher.py", line 289, in compute
    return ArgKmin32.compute(
  File "sklearn\metrics\_pairwise_distances_reduction\_argkmin.pyx", line 584, in sklearn.metrics._pairwise_distances_reduction._argkmin.ArgKmin32.compute
  File "c:\Users\indiz\miniconda3\envs\gan\lib\site-packages\sklearn\utils\fixes.py", line 151, in threadpool_limits
    return threadpoolctl.threadpool_limits(limits=limits, user_api=user_api)
  File "c:\Users\indiz\miniconda3\envs\gan\lib\site-packages\threadpoolctl.py", line 171, in __init__
    self._original_info = self._set_threadpool_limits()
  File "c:\Users\indiz\miniconda3\envs\gan\lib\site-packages\threadpoolctl.py", line 268, in _set_threadpool_limits
    modules = _ThreadpoolInfo(prefixes=self._prefixes,
  File "c:\Users\indiz\miniconda3\envs\gan\lib\site-packages\threadpoolctl.py", line 340, in __init__
    self._load_modules()
  File "c:\Users\indiz\miniconda3\envs\gan\lib\site-packages\threadpoolctl.py", line 373, in _load_modules
    self._find_modules_with_enum_process_module_ex()
  File "c:\Users\indiz\miniconda3\envs\gan\lib\site-packages\threadpoolctl.py", line 485, in _find_modules_with_enum_process_module_ex
    self._make_module_from_path(filepath)
  File "c:\Users\indiz\miniconda3\envs\gan\lib\site-packages\threadpoolctl.py", line 515, in _make_module_from_path
    module = module_class(filepath, prefix, user_api, internal_api)
  File "c:\Users\indiz\miniconda3\envs\gan\lib\site-packages\threadpoolctl.py", line 606, in __init__
    self.version = self.get_version()
  File "c:\Users\indiz\miniconda3\envs\gan\lib\site-packages\threadpoolctl.py", line 646, in get_version
    config = get_config().split()
AttributeError: 'NoneType' object has no attribute 'split'

  warnings.warn(

2023-04-28 17:12:35,516:WARNING:c:\Users\indiz\miniconda3\envs\gan\lib\site-packages\sklearn\model_selection\_validation.py:776: UserWarning: Scoring failed. The score on this train-test partition for these parameters will be set to 0. Details: 
Traceback (most recent call last):
  File "c:\Users\indiz\miniconda3\envs\gan\lib\site-packages\sklearn\metrics\_scorer.py", line 75, in _cached_call
    return cache[method]
KeyError: 'predict'

During handling of the above exception, another exception occurred:

Traceback (most recent call last):
  File "c:\Users\indiz\miniconda3\envs\gan\lib\site-packages\sklearn\model_selection\_validation.py", line 767, in _score
    scores = scorer(estimator, X_test, y_test)
  File "c:\Users\indiz\miniconda3\envs\gan\lib\site-packages\sklearn\metrics\_scorer.py", line 107, in __call__
    score = scorer._score(cached_call, estimator, *args, **kwargs)
  File "c:\Users\indiz\miniconda3\envs\gan\lib\site-packages\sklearn\metrics\_scorer.py", line 262, in _score
    y_pred = method_caller(estimator, "predict", X)
  File "c:\Users\indiz\miniconda3\envs\gan\lib\site-packages\sklearn\metrics\_scorer.py", line 77, in _cached_call
    result = getattr(estimator, method)(*args, **kwargs)
  File "c:\Users\indiz\miniconda3\envs\gan\lib\site-packages\pycaret\internal\pipeline.py", line 312, in predict
    y = self.steps[-1][-1].predict(X, **predict_params)
  File "c:\Users\indiz\miniconda3\envs\gan\lib\site-packages\sklearn\neighbors\_classification.py", line 234, in predict
    neigh_ind = self.kneighbors(X, return_distance=False)
  File "c:\Users\indiz\miniconda3\envs\gan\lib\site-packages\sklearn\neighbors\_base.py", line 824, in kneighbors
    results = ArgKmin.compute(
  File "c:\Users\indiz\miniconda3\envs\gan\lib\site-packages\sklearn\metrics\_pairwise_distances_reduction\_dispatcher.py", line 289, in compute
    return ArgKmin32.compute(
  File "sklearn\metrics\_pairwise_distances_reduction\_argkmin.pyx", line 584, in sklearn.metrics._pairwise_distances_reduction._argkmin.ArgKmin32.compute
  File "c:\Users\indiz\miniconda3\envs\gan\lib\site-packages\sklearn\utils\fixes.py", line 151, in threadpool_limits
    return threadpoolctl.threadpool_limits(limits=limits, user_api=user_api)
  File "c:\Users\indiz\miniconda3\envs\gan\lib\site-packages\threadpoolctl.py", line 171, in __init__
    self._original_info = self._set_threadpool_limits()
  File "c:\Users\indiz\miniconda3\envs\gan\lib\site-packages\threadpoolctl.py", line 268, in _set_threadpool_limits
    modules = _ThreadpoolInfo(prefixes=self._prefixes,
  File "c:\Users\indiz\miniconda3\envs\gan\lib\site-packages\threadpoolctl.py", line 340, in __init__
    self._load_modules()
  File "c:\Users\indiz\miniconda3\envs\gan\lib\site-packages\threadpoolctl.py", line 373, in _load_modules
    self._find_modules_with_enum_process_module_ex()
  File "c:\Users\indiz\miniconda3\envs\gan\lib\site-packages\threadpoolctl.py", line 485, in _find_modules_with_enum_process_module_ex
    self._make_module_from_path(filepath)
  File "c:\Users\indiz\miniconda3\envs\gan\lib\site-packages\threadpoolctl.py", line 515, in _make_module_from_path
    module = module_class(filepath, prefix, user_api, internal_api)
  File "c:\Users\indiz\miniconda3\envs\gan\lib\site-packages\threadpoolctl.py", line 606, in __init__
    self.version = self.get_version()
  File "c:\Users\indiz\miniconda3\envs\gan\lib\site-packages\threadpoolctl.py", line 646, in get_version
    config = get_config().split()
AttributeError: 'NoneType' object has no attribute 'split'

  warnings.warn(

2023-04-28 17:12:35,516:WARNING:c:\Users\indiz\miniconda3\envs\gan\lib\site-packages\sklearn\model_selection\_validation.py:776: UserWarning: Scoring failed. The score on this train-test partition for these parameters will be set to 0. Details: 
Traceback (most recent call last):
  File "c:\Users\indiz\miniconda3\envs\gan\lib\site-packages\sklearn\metrics\_scorer.py", line 75, in _cached_call
    return cache[method]
KeyError: 'predict'

During handling of the above exception, another exception occurred:

Traceback (most recent call last):
  File "c:\Users\indiz\miniconda3\envs\gan\lib\site-packages\sklearn\model_selection\_validation.py", line 767, in _score
    scores = scorer(estimator, X_test, y_test)
  File "c:\Users\indiz\miniconda3\envs\gan\lib\site-packages\sklearn\metrics\_scorer.py", line 107, in __call__
    score = scorer._score(cached_call, estimator, *args, **kwargs)
  File "c:\Users\indiz\miniconda3\envs\gan\lib\site-packages\sklearn\metrics\_scorer.py", line 262, in _score
    y_pred = method_caller(estimator, "predict", X)
  File "c:\Users\indiz\miniconda3\envs\gan\lib\site-packages\sklearn\metrics\_scorer.py", line 77, in _cached_call
    result = getattr(estimator, method)(*args, **kwargs)
  File "c:\Users\indiz\miniconda3\envs\gan\lib\site-packages\pycaret\internal\pipeline.py", line 312, in predict
    y = self.steps[-1][-1].predict(X, **predict_params)
  File "c:\Users\indiz\miniconda3\envs\gan\lib\site-packages\sklearn\neighbors\_classification.py", line 234, in predict
    neigh_ind = self.kneighbors(X, return_distance=False)
  File "c:\Users\indiz\miniconda3\envs\gan\lib\site-packages\sklearn\neighbors\_base.py", line 824, in kneighbors
    results = ArgKmin.compute(
  File "c:\Users\indiz\miniconda3\envs\gan\lib\site-packages\sklearn\metrics\_pairwise_distances_reduction\_dispatcher.py", line 289, in compute
    return ArgKmin32.compute(
  File "sklearn\metrics\_pairwise_distances_reduction\_argkmin.pyx", line 584, in sklearn.metrics._pairwise_distances_reduction._argkmin.ArgKmin32.compute
  File "c:\Users\indiz\miniconda3\envs\gan\lib\site-packages\sklearn\utils\fixes.py", line 151, in threadpool_limits
    return threadpoolctl.threadpool_limits(limits=limits, user_api=user_api)
  File "c:\Users\indiz\miniconda3\envs\gan\lib\site-packages\threadpoolctl.py", line 171, in __init__
    self._original_info = self._set_threadpool_limits()
  File "c:\Users\indiz\miniconda3\envs\gan\lib\site-packages\threadpoolctl.py", line 268, in _set_threadpool_limits
    modules = _ThreadpoolInfo(prefixes=self._prefixes,
  File "c:\Users\indiz\miniconda3\envs\gan\lib\site-packages\threadpoolctl.py", line 340, in __init__
    self._load_modules()
  File "c:\Users\indiz\miniconda3\envs\gan\lib\site-packages\threadpoolctl.py", line 373, in _load_modules
    self._find_modules_with_enum_process_module_ex()
  File "c:\Users\indiz\miniconda3\envs\gan\lib\site-packages\threadpoolctl.py", line 485, in _find_modules_with_enum_process_module_ex
    self._make_module_from_path(filepath)
  File "c:\Users\indiz\miniconda3\envs\gan\lib\site-packages\threadpoolctl.py", line 515, in _make_module_from_path
    module = module_class(filepath, prefix, user_api, internal_api)
  File "c:\Users\indiz\miniconda3\envs\gan\lib\site-packages\threadpoolctl.py", line 606, in __init__
    self.version = self.get_version()
  File "c:\Users\indiz\miniconda3\envs\gan\lib\site-packages\threadpoolctl.py", line 646, in get_version
    config = get_config().split()
AttributeError: 'NoneType' object has no attribute 'split'

  warnings.warn(

2023-04-28 17:12:35,543:WARNING:c:\Users\indiz\miniconda3\envs\gan\lib\site-packages\sklearn\model_selection\_validation.py:776: UserWarning: Scoring failed. The score on this train-test partition for these parameters will be set to 0. Details: 
Traceback (most recent call last):
  File "c:\Users\indiz\miniconda3\envs\gan\lib\site-packages\sklearn\metrics\_scorer.py", line 75, in _cached_call
    return cache[method]
KeyError: 'predict'

During handling of the above exception, another exception occurred:

Traceback (most recent call last):
  File "c:\Users\indiz\miniconda3\envs\gan\lib\site-packages\sklearn\model_selection\_validation.py", line 767, in _score
    scores = scorer(estimator, X_test, y_test)
  File "c:\Users\indiz\miniconda3\envs\gan\lib\site-packages\sklearn\metrics\_scorer.py", line 107, in __call__
    score = scorer._score(cached_call, estimator, *args, **kwargs)
  File "c:\Users\indiz\miniconda3\envs\gan\lib\site-packages\sklearn\metrics\_scorer.py", line 262, in _score
    y_pred = method_caller(estimator, "predict", X)
  File "c:\Users\indiz\miniconda3\envs\gan\lib\site-packages\sklearn\metrics\_scorer.py", line 77, in _cached_call
    result = getattr(estimator, method)(*args, **kwargs)
  File "c:\Users\indiz\miniconda3\envs\gan\lib\site-packages\pycaret\internal\pipeline.py", line 312, in predict
    y = self.steps[-1][-1].predict(X, **predict_params)
  File "c:\Users\indiz\miniconda3\envs\gan\lib\site-packages\sklearn\neighbors\_classification.py", line 234, in predict
    neigh_ind = self.kneighbors(X, return_distance=False)
  File "c:\Users\indiz\miniconda3\envs\gan\lib\site-packages\sklearn\neighbors\_base.py", line 824, in kneighbors
    results = ArgKmin.compute(
  File "c:\Users\indiz\miniconda3\envs\gan\lib\site-packages\sklearn\metrics\_pairwise_distances_reduction\_dispatcher.py", line 289, in compute
    return ArgKmin32.compute(
  File "sklearn\metrics\_pairwise_distances_reduction\_argkmin.pyx", line 584, in sklearn.metrics._pairwise_distances_reduction._argkmin.ArgKmin32.compute
  File "c:\Users\indiz\miniconda3\envs\gan\lib\site-packages\sklearn\utils\fixes.py", line 151, in threadpool_limits
    return threadpoolctl.threadpool_limits(limits=limits, user_api=user_api)
  File "c:\Users\indiz\miniconda3\envs\gan\lib\site-packages\threadpoolctl.py", line 171, in __init__
    self._original_info = self._set_threadpool_limits()
  File "c:\Users\indiz\miniconda3\envs\gan\lib\site-packages\threadpoolctl.py", line 268, in _set_threadpool_limits
    modules = _ThreadpoolInfo(prefixes=self._prefixes,
  File "c:\Users\indiz\miniconda3\envs\gan\lib\site-packages\threadpoolctl.py", line 340, in __init__
    self._load_modules()
  File "c:\Users\indiz\miniconda3\envs\gan\lib\site-packages\threadpoolctl.py", line 373, in _load_modules
    self._find_modules_with_enum_process_module_ex()
  File "c:\Users\indiz\miniconda3\envs\gan\lib\site-packages\threadpoolctl.py", line 485, in _find_modules_with_enum_process_module_ex
    self._make_module_from_path(filepath)
  File "c:\Users\indiz\miniconda3\envs\gan\lib\site-packages\threadpoolctl.py", line 515, in _make_module_from_path
    module = module_class(filepath, prefix, user_api, internal_api)
  File "c:\Users\indiz\miniconda3\envs\gan\lib\site-packages\threadpoolctl.py", line 606, in __init__
    self.version = self.get_version()
  File "c:\Users\indiz\miniconda3\envs\gan\lib\site-packages\threadpoolctl.py", line 646, in get_version
    config = get_config().split()
AttributeError: 'NoneType' object has no attribute 'split'

  warnings.warn(

2023-04-28 17:12:35,562:WARNING:c:\Users\indiz\miniconda3\envs\gan\lib\site-packages\sklearn\model_selection\_validation.py:776: UserWarning: Scoring failed. The score on this train-test partition for these parameters will be set to 0. Details: 
Traceback (most recent call last):
  File "c:\Users\indiz\miniconda3\envs\gan\lib\site-packages\sklearn\metrics\_scorer.py", line 75, in _cached_call
    return cache[method]
KeyError: 'predict'

During handling of the above exception, another exception occurred:

Traceback (most recent call last):
  File "c:\Users\indiz\miniconda3\envs\gan\lib\site-packages\sklearn\model_selection\_validation.py", line 767, in _score
    scores = scorer(estimator, X_test, y_test)
  File "c:\Users\indiz\miniconda3\envs\gan\lib\site-packages\sklearn\metrics\_scorer.py", line 107, in __call__
    score = scorer._score(cached_call, estimator, *args, **kwargs)
  File "c:\Users\indiz\miniconda3\envs\gan\lib\site-packages\sklearn\metrics\_scorer.py", line 262, in _score
    y_pred = method_caller(estimator, "predict", X)
  File "c:\Users\indiz\miniconda3\envs\gan\lib\site-packages\sklearn\metrics\_scorer.py", line 77, in _cached_call
    result = getattr(estimator, method)(*args, **kwargs)
  File "c:\Users\indiz\miniconda3\envs\gan\lib\site-packages\pycaret\internal\pipeline.py", line 312, in predict
    y = self.steps[-1][-1].predict(X, **predict_params)
  File "c:\Users\indiz\miniconda3\envs\gan\lib\site-packages\sklearn\neighbors\_classification.py", line 234, in predict
    neigh_ind = self.kneighbors(X, return_distance=False)
  File "c:\Users\indiz\miniconda3\envs\gan\lib\site-packages\sklearn\neighbors\_base.py", line 824, in kneighbors
    results = ArgKmin.compute(
  File "c:\Users\indiz\miniconda3\envs\gan\lib\site-packages\sklearn\metrics\_pairwise_distances_reduction\_dispatcher.py", line 289, in compute
    return ArgKmin32.compute(
  File "sklearn\metrics\_pairwise_distances_reduction\_argkmin.pyx", line 584, in sklearn.metrics._pairwise_distances_reduction._argkmin.ArgKmin32.compute
  File "c:\Users\indiz\miniconda3\envs\gan\lib\site-packages\sklearn\utils\fixes.py", line 151, in threadpool_limits
    return threadpoolctl.threadpool_limits(limits=limits, user_api=user_api)
  File "c:\Users\indiz\miniconda3\envs\gan\lib\site-packages\threadpoolctl.py", line 171, in __init__
    self._original_info = self._set_threadpool_limits()
  File "c:\Users\indiz\miniconda3\envs\gan\lib\site-packages\threadpoolctl.py", line 268, in _set_threadpool_limits
    modules = _ThreadpoolInfo(prefixes=self._prefixes,
  File "c:\Users\indiz\miniconda3\envs\gan\lib\site-packages\threadpoolctl.py", line 340, in __init__
    self._load_modules()
  File "c:\Users\indiz\miniconda3\envs\gan\lib\site-packages\threadpoolctl.py", line 373, in _load_modules
    self._find_modules_with_enum_process_module_ex()
  File "c:\Users\indiz\miniconda3\envs\gan\lib\site-packages\threadpoolctl.py", line 485, in _find_modules_with_enum_process_module_ex
    self._make_module_from_path(filepath)
  File "c:\Users\indiz\miniconda3\envs\gan\lib\site-packages\threadpoolctl.py", line 515, in _make_module_from_path
    module = module_class(filepath, prefix, user_api, internal_api)
  File "c:\Users\indiz\miniconda3\envs\gan\lib\site-packages\threadpoolctl.py", line 606, in __init__
    self.version = self.get_version()
  File "c:\Users\indiz\miniconda3\envs\gan\lib\site-packages\threadpoolctl.py", line 646, in get_version
    config = get_config().split()
AttributeError: 'NoneType' object has no attribute 'split'

  warnings.warn(

2023-04-28 17:12:35,570:WARNING:c:\Users\indiz\miniconda3\envs\gan\lib\site-packages\sklearn\model_selection\_validation.py:776: UserWarning: Scoring failed. The score on this train-test partition for these parameters will be set to 0. Details: 
Traceback (most recent call last):
  File "c:\Users\indiz\miniconda3\envs\gan\lib\site-packages\sklearn\metrics\_scorer.py", line 75, in _cached_call
    return cache[method]
KeyError: 'predict'

During handling of the above exception, another exception occurred:

Traceback (most recent call last):
  File "c:\Users\indiz\miniconda3\envs\gan\lib\site-packages\sklearn\model_selection\_validation.py", line 767, in _score
    scores = scorer(estimator, X_test, y_test)
  File "c:\Users\indiz\miniconda3\envs\gan\lib\site-packages\sklearn\metrics\_scorer.py", line 107, in __call__
    score = scorer._score(cached_call, estimator, *args, **kwargs)
  File "c:\Users\indiz\miniconda3\envs\gan\lib\site-packages\sklearn\metrics\_scorer.py", line 262, in _score
    y_pred = method_caller(estimator, "predict", X)
  File "c:\Users\indiz\miniconda3\envs\gan\lib\site-packages\sklearn\metrics\_scorer.py", line 77, in _cached_call
    result = getattr(estimator, method)(*args, **kwargs)
  File "c:\Users\indiz\miniconda3\envs\gan\lib\site-packages\pycaret\internal\pipeline.py", line 312, in predict
    y = self.steps[-1][-1].predict(X, **predict_params)
  File "c:\Users\indiz\miniconda3\envs\gan\lib\site-packages\sklearn\neighbors\_classification.py", line 234, in predict
    neigh_ind = self.kneighbors(X, return_distance=False)
  File "c:\Users\indiz\miniconda3\envs\gan\lib\site-packages\sklearn\neighbors\_base.py", line 824, in kneighbors
    results = ArgKmin.compute(
  File "c:\Users\indiz\miniconda3\envs\gan\lib\site-packages\sklearn\metrics\_pairwise_distances_reduction\_dispatcher.py", line 289, in compute
    return ArgKmin32.compute(
  File "sklearn\metrics\_pairwise_distances_reduction\_argkmin.pyx", line 584, in sklearn.metrics._pairwise_distances_reduction._argkmin.ArgKmin32.compute
  File "c:\Users\indiz\miniconda3\envs\gan\lib\site-packages\sklearn\utils\fixes.py", line 151, in threadpool_limits
    return threadpoolctl.threadpool_limits(limits=limits, user_api=user_api)
  File "c:\Users\indiz\miniconda3\envs\gan\lib\site-packages\threadpoolctl.py", line 171, in __init__
    self._original_info = self._set_threadpool_limits()
  File "c:\Users\indiz\miniconda3\envs\gan\lib\site-packages\threadpoolctl.py", line 268, in _set_threadpool_limits
    modules = _ThreadpoolInfo(prefixes=self._prefixes,
  File "c:\Users\indiz\miniconda3\envs\gan\lib\site-packages\threadpoolctl.py", line 340, in __init__
    self._load_modules()
  File "c:\Users\indiz\miniconda3\envs\gan\lib\site-packages\threadpoolctl.py", line 373, in _load_modules
    self._find_modules_with_enum_process_module_ex()
  File "c:\Users\indiz\miniconda3\envs\gan\lib\site-packages\threadpoolctl.py", line 485, in _find_modules_with_enum_process_module_ex
    self._make_module_from_path(filepath)
  File "c:\Users\indiz\miniconda3\envs\gan\lib\site-packages\threadpoolctl.py", line 515, in _make_module_from_path
    module = module_class(filepath, prefix, user_api, internal_api)
  File "c:\Users\indiz\miniconda3\envs\gan\lib\site-packages\threadpoolctl.py", line 606, in __init__
    self.version = self.get_version()
  File "c:\Users\indiz\miniconda3\envs\gan\lib\site-packages\threadpoolctl.py", line 646, in get_version
    config = get_config().split()
AttributeError: 'NoneType' object has no attribute 'split'

  warnings.warn(

2023-04-28 17:12:35,575:WARNING:c:\Users\indiz\miniconda3\envs\gan\lib\site-packages\sklearn\model_selection\_validation.py:776: UserWarning: Scoring failed. The score on this train-test partition for these parameters will be set to 0. Details: 
Traceback (most recent call last):
  File "c:\Users\indiz\miniconda3\envs\gan\lib\site-packages\sklearn\metrics\_scorer.py", line 75, in _cached_call
    return cache[method]
KeyError: 'predict'

During handling of the above exception, another exception occurred:

Traceback (most recent call last):
  File "c:\Users\indiz\miniconda3\envs\gan\lib\site-packages\sklearn\model_selection\_validation.py", line 767, in _score
    scores = scorer(estimator, X_test, y_test)
  File "c:\Users\indiz\miniconda3\envs\gan\lib\site-packages\sklearn\metrics\_scorer.py", line 107, in __call__
    score = scorer._score(cached_call, estimator, *args, **kwargs)
  File "c:\Users\indiz\miniconda3\envs\gan\lib\site-packages\sklearn\metrics\_scorer.py", line 262, in _score
    y_pred = method_caller(estimator, "predict", X)
  File "c:\Users\indiz\miniconda3\envs\gan\lib\site-packages\sklearn\metrics\_scorer.py", line 77, in _cached_call
    result = getattr(estimator, method)(*args, **kwargs)
  File "c:\Users\indiz\miniconda3\envs\gan\lib\site-packages\pycaret\internal\pipeline.py", line 312, in predict
    y = self.steps[-1][-1].predict(X, **predict_params)
  File "c:\Users\indiz\miniconda3\envs\gan\lib\site-packages\sklearn\neighbors\_classification.py", line 234, in predict
    neigh_ind = self.kneighbors(X, return_distance=False)
  File "c:\Users\indiz\miniconda3\envs\gan\lib\site-packages\sklearn\neighbors\_base.py", line 824, in kneighbors
    results = ArgKmin.compute(
  File "c:\Users\indiz\miniconda3\envs\gan\lib\site-packages\sklearn\metrics\_pairwise_distances_reduction\_dispatcher.py", line 289, in compute
    return ArgKmin32.compute(
  File "sklearn\metrics\_pairwise_distances_reduction\_argkmin.pyx", line 584, in sklearn.metrics._pairwise_distances_reduction._argkmin.ArgKmin32.compute
  File "c:\Users\indiz\miniconda3\envs\gan\lib\site-packages\sklearn\utils\fixes.py", line 151, in threadpool_limits
    return threadpoolctl.threadpool_limits(limits=limits, user_api=user_api)
  File "c:\Users\indiz\miniconda3\envs\gan\lib\site-packages\threadpoolctl.py", line 171, in __init__
    self._original_info = self._set_threadpool_limits()
  File "c:\Users\indiz\miniconda3\envs\gan\lib\site-packages\threadpoolctl.py", line 268, in _set_threadpool_limits
    modules = _ThreadpoolInfo(prefixes=self._prefixes,
  File "c:\Users\indiz\miniconda3\envs\gan\lib\site-packages\threadpoolctl.py", line 340, in __init__
    self._load_modules()
  File "c:\Users\indiz\miniconda3\envs\gan\lib\site-packages\threadpoolctl.py", line 373, in _load_modules
    self._find_modules_with_enum_process_module_ex()
  File "c:\Users\indiz\miniconda3\envs\gan\lib\site-packages\threadpoolctl.py", line 485, in _find_modules_with_enum_process_module_ex
    self._make_module_from_path(filepath)
  File "c:\Users\indiz\miniconda3\envs\gan\lib\site-packages\threadpoolctl.py", line 515, in _make_module_from_path
    module = module_class(filepath, prefix, user_api, internal_api)
  File "c:\Users\indiz\miniconda3\envs\gan\lib\site-packages\threadpoolctl.py", line 606, in __init__
    self.version = self.get_version()
  File "c:\Users\indiz\miniconda3\envs\gan\lib\site-packages\threadpoolctl.py", line 646, in get_version
    config = get_config().split()
AttributeError: 'NoneType' object has no attribute 'split'

  warnings.warn(

2023-04-28 17:12:35,595:WARNING:c:\Users\indiz\miniconda3\envs\gan\lib\site-packages\sklearn\model_selection\_validation.py:776: UserWarning: Scoring failed. The score on this train-test partition for these parameters will be set to 0. Details: 
Traceback (most recent call last):
  File "c:\Users\indiz\miniconda3\envs\gan\lib\site-packages\sklearn\metrics\_scorer.py", line 75, in _cached_call
    return cache[method]
KeyError: 'predict'

During handling of the above exception, another exception occurred:

Traceback (most recent call last):
  File "c:\Users\indiz\miniconda3\envs\gan\lib\site-packages\sklearn\model_selection\_validation.py", line 767, in _score
    scores = scorer(estimator, X_test, y_test)
  File "c:\Users\indiz\miniconda3\envs\gan\lib\site-packages\sklearn\metrics\_scorer.py", line 107, in __call__
    score = scorer._score(cached_call, estimator, *args, **kwargs)
  File "c:\Users\indiz\miniconda3\envs\gan\lib\site-packages\sklearn\metrics\_scorer.py", line 262, in _score
    y_pred = method_caller(estimator, "predict", X)
  File "c:\Users\indiz\miniconda3\envs\gan\lib\site-packages\sklearn\metrics\_scorer.py", line 77, in _cached_call
    result = getattr(estimator, method)(*args, **kwargs)
  File "c:\Users\indiz\miniconda3\envs\gan\lib\site-packages\pycaret\internal\pipeline.py", line 312, in predict
    y = self.steps[-1][-1].predict(X, **predict_params)
  File "c:\Users\indiz\miniconda3\envs\gan\lib\site-packages\sklearn\neighbors\_classification.py", line 234, in predict
    neigh_ind = self.kneighbors(X, return_distance=False)
  File "c:\Users\indiz\miniconda3\envs\gan\lib\site-packages\sklearn\neighbors\_base.py", line 824, in kneighbors
    results = ArgKmin.compute(
  File "c:\Users\indiz\miniconda3\envs\gan\lib\site-packages\sklearn\metrics\_pairwise_distances_reduction\_dispatcher.py", line 289, in compute
    return ArgKmin32.compute(
  File "sklearn\metrics\_pairwise_distances_reduction\_argkmin.pyx", line 584, in sklearn.metrics._pairwise_distances_reduction._argkmin.ArgKmin32.compute
  File "c:\Users\indiz\miniconda3\envs\gan\lib\site-packages\sklearn\utils\fixes.py", line 151, in threadpool_limits
    return threadpoolctl.threadpool_limits(limits=limits, user_api=user_api)
  File "c:\Users\indiz\miniconda3\envs\gan\lib\site-packages\threadpoolctl.py", line 171, in __init__
    self._original_info = self._set_threadpool_limits()
  File "c:\Users\indiz\miniconda3\envs\gan\lib\site-packages\threadpoolctl.py", line 268, in _set_threadpool_limits
    modules = _ThreadpoolInfo(prefixes=self._prefixes,
  File "c:\Users\indiz\miniconda3\envs\gan\lib\site-packages\threadpoolctl.py", line 340, in __init__
    self._load_modules()
  File "c:\Users\indiz\miniconda3\envs\gan\lib\site-packages\threadpoolctl.py", line 373, in _load_modules
    self._find_modules_with_enum_process_module_ex()
  File "c:\Users\indiz\miniconda3\envs\gan\lib\site-packages\threadpoolctl.py", line 485, in _find_modules_with_enum_process_module_ex
    self._make_module_from_path(filepath)
  File "c:\Users\indiz\miniconda3\envs\gan\lib\site-packages\threadpoolctl.py", line 515, in _make_module_from_path
    module = module_class(filepath, prefix, user_api, internal_api)
  File "c:\Users\indiz\miniconda3\envs\gan\lib\site-packages\threadpoolctl.py", line 606, in __init__
    self.version = self.get_version()
  File "c:\Users\indiz\miniconda3\envs\gan\lib\site-packages\threadpoolctl.py", line 646, in get_version
    config = get_config().split()
AttributeError: 'NoneType' object has no attribute 'split'

  warnings.warn(

2023-04-28 17:12:35,601:WARNING:c:\Users\indiz\miniconda3\envs\gan\lib\site-packages\sklearn\model_selection\_validation.py:776: UserWarning: Scoring failed. The score on this train-test partition for these parameters will be set to 0. Details: 
Traceback (most recent call last):
  File "c:\Users\indiz\miniconda3\envs\gan\lib\site-packages\sklearn\metrics\_scorer.py", line 75, in _cached_call
    return cache[method]
KeyError: 'predict'

During handling of the above exception, another exception occurred:

Traceback (most recent call last):
  File "c:\Users\indiz\miniconda3\envs\gan\lib\site-packages\sklearn\model_selection\_validation.py", line 767, in _score
    scores = scorer(estimator, X_test, y_test)
  File "c:\Users\indiz\miniconda3\envs\gan\lib\site-packages\sklearn\metrics\_scorer.py", line 107, in __call__
    score = scorer._score(cached_call, estimator, *args, **kwargs)
  File "c:\Users\indiz\miniconda3\envs\gan\lib\site-packages\sklearn\metrics\_scorer.py", line 262, in _score
    y_pred = method_caller(estimator, "predict", X)
  File "c:\Users\indiz\miniconda3\envs\gan\lib\site-packages\sklearn\metrics\_scorer.py", line 77, in _cached_call
    result = getattr(estimator, method)(*args, **kwargs)
  File "c:\Users\indiz\miniconda3\envs\gan\lib\site-packages\pycaret\internal\pipeline.py", line 312, in predict
    y = self.steps[-1][-1].predict(X, **predict_params)
  File "c:\Users\indiz\miniconda3\envs\gan\lib\site-packages\sklearn\neighbors\_classification.py", line 234, in predict
    neigh_ind = self.kneighbors(X, return_distance=False)
  File "c:\Users\indiz\miniconda3\envs\gan\lib\site-packages\sklearn\neighbors\_base.py", line 824, in kneighbors
    results = ArgKmin.compute(
  File "c:\Users\indiz\miniconda3\envs\gan\lib\site-packages\sklearn\metrics\_pairwise_distances_reduction\_dispatcher.py", line 289, in compute
    return ArgKmin32.compute(
  File "sklearn\metrics\_pairwise_distances_reduction\_argkmin.pyx", line 584, in sklearn.metrics._pairwise_distances_reduction._argkmin.ArgKmin32.compute
  File "c:\Users\indiz\miniconda3\envs\gan\lib\site-packages\sklearn\utils\fixes.py", line 151, in threadpool_limits
    return threadpoolctl.threadpool_limits(limits=limits, user_api=user_api)
  File "c:\Users\indiz\miniconda3\envs\gan\lib\site-packages\threadpoolctl.py", line 171, in __init__
    self._original_info = self._set_threadpool_limits()
  File "c:\Users\indiz\miniconda3\envs\gan\lib\site-packages\threadpoolctl.py", line 268, in _set_threadpool_limits
    modules = _ThreadpoolInfo(prefixes=self._prefixes,
  File "c:\Users\indiz\miniconda3\envs\gan\lib\site-packages\threadpoolctl.py", line 340, in __init__
    self._load_modules()
  File "c:\Users\indiz\miniconda3\envs\gan\lib\site-packages\threadpoolctl.py", line 373, in _load_modules
    self._find_modules_with_enum_process_module_ex()
  File "c:\Users\indiz\miniconda3\envs\gan\lib\site-packages\threadpoolctl.py", line 485, in _find_modules_with_enum_process_module_ex
    self._make_module_from_path(filepath)
  File "c:\Users\indiz\miniconda3\envs\gan\lib\site-packages\threadpoolctl.py", line 515, in _make_module_from_path
    module = module_class(filepath, prefix, user_api, internal_api)
  File "c:\Users\indiz\miniconda3\envs\gan\lib\site-packages\threadpoolctl.py", line 606, in __init__
    self.version = self.get_version()
  File "c:\Users\indiz\miniconda3\envs\gan\lib\site-packages\threadpoolctl.py", line 646, in get_version
    config = get_config().split()
AttributeError: 'NoneType' object has no attribute 'split'

  warnings.warn(

2023-04-28 17:12:36,051:INFO:Calculating mean and std
2023-04-28 17:12:36,052:INFO:Creating metrics dataframe
2023-04-28 17:12:36,100:INFO:Uploading results into container
2023-04-28 17:12:36,101:INFO:Uploading model into container now
2023-04-28 17:12:36,101:INFO:_master_model_container: 3
2023-04-28 17:12:36,101:INFO:_display_container: 2
2023-04-28 17:12:36,101:INFO:KNeighborsClassifier(algorithm='auto', leaf_size=30, metric='minkowski',
                     metric_params=None, n_jobs=-1, n_neighbors=5, p=2,
                     weights='uniform')
2023-04-28 17:12:36,101:INFO:create_model() successfully completed......................................
2023-04-28 17:12:36,249:ERROR:create_model() for KNeighborsClassifier(algorithm='auto', leaf_size=30, metric='minkowski',
                     metric_params=None, n_jobs=-1, n_neighbors=5, p=2,
                     weights='uniform') raised an exception or returned all 0.0:
2023-04-28 17:12:36,249:ERROR:Traceback (most recent call last):
  File "c:\Users\indiz\miniconda3\envs\gan\lib\site-packages\pycaret\internal\pycaret_experiment\supervised_experiment.py", line 796, in compare_models
    assert (
AssertionError

During handling of the above exception, another exception occurred:

Traceback (most recent call last):
  File "c:\Users\indiz\miniconda3\envs\gan\lib\site-packages\pycaret\internal\pycaret_experiment\supervised_experiment.py", line 812, in compare_models
    assert (
AssertionError

2023-04-28 17:12:36,249:INFO:Initializing Naive Bayes
2023-04-28 17:12:36,249:INFO:Total runtime is 0.18509333133697511 minutes
2023-04-28 17:12:36,252:INFO:SubProcess create_model() called ==================================
2023-04-28 17:12:36,253:INFO:Initializing create_model()
2023-04-28 17:12:36,253:INFO:create_model(self=<pycaret.classification.oop.ClassificationExperiment object at 0x000001DE5BD93A00>, estimator=nb, fold=StratifiedKFold(n_splits=10, random_state=None, shuffle=False), round=4, cross_validation=True, predict=True, fit_kwargs={}, groups=None, refit=False, probability_threshold=None, experiment_custom_tags=None, verbose=False, system=False, add_to_model_list=True, metrics=None, display=<pycaret.internal.display.display.CommonDisplay object at 0x000001DE5BD93B20>, model_only=True, return_train_score=False, kwargs={})
2023-04-28 17:12:36,253:INFO:Checking exceptions
2023-04-28 17:12:36,253:INFO:Importing libraries
2023-04-28 17:12:36,253:INFO:Copying training dataset
2023-04-28 17:12:36,273:INFO:Defining folds
2023-04-28 17:12:36,273:INFO:Declaring metric variables
2023-04-28 17:12:36,277:INFO:Importing untrained model
2023-04-28 17:12:36,281:INFO:Naive Bayes Imported successfully
2023-04-28 17:12:36,285:INFO:Starting cross validation
2023-04-28 17:12:36,286:INFO:Cross validating with StratifiedKFold(n_splits=10, random_state=None, shuffle=False), n_jobs=-1
2023-04-28 17:12:37,026:INFO:Calculating mean and std
2023-04-28 17:12:37,027:INFO:Creating metrics dataframe
2023-04-28 17:12:37,072:INFO:Uploading results into container
2023-04-28 17:12:37,072:INFO:Uploading model into container now
2023-04-28 17:12:37,073:INFO:_master_model_container: 4
2023-04-28 17:12:37,073:INFO:_display_container: 2
2023-04-28 17:12:37,073:INFO:GaussianNB(priors=None, var_smoothing=1e-09)
2023-04-28 17:12:37,073:INFO:create_model() successfully completed......................................
2023-04-28 17:12:37,210:INFO:SubProcess create_model() end ==================================
2023-04-28 17:12:37,210:INFO:Creating metrics dataframe
2023-04-28 17:12:37,219:INFO:Initializing Decision Tree Classifier
2023-04-28 17:12:37,219:INFO:Total runtime is 0.2012648344039917 minutes
2023-04-28 17:12:37,221:INFO:SubProcess create_model() called ==================================
2023-04-28 17:12:37,221:INFO:Initializing create_model()
2023-04-28 17:12:37,221:INFO:create_model(self=<pycaret.classification.oop.ClassificationExperiment object at 0x000001DE5BD93A00>, estimator=dt, fold=StratifiedKFold(n_splits=10, random_state=None, shuffle=False), round=4, cross_validation=True, predict=True, fit_kwargs={}, groups=None, refit=False, probability_threshold=None, experiment_custom_tags=None, verbose=False, system=False, add_to_model_list=True, metrics=None, display=<pycaret.internal.display.display.CommonDisplay object at 0x000001DE5BD93B20>, model_only=True, return_train_score=False, kwargs={})
2023-04-28 17:12:37,221:INFO:Checking exceptions
2023-04-28 17:12:37,221:INFO:Importing libraries
2023-04-28 17:12:37,221:INFO:Copying training dataset
2023-04-28 17:12:37,242:INFO:Defining folds
2023-04-28 17:12:37,242:INFO:Declaring metric variables
2023-04-28 17:12:37,245:INFO:Importing untrained model
2023-04-28 17:12:37,248:INFO:Decision Tree Classifier Imported successfully
2023-04-28 17:12:37,253:INFO:Starting cross validation
2023-04-28 17:12:37,254:INFO:Cross validating with StratifiedKFold(n_splits=10, random_state=None, shuffle=False), n_jobs=-1
2023-04-28 17:12:38,438:INFO:Calculating mean and std
2023-04-28 17:12:38,439:INFO:Creating metrics dataframe
2023-04-28 17:12:38,486:INFO:Uploading results into container
2023-04-28 17:12:38,487:INFO:Uploading model into container now
2023-04-28 17:12:38,487:INFO:_master_model_container: 5
2023-04-28 17:12:38,487:INFO:_display_container: 2
2023-04-28 17:12:38,487:INFO:DecisionTreeClassifier(ccp_alpha=0.0, class_weight=None, criterion='gini',
                       max_depth=None, max_features=None, max_leaf_nodes=None,
                       min_impurity_decrease=0.0, min_samples_leaf=1,
                       min_samples_split=2, min_weight_fraction_leaf=0.0,
                       random_state=123, splitter='best')
2023-04-28 17:12:38,487:INFO:create_model() successfully completed......................................
2023-04-28 17:12:38,625:INFO:SubProcess create_model() end ==================================
2023-04-28 17:12:38,625:INFO:Creating metrics dataframe
2023-04-28 17:12:38,631:INFO:Initializing SVM - Linear Kernel
2023-04-28 17:12:38,632:INFO:Total runtime is 0.2248148242632548 minutes
2023-04-28 17:12:38,634:INFO:SubProcess create_model() called ==================================
2023-04-28 17:12:38,634:INFO:Initializing create_model()
2023-04-28 17:12:38,635:INFO:create_model(self=<pycaret.classification.oop.ClassificationExperiment object at 0x000001DE5BD93A00>, estimator=svm, fold=StratifiedKFold(n_splits=10, random_state=None, shuffle=False), round=4, cross_validation=True, predict=True, fit_kwargs={}, groups=None, refit=False, probability_threshold=None, experiment_custom_tags=None, verbose=False, system=False, add_to_model_list=True, metrics=None, display=<pycaret.internal.display.display.CommonDisplay object at 0x000001DE5BD93B20>, model_only=True, return_train_score=False, kwargs={})
2023-04-28 17:12:38,635:INFO:Checking exceptions
2023-04-28 17:12:38,635:INFO:Importing libraries
2023-04-28 17:12:38,635:INFO:Copying training dataset
2023-04-28 17:12:38,657:INFO:Defining folds
2023-04-28 17:12:38,657:INFO:Declaring metric variables
2023-04-28 17:12:38,661:INFO:Importing untrained model
2023-04-28 17:12:38,663:INFO:SVM - Linear Kernel Imported successfully
2023-04-28 17:12:38,666:INFO:Starting cross validation
2023-04-28 17:12:38,667:INFO:Cross validating with StratifiedKFold(n_splits=10, random_state=None, shuffle=False), n_jobs=-1
2023-04-28 17:12:40,096:WARNING:c:\Users\indiz\miniconda3\envs\gan\lib\site-packages\pycaret\internal\metrics.py:138: FitFailedWarning: Metric 'make_scorer(roc_auc_score, needs_proba=True, error_score=0.0, average=weighted, multi_class=ovr)' failed and error score 0.0 has been returned instead. If this is a custom metric, this usually means that the error is in the metric code. Full exception below:
Traceback (most recent call last):
  File "c:\Users\indiz\miniconda3\envs\gan\lib\site-packages\sklearn\metrics\_scorer.py", line 75, in _cached_call
    return cache[method]
KeyError: 'predict_proba'

During handling of the above exception, another exception occurred:

Traceback (most recent call last):
  File "c:\Users\indiz\miniconda3\envs\gan\lib\site-packages\pycaret\internal\metrics.py", line 130, in _score
    return super()._score(
  File "c:\Users\indiz\miniconda3\envs\gan\lib\site-packages\sklearn\metrics\_scorer.py", line 302, in _score
    y_pred = method_caller(clf, "predict_proba", X)
  File "c:\Users\indiz\miniconda3\envs\gan\lib\site-packages\sklearn\metrics\_scorer.py", line 77, in _cached_call
    result = getattr(estimator, method)(*args, **kwargs)
  File "c:\Users\indiz\miniconda3\envs\gan\lib\site-packages\pycaret\internal\pipeline.py", line 121, in __getattr__
    return getattr(self._final_estimator, name)
  File "c:\Users\indiz\miniconda3\envs\gan\lib\site-packages\sklearn\utils\_available_if.py", line 32, in __get__
    if not self.check(obj):
  File "c:\Users\indiz\miniconda3\envs\gan\lib\site-packages\sklearn\linear_model\_stochastic_gradient.py", line 1238, in _check_proba
    raise AttributeError(
AttributeError: probability estimates are not available for loss='hinge'

  warnings.warn(

2023-04-28 17:12:40,328:WARNING:c:\Users\indiz\miniconda3\envs\gan\lib\site-packages\pycaret\internal\metrics.py:138: FitFailedWarning: Metric 'make_scorer(roc_auc_score, needs_proba=True, error_score=0.0, average=weighted, multi_class=ovr)' failed and error score 0.0 has been returned instead. If this is a custom metric, this usually means that the error is in the metric code. Full exception below:
Traceback (most recent call last):
  File "c:\Users\indiz\miniconda3\envs\gan\lib\site-packages\sklearn\metrics\_scorer.py", line 75, in _cached_call
    return cache[method]
KeyError: 'predict_proba'

During handling of the above exception, another exception occurred:

Traceback (most recent call last):
  File "c:\Users\indiz\miniconda3\envs\gan\lib\site-packages\pycaret\internal\metrics.py", line 130, in _score
    return super()._score(
  File "c:\Users\indiz\miniconda3\envs\gan\lib\site-packages\sklearn\metrics\_scorer.py", line 302, in _score
    y_pred = method_caller(clf, "predict_proba", X)
  File "c:\Users\indiz\miniconda3\envs\gan\lib\site-packages\sklearn\metrics\_scorer.py", line 77, in _cached_call
    result = getattr(estimator, method)(*args, **kwargs)
  File "c:\Users\indiz\miniconda3\envs\gan\lib\site-packages\pycaret\internal\pipeline.py", line 121, in __getattr__
    return getattr(self._final_estimator, name)
  File "c:\Users\indiz\miniconda3\envs\gan\lib\site-packages\sklearn\utils\_available_if.py", line 32, in __get__
    if not self.check(obj):
  File "c:\Users\indiz\miniconda3\envs\gan\lib\site-packages\sklearn\linear_model\_stochastic_gradient.py", line 1238, in _check_proba
    raise AttributeError(
AttributeError: probability estimates are not available for loss='hinge'

  warnings.warn(

2023-04-28 17:12:40,417:WARNING:c:\Users\indiz\miniconda3\envs\gan\lib\site-packages\pycaret\internal\metrics.py:138: FitFailedWarning: Metric 'make_scorer(roc_auc_score, needs_proba=True, error_score=0.0, average=weighted, multi_class=ovr)' failed and error score 0.0 has been returned instead. If this is a custom metric, this usually means that the error is in the metric code. Full exception below:
Traceback (most recent call last):
  File "c:\Users\indiz\miniconda3\envs\gan\lib\site-packages\sklearn\metrics\_scorer.py", line 75, in _cached_call
    return cache[method]
KeyError: 'predict_proba'

During handling of the above exception, another exception occurred:

Traceback (most recent call last):
  File "c:\Users\indiz\miniconda3\envs\gan\lib\site-packages\pycaret\internal\metrics.py", line 130, in _score
    return super()._score(
  File "c:\Users\indiz\miniconda3\envs\gan\lib\site-packages\sklearn\metrics\_scorer.py", line 302, in _score
    y_pred = method_caller(clf, "predict_proba", X)
  File "c:\Users\indiz\miniconda3\envs\gan\lib\site-packages\sklearn\metrics\_scorer.py", line 77, in _cached_call
    result = getattr(estimator, method)(*args, **kwargs)
  File "c:\Users\indiz\miniconda3\envs\gan\lib\site-packages\pycaret\internal\pipeline.py", line 121, in __getattr__
    return getattr(self._final_estimator, name)
  File "c:\Users\indiz\miniconda3\envs\gan\lib\site-packages\sklearn\utils\_available_if.py", line 32, in __get__
    if not self.check(obj):
  File "c:\Users\indiz\miniconda3\envs\gan\lib\site-packages\sklearn\linear_model\_stochastic_gradient.py", line 1238, in _check_proba
    raise AttributeError(
AttributeError: probability estimates are not available for loss='hinge'

  warnings.warn(

2023-04-28 17:12:40,510:WARNING:c:\Users\indiz\miniconda3\envs\gan\lib\site-packages\pycaret\internal\metrics.py:138: FitFailedWarning: Metric 'make_scorer(roc_auc_score, needs_proba=True, error_score=0.0, average=weighted, multi_class=ovr)' failed and error score 0.0 has been returned instead. If this is a custom metric, this usually means that the error is in the metric code. Full exception below:
Traceback (most recent call last):
  File "c:\Users\indiz\miniconda3\envs\gan\lib\site-packages\sklearn\metrics\_scorer.py", line 75, in _cached_call
    return cache[method]
KeyError: 'predict_proba'

During handling of the above exception, another exception occurred:

Traceback (most recent call last):
  File "c:\Users\indiz\miniconda3\envs\gan\lib\site-packages\pycaret\internal\metrics.py", line 130, in _score
    return super()._score(
  File "c:\Users\indiz\miniconda3\envs\gan\lib\site-packages\sklearn\metrics\_scorer.py", line 302, in _score
    y_pred = method_caller(clf, "predict_proba", X)
  File "c:\Users\indiz\miniconda3\envs\gan\lib\site-packages\sklearn\metrics\_scorer.py", line 77, in _cached_call
    result = getattr(estimator, method)(*args, **kwargs)
  File "c:\Users\indiz\miniconda3\envs\gan\lib\site-packages\pycaret\internal\pipeline.py", line 121, in __getattr__
    return getattr(self._final_estimator, name)
  File "c:\Users\indiz\miniconda3\envs\gan\lib\site-packages\sklearn\utils\_available_if.py", line 32, in __get__
    if not self.check(obj):
  File "c:\Users\indiz\miniconda3\envs\gan\lib\site-packages\sklearn\linear_model\_stochastic_gradient.py", line 1238, in _check_proba
    raise AttributeError(
AttributeError: probability estimates are not available for loss='hinge'

  warnings.warn(

2023-04-28 17:12:40,641:WARNING:c:\Users\indiz\miniconda3\envs\gan\lib\site-packages\pycaret\internal\metrics.py:138: FitFailedWarning: Metric 'make_scorer(roc_auc_score, needs_proba=True, error_score=0.0, average=weighted, multi_class=ovr)' failed and error score 0.0 has been returned instead. If this is a custom metric, this usually means that the error is in the metric code. Full exception below:
Traceback (most recent call last):
  File "c:\Users\indiz\miniconda3\envs\gan\lib\site-packages\sklearn\metrics\_scorer.py", line 75, in _cached_call
    return cache[method]
KeyError: 'predict_proba'

During handling of the above exception, another exception occurred:

Traceback (most recent call last):
  File "c:\Users\indiz\miniconda3\envs\gan\lib\site-packages\pycaret\internal\metrics.py", line 130, in _score
    return super()._score(
  File "c:\Users\indiz\miniconda3\envs\gan\lib\site-packages\sklearn\metrics\_scorer.py", line 302, in _score
    y_pred = method_caller(clf, "predict_proba", X)
  File "c:\Users\indiz\miniconda3\envs\gan\lib\site-packages\sklearn\metrics\_scorer.py", line 77, in _cached_call
    result = getattr(estimator, method)(*args, **kwargs)
  File "c:\Users\indiz\miniconda3\envs\gan\lib\site-packages\pycaret\internal\pipeline.py", line 121, in __getattr__
    return getattr(self._final_estimator, name)
  File "c:\Users\indiz\miniconda3\envs\gan\lib\site-packages\sklearn\utils\_available_if.py", line 32, in __get__
    if not self.check(obj):
  File "c:\Users\indiz\miniconda3\envs\gan\lib\site-packages\sklearn\linear_model\_stochastic_gradient.py", line 1238, in _check_proba
    raise AttributeError(
AttributeError: probability estimates are not available for loss='hinge'

  warnings.warn(

2023-04-28 17:12:40,728:WARNING:c:\Users\indiz\miniconda3\envs\gan\lib\site-packages\pycaret\internal\metrics.py:138: FitFailedWarning: Metric 'make_scorer(roc_auc_score, needs_proba=True, error_score=0.0, average=weighted, multi_class=ovr)' failed and error score 0.0 has been returned instead. If this is a custom metric, this usually means that the error is in the metric code. Full exception below:
Traceback (most recent call last):
  File "c:\Users\indiz\miniconda3\envs\gan\lib\site-packages\sklearn\metrics\_scorer.py", line 75, in _cached_call
    return cache[method]
KeyError: 'predict_proba'

During handling of the above exception, another exception occurred:

Traceback (most recent call last):
  File "c:\Users\indiz\miniconda3\envs\gan\lib\site-packages\pycaret\internal\metrics.py", line 130, in _score
    return super()._score(
  File "c:\Users\indiz\miniconda3\envs\gan\lib\site-packages\sklearn\metrics\_scorer.py", line 302, in _score
    y_pred = method_caller(clf, "predict_proba", X)
  File "c:\Users\indiz\miniconda3\envs\gan\lib\site-packages\sklearn\metrics\_scorer.py", line 77, in _cached_call
    result = getattr(estimator, method)(*args, **kwargs)
  File "c:\Users\indiz\miniconda3\envs\gan\lib\site-packages\pycaret\internal\pipeline.py", line 121, in __getattr__
    return getattr(self._final_estimator, name)
  File "c:\Users\indiz\miniconda3\envs\gan\lib\site-packages\sklearn\utils\_available_if.py", line 32, in __get__
    if not self.check(obj):
  File "c:\Users\indiz\miniconda3\envs\gan\lib\site-packages\sklearn\linear_model\_stochastic_gradient.py", line 1238, in _check_proba
    raise AttributeError(
AttributeError: probability estimates are not available for loss='hinge'

  warnings.warn(

2023-04-28 17:12:40,750:WARNING:c:\Users\indiz\miniconda3\envs\gan\lib\site-packages\pycaret\internal\metrics.py:138: FitFailedWarning: Metric 'make_scorer(roc_auc_score, needs_proba=True, error_score=0.0, average=weighted, multi_class=ovr)' failed and error score 0.0 has been returned instead. If this is a custom metric, this usually means that the error is in the metric code. Full exception below:
Traceback (most recent call last):
  File "c:\Users\indiz\miniconda3\envs\gan\lib\site-packages\sklearn\metrics\_scorer.py", line 75, in _cached_call
    return cache[method]
KeyError: 'predict_proba'

During handling of the above exception, another exception occurred:

Traceback (most recent call last):
  File "c:\Users\indiz\miniconda3\envs\gan\lib\site-packages\pycaret\internal\metrics.py", line 130, in _score
    return super()._score(
  File "c:\Users\indiz\miniconda3\envs\gan\lib\site-packages\sklearn\metrics\_scorer.py", line 302, in _score
    y_pred = method_caller(clf, "predict_proba", X)
  File "c:\Users\indiz\miniconda3\envs\gan\lib\site-packages\sklearn\metrics\_scorer.py", line 77, in _cached_call
    result = getattr(estimator, method)(*args, **kwargs)
  File "c:\Users\indiz\miniconda3\envs\gan\lib\site-packages\pycaret\internal\pipeline.py", line 121, in __getattr__
    return getattr(self._final_estimator, name)
  File "c:\Users\indiz\miniconda3\envs\gan\lib\site-packages\sklearn\utils\_available_if.py", line 32, in __get__
    if not self.check(obj):
  File "c:\Users\indiz\miniconda3\envs\gan\lib\site-packages\sklearn\linear_model\_stochastic_gradient.py", line 1238, in _check_proba
    raise AttributeError(
AttributeError: probability estimates are not available for loss='hinge'

  warnings.warn(

2023-04-28 17:12:40,808:WARNING:c:\Users\indiz\miniconda3\envs\gan\lib\site-packages\pycaret\internal\metrics.py:138: FitFailedWarning: Metric 'make_scorer(roc_auc_score, needs_proba=True, error_score=0.0, average=weighted, multi_class=ovr)' failed and error score 0.0 has been returned instead. If this is a custom metric, this usually means that the error is in the metric code. Full exception below:
Traceback (most recent call last):
  File "c:\Users\indiz\miniconda3\envs\gan\lib\site-packages\sklearn\metrics\_scorer.py", line 75, in _cached_call
    return cache[method]
KeyError: 'predict_proba'

During handling of the above exception, another exception occurred:

Traceback (most recent call last):
  File "c:\Users\indiz\miniconda3\envs\gan\lib\site-packages\pycaret\internal\metrics.py", line 130, in _score
    return super()._score(
  File "c:\Users\indiz\miniconda3\envs\gan\lib\site-packages\sklearn\metrics\_scorer.py", line 302, in _score
    y_pred = method_caller(clf, "predict_proba", X)
  File "c:\Users\indiz\miniconda3\envs\gan\lib\site-packages\sklearn\metrics\_scorer.py", line 77, in _cached_call
    result = getattr(estimator, method)(*args, **kwargs)
  File "c:\Users\indiz\miniconda3\envs\gan\lib\site-packages\pycaret\internal\pipeline.py", line 121, in __getattr__
    return getattr(self._final_estimator, name)
  File "c:\Users\indiz\miniconda3\envs\gan\lib\site-packages\sklearn\utils\_available_if.py", line 32, in __get__
    if not self.check(obj):
  File "c:\Users\indiz\miniconda3\envs\gan\lib\site-packages\sklearn\linear_model\_stochastic_gradient.py", line 1238, in _check_proba
    raise AttributeError(
AttributeError: probability estimates are not available for loss='hinge'

  warnings.warn(

2023-04-28 17:12:40,831:WARNING:c:\Users\indiz\miniconda3\envs\gan\lib\site-packages\pycaret\internal\metrics.py:138: FitFailedWarning: Metric 'make_scorer(roc_auc_score, needs_proba=True, error_score=0.0, average=weighted, multi_class=ovr)' failed and error score 0.0 has been returned instead. If this is a custom metric, this usually means that the error is in the metric code. Full exception below:
Traceback (most recent call last):
  File "c:\Users\indiz\miniconda3\envs\gan\lib\site-packages\sklearn\metrics\_scorer.py", line 75, in _cached_call
    return cache[method]
KeyError: 'predict_proba'

During handling of the above exception, another exception occurred:

Traceback (most recent call last):
  File "c:\Users\indiz\miniconda3\envs\gan\lib\site-packages\pycaret\internal\metrics.py", line 130, in _score
    return super()._score(
  File "c:\Users\indiz\miniconda3\envs\gan\lib\site-packages\sklearn\metrics\_scorer.py", line 302, in _score
    y_pred = method_caller(clf, "predict_proba", X)
  File "c:\Users\indiz\miniconda3\envs\gan\lib\site-packages\sklearn\metrics\_scorer.py", line 77, in _cached_call
    result = getattr(estimator, method)(*args, **kwargs)
  File "c:\Users\indiz\miniconda3\envs\gan\lib\site-packages\pycaret\internal\pipeline.py", line 121, in __getattr__
    return getattr(self._final_estimator, name)
  File "c:\Users\indiz\miniconda3\envs\gan\lib\site-packages\sklearn\utils\_available_if.py", line 32, in __get__
    if not self.check(obj):
  File "c:\Users\indiz\miniconda3\envs\gan\lib\site-packages\sklearn\linear_model\_stochastic_gradient.py", line 1238, in _check_proba
    raise AttributeError(
AttributeError: probability estimates are not available for loss='hinge'

  warnings.warn(

2023-04-28 17:12:40,946:WARNING:c:\Users\indiz\miniconda3\envs\gan\lib\site-packages\pycaret\internal\metrics.py:138: FitFailedWarning: Metric 'make_scorer(roc_auc_score, needs_proba=True, error_score=0.0, average=weighted, multi_class=ovr)' failed and error score 0.0 has been returned instead. If this is a custom metric, this usually means that the error is in the metric code. Full exception below:
Traceback (most recent call last):
  File "c:\Users\indiz\miniconda3\envs\gan\lib\site-packages\sklearn\metrics\_scorer.py", line 75, in _cached_call
    return cache[method]
KeyError: 'predict_proba'

During handling of the above exception, another exception occurred:

Traceback (most recent call last):
  File "c:\Users\indiz\miniconda3\envs\gan\lib\site-packages\pycaret\internal\metrics.py", line 130, in _score
    return super()._score(
  File "c:\Users\indiz\miniconda3\envs\gan\lib\site-packages\sklearn\metrics\_scorer.py", line 302, in _score
    y_pred = method_caller(clf, "predict_proba", X)
  File "c:\Users\indiz\miniconda3\envs\gan\lib\site-packages\sklearn\metrics\_scorer.py", line 77, in _cached_call
    result = getattr(estimator, method)(*args, **kwargs)
  File "c:\Users\indiz\miniconda3\envs\gan\lib\site-packages\pycaret\internal\pipeline.py", line 121, in __getattr__
    return getattr(self._final_estimator, name)
  File "c:\Users\indiz\miniconda3\envs\gan\lib\site-packages\sklearn\utils\_available_if.py", line 32, in __get__
    if not self.check(obj):
  File "c:\Users\indiz\miniconda3\envs\gan\lib\site-packages\sklearn\linear_model\_stochastic_gradient.py", line 1238, in _check_proba
    raise AttributeError(
AttributeError: probability estimates are not available for loss='hinge'

  warnings.warn(

2023-04-28 17:12:41,272:INFO:Calculating mean and std
2023-04-28 17:12:41,273:INFO:Creating metrics dataframe
2023-04-28 17:12:41,326:INFO:Uploading results into container
2023-04-28 17:12:41,326:INFO:Uploading model into container now
2023-04-28 17:12:41,326:INFO:_master_model_container: 6
2023-04-28 17:12:41,326:INFO:_display_container: 2
2023-04-28 17:12:41,326:INFO:SGDClassifier(alpha=0.0001, average=False, class_weight=None,
              early_stopping=False, epsilon=0.1, eta0=0.001, fit_intercept=True,
              l1_ratio=0.15, learning_rate='optimal', loss='hinge',
              max_iter=1000, n_iter_no_change=5, n_jobs=-1, penalty='l2',
              power_t=0.5, random_state=123, shuffle=True, tol=0.001,
              validation_fraction=0.1, verbose=0, warm_start=False)
2023-04-28 17:12:41,326:INFO:create_model() successfully completed......................................
2023-04-28 17:12:41,468:INFO:SubProcess create_model() end ==================================
2023-04-28 17:12:41,468:INFO:Creating metrics dataframe
2023-04-28 17:12:41,475:INFO:Initializing Ridge Classifier
2023-04-28 17:12:41,475:INFO:Total runtime is 0.2722044070561727 minutes
2023-04-28 17:12:41,478:INFO:SubProcess create_model() called ==================================
2023-04-28 17:12:41,478:INFO:Initializing create_model()
2023-04-28 17:12:41,478:INFO:create_model(self=<pycaret.classification.oop.ClassificationExperiment object at 0x000001DE5BD93A00>, estimator=ridge, fold=StratifiedKFold(n_splits=10, random_state=None, shuffle=False), round=4, cross_validation=True, predict=True, fit_kwargs={}, groups=None, refit=False, probability_threshold=None, experiment_custom_tags=None, verbose=False, system=False, add_to_model_list=True, metrics=None, display=<pycaret.internal.display.display.CommonDisplay object at 0x000001DE5BD93B20>, model_only=True, return_train_score=False, kwargs={})
2023-04-28 17:12:41,478:INFO:Checking exceptions
2023-04-28 17:12:41,478:INFO:Importing libraries
2023-04-28 17:12:41,478:INFO:Copying training dataset
2023-04-28 17:12:41,501:INFO:Defining folds
2023-04-28 17:12:41,501:INFO:Declaring metric variables
2023-04-28 17:12:41,504:INFO:Importing untrained model
2023-04-28 17:12:41,506:INFO:Ridge Classifier Imported successfully
2023-04-28 17:12:41,510:INFO:Starting cross validation
2023-04-28 17:12:41,511:INFO:Cross validating with StratifiedKFold(n_splits=10, random_state=None, shuffle=False), n_jobs=-1
2023-04-28 17:12:41,663:WARNING:c:\Users\indiz\miniconda3\envs\gan\lib\site-packages\pycaret\internal\metrics.py:138: FitFailedWarning: Metric 'make_scorer(roc_auc_score, needs_proba=True, error_score=0.0, average=weighted, multi_class=ovr)' failed and error score 0.0 has been returned instead. If this is a custom metric, this usually means that the error is in the metric code. Full exception below:
Traceback (most recent call last):
  File "c:\Users\indiz\miniconda3\envs\gan\lib\site-packages\sklearn\metrics\_scorer.py", line 75, in _cached_call
    return cache[method]
KeyError: 'predict_proba'

During handling of the above exception, another exception occurred:

Traceback (most recent call last):
  File "c:\Users\indiz\miniconda3\envs\gan\lib\site-packages\pycaret\internal\metrics.py", line 130, in _score
    return super()._score(
  File "c:\Users\indiz\miniconda3\envs\gan\lib\site-packages\sklearn\metrics\_scorer.py", line 302, in _score
    y_pred = method_caller(clf, "predict_proba", X)
  File "c:\Users\indiz\miniconda3\envs\gan\lib\site-packages\sklearn\metrics\_scorer.py", line 77, in _cached_call
    result = getattr(estimator, method)(*args, **kwargs)
  File "c:\Users\indiz\miniconda3\envs\gan\lib\site-packages\pycaret\internal\pipeline.py", line 121, in __getattr__
    return getattr(self._final_estimator, name)
AttributeError: 'RidgeClassifier' object has no attribute 'predict_proba'

  warnings.warn(

2023-04-28 17:12:41,666:WARNING:c:\Users\indiz\miniconda3\envs\gan\lib\site-packages\pycaret\internal\metrics.py:138: FitFailedWarning: Metric 'make_scorer(roc_auc_score, needs_proba=True, error_score=0.0, average=weighted, multi_class=ovr)' failed and error score 0.0 has been returned instead. If this is a custom metric, this usually means that the error is in the metric code. Full exception below:
Traceback (most recent call last):
  File "c:\Users\indiz\miniconda3\envs\gan\lib\site-packages\sklearn\metrics\_scorer.py", line 75, in _cached_call
    return cache[method]
KeyError: 'predict_proba'

During handling of the above exception, another exception occurred:

Traceback (most recent call last):
  File "c:\Users\indiz\miniconda3\envs\gan\lib\site-packages\pycaret\internal\metrics.py", line 130, in _score
    return super()._score(
  File "c:\Users\indiz\miniconda3\envs\gan\lib\site-packages\sklearn\metrics\_scorer.py", line 302, in _score
    y_pred = method_caller(clf, "predict_proba", X)
  File "c:\Users\indiz\miniconda3\envs\gan\lib\site-packages\sklearn\metrics\_scorer.py", line 77, in _cached_call
    result = getattr(estimator, method)(*args, **kwargs)
  File "c:\Users\indiz\miniconda3\envs\gan\lib\site-packages\pycaret\internal\pipeline.py", line 121, in __getattr__
    return getattr(self._final_estimator, name)
AttributeError: 'RidgeClassifier' object has no attribute 'predict_proba'

  warnings.warn(

2023-04-28 17:12:41,666:WARNING:c:\Users\indiz\miniconda3\envs\gan\lib\site-packages\pycaret\internal\metrics.py:138: FitFailedWarning: Metric 'make_scorer(roc_auc_score, needs_proba=True, error_score=0.0, average=weighted, multi_class=ovr)' failed and error score 0.0 has been returned instead. If this is a custom metric, this usually means that the error is in the metric code. Full exception below:
Traceback (most recent call last):
  File "c:\Users\indiz\miniconda3\envs\gan\lib\site-packages\sklearn\metrics\_scorer.py", line 75, in _cached_call
    return cache[method]
KeyError: 'predict_proba'

During handling of the above exception, another exception occurred:

Traceback (most recent call last):
  File "c:\Users\indiz\miniconda3\envs\gan\lib\site-packages\pycaret\internal\metrics.py", line 130, in _score
    return super()._score(
  File "c:\Users\indiz\miniconda3\envs\gan\lib\site-packages\sklearn\metrics\_scorer.py", line 302, in _score
    y_pred = method_caller(clf, "predict_proba", X)
  File "c:\Users\indiz\miniconda3\envs\gan\lib\site-packages\sklearn\metrics\_scorer.py", line 77, in _cached_call
    result = getattr(estimator, method)(*args, **kwargs)
  File "c:\Users\indiz\miniconda3\envs\gan\lib\site-packages\pycaret\internal\pipeline.py", line 121, in __getattr__
    return getattr(self._final_estimator, name)
AttributeError: 'RidgeClassifier' object has no attribute 'predict_proba'

  warnings.warn(

2023-04-28 17:12:41,667:WARNING:c:\Users\indiz\miniconda3\envs\gan\lib\site-packages\pycaret\internal\metrics.py:138: FitFailedWarning: Metric 'make_scorer(roc_auc_score, needs_proba=True, error_score=0.0, average=weighted, multi_class=ovr)' failed and error score 0.0 has been returned instead. If this is a custom metric, this usually means that the error is in the metric code. Full exception below:
Traceback (most recent call last):
  File "c:\Users\indiz\miniconda3\envs\gan\lib\site-packages\sklearn\metrics\_scorer.py", line 75, in _cached_call
    return cache[method]
KeyError: 'predict_proba'

During handling of the above exception, another exception occurred:

Traceback (most recent call last):
  File "c:\Users\indiz\miniconda3\envs\gan\lib\site-packages\pycaret\internal\metrics.py", line 130, in _score
    return super()._score(
  File "c:\Users\indiz\miniconda3\envs\gan\lib\site-packages\sklearn\metrics\_scorer.py", line 302, in _score
    y_pred = method_caller(clf, "predict_proba", X)
  File "c:\Users\indiz\miniconda3\envs\gan\lib\site-packages\sklearn\metrics\_scorer.py", line 77, in _cached_call
    result = getattr(estimator, method)(*args, **kwargs)
  File "c:\Users\indiz\miniconda3\envs\gan\lib\site-packages\pycaret\internal\pipeline.py", line 121, in __getattr__
    return getattr(self._final_estimator, name)
AttributeError: 'RidgeClassifier' object has no attribute 'predict_proba'

  warnings.warn(

2023-04-28 17:12:41,675:WARNING:c:\Users\indiz\miniconda3\envs\gan\lib\site-packages\pycaret\internal\metrics.py:138: FitFailedWarning: Metric 'make_scorer(roc_auc_score, needs_proba=True, error_score=0.0, average=weighted, multi_class=ovr)' failed and error score 0.0 has been returned instead. If this is a custom metric, this usually means that the error is in the metric code. Full exception below:
Traceback (most recent call last):
  File "c:\Users\indiz\miniconda3\envs\gan\lib\site-packages\sklearn\metrics\_scorer.py", line 75, in _cached_call
    return cache[method]
KeyError: 'predict_proba'

During handling of the above exception, another exception occurred:

Traceback (most recent call last):
  File "c:\Users\indiz\miniconda3\envs\gan\lib\site-packages\pycaret\internal\metrics.py", line 130, in _score
    return super()._score(
  File "c:\Users\indiz\miniconda3\envs\gan\lib\site-packages\sklearn\metrics\_scorer.py", line 302, in _score
    y_pred = method_caller(clf, "predict_proba", X)
  File "c:\Users\indiz\miniconda3\envs\gan\lib\site-packages\sklearn\metrics\_scorer.py", line 77, in _cached_call
    result = getattr(estimator, method)(*args, **kwargs)
  File "c:\Users\indiz\miniconda3\envs\gan\lib\site-packages\pycaret\internal\pipeline.py", line 121, in __getattr__
    return getattr(self._final_estimator, name)
AttributeError: 'RidgeClassifier' object has no attribute 'predict_proba'

  warnings.warn(

2023-04-28 17:12:41,678:WARNING:c:\Users\indiz\miniconda3\envs\gan\lib\site-packages\pycaret\internal\metrics.py:138: FitFailedWarning: Metric 'make_scorer(roc_auc_score, needs_proba=True, error_score=0.0, average=weighted, multi_class=ovr)' failed and error score 0.0 has been returned instead. If this is a custom metric, this usually means that the error is in the metric code. Full exception below:
Traceback (most recent call last):
  File "c:\Users\indiz\miniconda3\envs\gan\lib\site-packages\sklearn\metrics\_scorer.py", line 75, in _cached_call
    return cache[method]
KeyError: 'predict_proba'

During handling of the above exception, another exception occurred:

Traceback (most recent call last):
  File "c:\Users\indiz\miniconda3\envs\gan\lib\site-packages\pycaret\internal\metrics.py", line 130, in _score
    return super()._score(
  File "c:\Users\indiz\miniconda3\envs\gan\lib\site-packages\sklearn\metrics\_scorer.py", line 302, in _score
    y_pred = method_caller(clf, "predict_proba", X)
  File "c:\Users\indiz\miniconda3\envs\gan\lib\site-packages\sklearn\metrics\_scorer.py", line 77, in _cached_call
    result = getattr(estimator, method)(*args, **kwargs)
  File "c:\Users\indiz\miniconda3\envs\gan\lib\site-packages\pycaret\internal\pipeline.py", line 121, in __getattr__
    return getattr(self._final_estimator, name)
AttributeError: 'RidgeClassifier' object has no attribute 'predict_proba'

  warnings.warn(

2023-04-28 17:12:41,686:WARNING:c:\Users\indiz\miniconda3\envs\gan\lib\site-packages\pycaret\internal\metrics.py:138: FitFailedWarning: Metric 'make_scorer(roc_auc_score, needs_proba=True, error_score=0.0, average=weighted, multi_class=ovr)' failed and error score 0.0 has been returned instead. If this is a custom metric, this usually means that the error is in the metric code. Full exception below:
Traceback (most recent call last):
  File "c:\Users\indiz\miniconda3\envs\gan\lib\site-packages\sklearn\metrics\_scorer.py", line 75, in _cached_call
    return cache[method]
KeyError: 'predict_proba'

During handling of the above exception, another exception occurred:

Traceback (most recent call last):
  File "c:\Users\indiz\miniconda3\envs\gan\lib\site-packages\pycaret\internal\metrics.py", line 130, in _score
    return super()._score(
  File "c:\Users\indiz\miniconda3\envs\gan\lib\site-packages\sklearn\metrics\_scorer.py", line 302, in _score
    y_pred = method_caller(clf, "predict_proba", X)
  File "c:\Users\indiz\miniconda3\envs\gan\lib\site-packages\sklearn\metrics\_scorer.py", line 77, in _cached_call
    result = getattr(estimator, method)(*args, **kwargs)
  File "c:\Users\indiz\miniconda3\envs\gan\lib\site-packages\pycaret\internal\pipeline.py", line 121, in __getattr__
    return getattr(self._final_estimator, name)
AttributeError: 'RidgeClassifier' object has no attribute 'predict_proba'

  warnings.warn(

2023-04-28 17:12:41,688:WARNING:c:\Users\indiz\miniconda3\envs\gan\lib\site-packages\pycaret\internal\metrics.py:138: FitFailedWarning: Metric 'make_scorer(roc_auc_score, needs_proba=True, error_score=0.0, average=weighted, multi_class=ovr)' failed and error score 0.0 has been returned instead. If this is a custom metric, this usually means that the error is in the metric code. Full exception below:
Traceback (most recent call last):
  File "c:\Users\indiz\miniconda3\envs\gan\lib\site-packages\sklearn\metrics\_scorer.py", line 75, in _cached_call
    return cache[method]
KeyError: 'predict_proba'

During handling of the above exception, another exception occurred:

Traceback (most recent call last):
  File "c:\Users\indiz\miniconda3\envs\gan\lib\site-packages\pycaret\internal\metrics.py", line 130, in _score
    return super()._score(
  File "c:\Users\indiz\miniconda3\envs\gan\lib\site-packages\sklearn\metrics\_scorer.py", line 302, in _score
    y_pred = method_caller(clf, "predict_proba", X)
  File "c:\Users\indiz\miniconda3\envs\gan\lib\site-packages\sklearn\metrics\_scorer.py", line 77, in _cached_call
    result = getattr(estimator, method)(*args, **kwargs)
  File "c:\Users\indiz\miniconda3\envs\gan\lib\site-packages\pycaret\internal\pipeline.py", line 121, in __getattr__
    return getattr(self._final_estimator, name)
AttributeError: 'RidgeClassifier' object has no attribute 'predict_proba'

  warnings.warn(

2023-04-28 17:12:41,704:WARNING:c:\Users\indiz\miniconda3\envs\gan\lib\site-packages\pycaret\internal\metrics.py:138: FitFailedWarning: Metric 'make_scorer(roc_auc_score, needs_proba=True, error_score=0.0, average=weighted, multi_class=ovr)' failed and error score 0.0 has been returned instead. If this is a custom metric, this usually means that the error is in the metric code. Full exception below:
Traceback (most recent call last):
  File "c:\Users\indiz\miniconda3\envs\gan\lib\site-packages\sklearn\metrics\_scorer.py", line 75, in _cached_call
    return cache[method]
KeyError: 'predict_proba'

During handling of the above exception, another exception occurred:

Traceback (most recent call last):
  File "c:\Users\indiz\miniconda3\envs\gan\lib\site-packages\pycaret\internal\metrics.py", line 130, in _score
    return super()._score(
  File "c:\Users\indiz\miniconda3\envs\gan\lib\site-packages\sklearn\metrics\_scorer.py", line 302, in _score
    y_pred = method_caller(clf, "predict_proba", X)
  File "c:\Users\indiz\miniconda3\envs\gan\lib\site-packages\sklearn\metrics\_scorer.py", line 77, in _cached_call
    result = getattr(estimator, method)(*args, **kwargs)
  File "c:\Users\indiz\miniconda3\envs\gan\lib\site-packages\pycaret\internal\pipeline.py", line 121, in __getattr__
    return getattr(self._final_estimator, name)
AttributeError: 'RidgeClassifier' object has no attribute 'predict_proba'

  warnings.warn(

2023-04-28 17:12:41,708:WARNING:c:\Users\indiz\miniconda3\envs\gan\lib\site-packages\pycaret\internal\metrics.py:138: FitFailedWarning: Metric 'make_scorer(roc_auc_score, needs_proba=True, error_score=0.0, average=weighted, multi_class=ovr)' failed and error score 0.0 has been returned instead. If this is a custom metric, this usually means that the error is in the metric code. Full exception below:
Traceback (most recent call last):
  File "c:\Users\indiz\miniconda3\envs\gan\lib\site-packages\sklearn\metrics\_scorer.py", line 75, in _cached_call
    return cache[method]
KeyError: 'predict_proba'

During handling of the above exception, another exception occurred:

Traceback (most recent call last):
  File "c:\Users\indiz\miniconda3\envs\gan\lib\site-packages\pycaret\internal\metrics.py", line 130, in _score
    return super()._score(
  File "c:\Users\indiz\miniconda3\envs\gan\lib\site-packages\sklearn\metrics\_scorer.py", line 302, in _score
    y_pred = method_caller(clf, "predict_proba", X)
  File "c:\Users\indiz\miniconda3\envs\gan\lib\site-packages\sklearn\metrics\_scorer.py", line 77, in _cached_call
    result = getattr(estimator, method)(*args, **kwargs)
  File "c:\Users\indiz\miniconda3\envs\gan\lib\site-packages\pycaret\internal\pipeline.py", line 121, in __getattr__
    return getattr(self._final_estimator, name)
AttributeError: 'RidgeClassifier' object has no attribute 'predict_proba'

  warnings.warn(

2023-04-28 17:12:42,278:INFO:Calculating mean and std
2023-04-28 17:12:42,279:INFO:Creating metrics dataframe
2023-04-28 17:12:42,329:INFO:Uploading results into container
2023-04-28 17:12:42,330:INFO:Uploading model into container now
2023-04-28 17:12:42,330:INFO:_master_model_container: 7
2023-04-28 17:12:42,330:INFO:_display_container: 2
2023-04-28 17:12:42,330:INFO:RidgeClassifier(alpha=1.0, class_weight=None, copy_X=True, fit_intercept=True,
                max_iter=None, positive=False, random_state=123, solver='auto',
                tol=0.0001)
2023-04-28 17:12:42,330:INFO:create_model() successfully completed......................................
2023-04-28 17:12:42,468:INFO:SubProcess create_model() end ==================================
2023-04-28 17:12:42,468:INFO:Creating metrics dataframe
2023-04-28 17:12:42,476:INFO:Initializing Random Forest Classifier
2023-04-28 17:12:42,476:INFO:Total runtime is 0.2888753175735474 minutes
2023-04-28 17:12:42,477:INFO:SubProcess create_model() called ==================================
2023-04-28 17:12:42,478:INFO:Initializing create_model()
2023-04-28 17:12:42,478:INFO:create_model(self=<pycaret.classification.oop.ClassificationExperiment object at 0x000001DE5BD93A00>, estimator=rf, fold=StratifiedKFold(n_splits=10, random_state=None, shuffle=False), round=4, cross_validation=True, predict=True, fit_kwargs={}, groups=None, refit=False, probability_threshold=None, experiment_custom_tags=None, verbose=False, system=False, add_to_model_list=True, metrics=None, display=<pycaret.internal.display.display.CommonDisplay object at 0x000001DE5BD93B20>, model_only=True, return_train_score=False, kwargs={})
2023-04-28 17:12:42,478:INFO:Checking exceptions
2023-04-28 17:12:42,478:INFO:Importing libraries
2023-04-28 17:12:42,478:INFO:Copying training dataset
2023-04-28 17:12:42,498:INFO:Defining folds
2023-04-28 17:12:42,498:INFO:Declaring metric variables
2023-04-28 17:12:42,501:INFO:Importing untrained model
2023-04-28 17:12:42,504:INFO:Random Forest Classifier Imported successfully
2023-04-28 17:12:42,508:INFO:Starting cross validation
2023-04-28 17:12:42,509:INFO:Cross validating with StratifiedKFold(n_splits=10, random_state=None, shuffle=False), n_jobs=-1
2023-04-28 17:12:46,222:WARNING:c:\Users\indiz\miniconda3\envs\gan\lib\site-packages\pycaret\internal\pipeline.py:260: UserWarning: Persisting input arguments took 0.55s to run.
If this happens often in your code, it can cause performance problems 
(results will be correct in all cases). 
The reason for this is probably some large input arguments for a wrapped
 function (e.g. large strings).
THIS IS A JOBLIB ISSUE. If you can, kindly provide the joblib's team with an
 example so that they can fix the problem.
  fitted_estimator = self._memory_fit(

2023-04-28 17:12:46,284:WARNING:c:\Users\indiz\miniconda3\envs\gan\lib\site-packages\pycaret\internal\pipeline.py:260: UserWarning: Persisting input arguments took 0.58s to run.
If this happens often in your code, it can cause performance problems 
(results will be correct in all cases). 
The reason for this is probably some large input arguments for a wrapped
 function (e.g. large strings).
THIS IS A JOBLIB ISSUE. If you can, kindly provide the joblib's team with an
 example so that they can fix the problem.
  fitted_estimator = self._memory_fit(

2023-04-28 17:12:46,639:WARNING:c:\Users\indiz\miniconda3\envs\gan\lib\site-packages\pycaret\internal\pipeline.py:260: UserWarning: Persisting input arguments took 0.51s to run.
If this happens often in your code, it can cause performance problems 
(results will be correct in all cases). 
The reason for this is probably some large input arguments for a wrapped
 function (e.g. large strings).
THIS IS A JOBLIB ISSUE. If you can, kindly provide the joblib's team with an
 example so that they can fix the problem.
  fitted_estimator = self._memory_fit(

2023-04-28 17:12:46,940:WARNING:c:\Users\indiz\miniconda3\envs\gan\lib\site-packages\pycaret\internal\pipeline.py:260: UserWarning: Persisting input arguments took 0.82s to run.
If this happens often in your code, it can cause performance problems 
(results will be correct in all cases). 
The reason for this is probably some large input arguments for a wrapped
 function (e.g. large strings).
THIS IS A JOBLIB ISSUE. If you can, kindly provide the joblib's team with an
 example so that they can fix the problem.
  fitted_estimator = self._memory_fit(

2023-04-28 17:12:48,218:WARNING:c:\Users\indiz\miniconda3\envs\gan\lib\site-packages\pycaret\internal\pipeline.py:310: UserWarning: Persisting input arguments took 0.65s to run.
If this happens often in your code, it can cause performance problems 
(results will be correct in all cases). 
The reason for this is probably some large input arguments for a wrapped
 function (e.g. large strings).
THIS IS A JOBLIB ISSUE. If you can, kindly provide the joblib's team with an
 example so that they can fix the problem.
  X, _ = self._memory_full_transform(self, X, None, with_final=False)

2023-04-28 17:12:51,038:INFO:Calculating mean and std
2023-04-28 17:12:51,039:INFO:Creating metrics dataframe
2023-04-28 17:12:51,091:INFO:Uploading results into container
2023-04-28 17:12:51,091:INFO:Uploading model into container now
2023-04-28 17:12:51,091:INFO:_master_model_container: 8
2023-04-28 17:12:51,091:INFO:_display_container: 2
2023-04-28 17:12:51,092:INFO:RandomForestClassifier(bootstrap=True, ccp_alpha=0.0, class_weight=None,
                       criterion='gini', max_depth=None, max_features='sqrt',
                       max_leaf_nodes=None, max_samples=None,
                       min_impurity_decrease=0.0, min_samples_leaf=1,
                       min_samples_split=2, min_weight_fraction_leaf=0.0,
                       n_estimators=100, n_jobs=-1, oob_score=False,
                       random_state=123, verbose=0, warm_start=False)
2023-04-28 17:12:51,092:INFO:create_model() successfully completed......................................
2023-04-28 17:12:51,231:INFO:SubProcess create_model() end ==================================
2023-04-28 17:12:51,231:INFO:Creating metrics dataframe
2023-04-28 17:12:51,239:INFO:Initializing Quadratic Discriminant Analysis
2023-04-28 17:12:51,239:INFO:Total runtime is 0.4349346240361532 minutes
2023-04-28 17:12:51,241:INFO:SubProcess create_model() called ==================================
2023-04-28 17:12:51,241:INFO:Initializing create_model()
2023-04-28 17:12:51,241:INFO:create_model(self=<pycaret.classification.oop.ClassificationExperiment object at 0x000001DE5BD93A00>, estimator=qda, fold=StratifiedKFold(n_splits=10, random_state=None, shuffle=False), round=4, cross_validation=True, predict=True, fit_kwargs={}, groups=None, refit=False, probability_threshold=None, experiment_custom_tags=None, verbose=False, system=False, add_to_model_list=True, metrics=None, display=<pycaret.internal.display.display.CommonDisplay object at 0x000001DE5BD93B20>, model_only=True, return_train_score=False, kwargs={})
2023-04-28 17:12:51,241:INFO:Checking exceptions
2023-04-28 17:12:51,241:INFO:Importing libraries
2023-04-28 17:12:51,241:INFO:Copying training dataset
2023-04-28 17:12:51,262:INFO:Defining folds
2023-04-28 17:12:51,262:INFO:Declaring metric variables
2023-04-28 17:12:51,264:INFO:Importing untrained model
2023-04-28 17:12:51,267:INFO:Quadratic Discriminant Analysis Imported successfully
2023-04-28 17:12:51,271:INFO:Starting cross validation
2023-04-28 17:12:51,271:INFO:Cross validating with StratifiedKFold(n_splits=10, random_state=None, shuffle=False), n_jobs=-1
2023-04-28 17:12:52,090:INFO:Calculating mean and std
2023-04-28 17:12:52,091:INFO:Creating metrics dataframe
2023-04-28 17:12:52,147:INFO:Uploading results into container
2023-04-28 17:12:52,147:INFO:Uploading model into container now
2023-04-28 17:12:52,148:INFO:_master_model_container: 9
2023-04-28 17:12:52,148:INFO:_display_container: 2
2023-04-28 17:12:52,148:INFO:QuadraticDiscriminantAnalysis(priors=None, reg_param=0.0,
                              store_covariance=False, tol=0.0001)
2023-04-28 17:12:52,148:INFO:create_model() successfully completed......................................
2023-04-28 17:12:52,285:INFO:SubProcess create_model() end ==================================
2023-04-28 17:12:52,287:INFO:Creating metrics dataframe
2023-04-28 17:12:52,294:INFO:Initializing Ada Boost Classifier
2023-04-28 17:12:52,295:INFO:Total runtime is 0.45252563158671066 minutes
2023-04-28 17:12:52,297:INFO:SubProcess create_model() called ==================================
2023-04-28 17:12:52,298:INFO:Initializing create_model()
2023-04-28 17:12:52,298:INFO:create_model(self=<pycaret.classification.oop.ClassificationExperiment object at 0x000001DE5BD93A00>, estimator=ada, fold=StratifiedKFold(n_splits=10, random_state=None, shuffle=False), round=4, cross_validation=True, predict=True, fit_kwargs={}, groups=None, refit=False, probability_threshold=None, experiment_custom_tags=None, verbose=False, system=False, add_to_model_list=True, metrics=None, display=<pycaret.internal.display.display.CommonDisplay object at 0x000001DE5BD93B20>, model_only=True, return_train_score=False, kwargs={})
2023-04-28 17:12:52,298:INFO:Checking exceptions
2023-04-28 17:12:52,298:INFO:Importing libraries
2023-04-28 17:12:52,298:INFO:Copying training dataset
2023-04-28 17:12:52,320:INFO:Defining folds
2023-04-28 17:12:52,320:INFO:Declaring metric variables
2023-04-28 17:12:52,323:INFO:Importing untrained model
2023-04-28 17:12:52,325:INFO:Ada Boost Classifier Imported successfully
2023-04-28 17:12:52,330:INFO:Starting cross validation
2023-04-28 17:12:52,330:INFO:Cross validating with StratifiedKFold(n_splits=10, random_state=None, shuffle=False), n_jobs=-1
2023-04-28 17:12:55,336:INFO:Calculating mean and std
2023-04-28 17:12:55,337:INFO:Creating metrics dataframe
2023-04-28 17:12:55,392:INFO:Uploading results into container
2023-04-28 17:12:55,393:INFO:Uploading model into container now
2023-04-28 17:12:55,394:INFO:_master_model_container: 10
2023-04-28 17:12:55,394:INFO:_display_container: 2
2023-04-28 17:12:55,394:INFO:AdaBoostClassifier(algorithm='SAMME.R', base_estimator='deprecated',
                   estimator=None, learning_rate=1.0, n_estimators=50,
                   random_state=123)
2023-04-28 17:12:55,394:INFO:create_model() successfully completed......................................
2023-04-28 17:12:55,531:INFO:SubProcess create_model() end ==================================
2023-04-28 17:12:55,531:INFO:Creating metrics dataframe
2023-04-28 17:12:55,540:INFO:Initializing Gradient Boosting Classifier
2023-04-28 17:12:55,540:INFO:Total runtime is 0.5066140095392864 minutes
2023-04-28 17:12:55,543:INFO:SubProcess create_model() called ==================================
2023-04-28 17:12:55,543:INFO:Initializing create_model()
2023-04-28 17:12:55,543:INFO:create_model(self=<pycaret.classification.oop.ClassificationExperiment object at 0x000001DE5BD93A00>, estimator=gbc, fold=StratifiedKFold(n_splits=10, random_state=None, shuffle=False), round=4, cross_validation=True, predict=True, fit_kwargs={}, groups=None, refit=False, probability_threshold=None, experiment_custom_tags=None, verbose=False, system=False, add_to_model_list=True, metrics=None, display=<pycaret.internal.display.display.CommonDisplay object at 0x000001DE5BD93B20>, model_only=True, return_train_score=False, kwargs={})
2023-04-28 17:12:55,543:INFO:Checking exceptions
2023-04-28 17:12:55,543:INFO:Importing libraries
2023-04-28 17:12:55,543:INFO:Copying training dataset
2023-04-28 17:12:55,565:INFO:Defining folds
2023-04-28 17:12:55,565:INFO:Declaring metric variables
2023-04-28 17:12:55,569:INFO:Importing untrained model
2023-04-28 17:12:55,571:INFO:Gradient Boosting Classifier Imported successfully
2023-04-28 17:12:55,575:INFO:Starting cross validation
2023-04-28 17:12:55,576:INFO:Cross validating with StratifiedKFold(n_splits=10, random_state=None, shuffle=False), n_jobs=-1
2023-04-28 17:13:05,614:INFO:Calculating mean and std
2023-04-28 17:13:05,615:INFO:Creating metrics dataframe
2023-04-28 17:13:05,674:INFO:Uploading results into container
2023-04-28 17:13:05,675:INFO:Uploading model into container now
2023-04-28 17:13:05,675:INFO:_master_model_container: 11
2023-04-28 17:13:05,675:INFO:_display_container: 2
2023-04-28 17:13:05,675:INFO:GradientBoostingClassifier(ccp_alpha=0.0, criterion='friedman_mse', init=None,
                           learning_rate=0.1, loss='log_loss', max_depth=3,
                           max_features=None, max_leaf_nodes=None,
                           min_impurity_decrease=0.0, min_samples_leaf=1,
                           min_samples_split=2, min_weight_fraction_leaf=0.0,
                           n_estimators=100, n_iter_no_change=None,
                           random_state=123, subsample=1.0, tol=0.0001,
                           validation_fraction=0.1, verbose=0,
                           warm_start=False)
2023-04-28 17:13:05,675:INFO:create_model() successfully completed......................................
2023-04-28 17:13:05,816:INFO:SubProcess create_model() end ==================================
2023-04-28 17:13:05,816:INFO:Creating metrics dataframe
2023-04-28 17:13:05,824:INFO:Initializing Linear Discriminant Analysis
2023-04-28 17:13:05,824:INFO:Total runtime is 0.6780107736587525 minutes
2023-04-28 17:13:05,826:INFO:SubProcess create_model() called ==================================
2023-04-28 17:13:05,826:INFO:Initializing create_model()
2023-04-28 17:13:05,826:INFO:create_model(self=<pycaret.classification.oop.ClassificationExperiment object at 0x000001DE5BD93A00>, estimator=lda, fold=StratifiedKFold(n_splits=10, random_state=None, shuffle=False), round=4, cross_validation=True, predict=True, fit_kwargs={}, groups=None, refit=False, probability_threshold=None, experiment_custom_tags=None, verbose=False, system=False, add_to_model_list=True, metrics=None, display=<pycaret.internal.display.display.CommonDisplay object at 0x000001DE5BD93B20>, model_only=True, return_train_score=False, kwargs={})
2023-04-28 17:13:05,826:INFO:Checking exceptions
2023-04-28 17:13:05,826:INFO:Importing libraries
2023-04-28 17:13:05,826:INFO:Copying training dataset
2023-04-28 17:13:05,845:INFO:Defining folds
2023-04-28 17:13:05,846:INFO:Declaring metric variables
2023-04-28 17:13:05,849:INFO:Importing untrained model
2023-04-28 17:13:05,851:INFO:Linear Discriminant Analysis Imported successfully
2023-04-28 17:13:05,855:INFO:Starting cross validation
2023-04-28 17:13:05,855:INFO:Cross validating with StratifiedKFold(n_splits=10, random_state=None, shuffle=False), n_jobs=-1
2023-04-28 17:13:06,970:INFO:Calculating mean and std
2023-04-28 17:13:06,971:INFO:Creating metrics dataframe
2023-04-28 17:13:07,030:INFO:Uploading results into container
2023-04-28 17:13:07,031:INFO:Uploading model into container now
2023-04-28 17:13:07,031:INFO:_master_model_container: 12
2023-04-28 17:13:07,031:INFO:_display_container: 2
2023-04-28 17:13:07,031:INFO:LinearDiscriminantAnalysis(covariance_estimator=None, n_components=None,
                           priors=None, shrinkage=None, solver='svd',
                           store_covariance=False, tol=0.0001)
2023-04-28 17:13:07,031:INFO:create_model() successfully completed......................................
2023-04-28 17:13:07,172:INFO:SubProcess create_model() end ==================================
2023-04-28 17:13:07,172:INFO:Creating metrics dataframe
2023-04-28 17:13:07,181:INFO:Initializing Extra Trees Classifier
2023-04-28 17:13:07,181:INFO:Total runtime is 0.7006279587745667 minutes
2023-04-28 17:13:07,183:INFO:SubProcess create_model() called ==================================
2023-04-28 17:13:07,183:INFO:Initializing create_model()
2023-04-28 17:13:07,183:INFO:create_model(self=<pycaret.classification.oop.ClassificationExperiment object at 0x000001DE5BD93A00>, estimator=et, fold=StratifiedKFold(n_splits=10, random_state=None, shuffle=False), round=4, cross_validation=True, predict=True, fit_kwargs={}, groups=None, refit=False, probability_threshold=None, experiment_custom_tags=None, verbose=False, system=False, add_to_model_list=True, metrics=None, display=<pycaret.internal.display.display.CommonDisplay object at 0x000001DE5BD93B20>, model_only=True, return_train_score=False, kwargs={})
2023-04-28 17:13:07,183:INFO:Checking exceptions
2023-04-28 17:13:07,183:INFO:Importing libraries
2023-04-28 17:13:07,183:INFO:Copying training dataset
2023-04-28 17:13:07,205:INFO:Defining folds
2023-04-28 17:13:07,205:INFO:Declaring metric variables
2023-04-28 17:13:07,209:INFO:Importing untrained model
2023-04-28 17:13:07,211:INFO:Extra Trees Classifier Imported successfully
2023-04-28 17:13:07,216:INFO:Starting cross validation
2023-04-28 17:13:07,216:INFO:Cross validating with StratifiedKFold(n_splits=10, random_state=None, shuffle=False), n_jobs=-1
2023-04-28 17:13:09,849:WARNING:c:\Users\indiz\miniconda3\envs\gan\lib\site-packages\pycaret\internal\pipeline.py:260: UserWarning: Persisting input arguments took 0.76s to run.
If this happens often in your code, it can cause performance problems 
(results will be correct in all cases). 
The reason for this is probably some large input arguments for a wrapped
 function (e.g. large strings).
THIS IS A JOBLIB ISSUE. If you can, kindly provide the joblib's team with an
 example so that they can fix the problem.
  fitted_estimator = self._memory_fit(

2023-04-28 17:13:10,341:WARNING:c:\Users\indiz\miniconda3\envs\gan\lib\site-packages\pycaret\internal\pipeline.py:260: UserWarning: Persisting input arguments took 1.00s to run.
If this happens often in your code, it can cause performance problems 
(results will be correct in all cases). 
The reason for this is probably some large input arguments for a wrapped
 function (e.g. large strings).
THIS IS A JOBLIB ISSUE. If you can, kindly provide the joblib's team with an
 example so that they can fix the problem.
  fitted_estimator = self._memory_fit(

2023-04-28 17:13:10,379:WARNING:c:\Users\indiz\miniconda3\envs\gan\lib\site-packages\pycaret\internal\pipeline.py:260: UserWarning: Persisting input arguments took 0.72s to run.
If this happens often in your code, it can cause performance problems 
(results will be correct in all cases). 
The reason for this is probably some large input arguments for a wrapped
 function (e.g. large strings).
THIS IS A JOBLIB ISSUE. If you can, kindly provide the joblib's team with an
 example so that they can fix the problem.
  fitted_estimator = self._memory_fit(

2023-04-28 17:13:11,197:WARNING:c:\Users\indiz\miniconda3\envs\gan\lib\site-packages\pycaret\internal\pipeline.py:260: UserWarning: Persisting input arguments took 0.67s to run.
If this happens often in your code, it can cause performance problems 
(results will be correct in all cases). 
The reason for this is probably some large input arguments for a wrapped
 function (e.g. large strings).
THIS IS A JOBLIB ISSUE. If you can, kindly provide the joblib's team with an
 example so that they can fix the problem.
  fitted_estimator = self._memory_fit(

2023-04-28 17:13:14,678:INFO:Calculating mean and std
2023-04-28 17:13:14,679:INFO:Creating metrics dataframe
2023-04-28 17:13:14,743:INFO:Uploading results into container
2023-04-28 17:13:14,744:INFO:Uploading model into container now
2023-04-28 17:13:14,744:INFO:_master_model_container: 13
2023-04-28 17:13:14,744:INFO:_display_container: 2
2023-04-28 17:13:14,744:INFO:ExtraTreesClassifier(bootstrap=False, ccp_alpha=0.0, class_weight=None,
                     criterion='gini', max_depth=None, max_features='sqrt',
                     max_leaf_nodes=None, max_samples=None,
                     min_impurity_decrease=0.0, min_samples_leaf=1,
                     min_samples_split=2, min_weight_fraction_leaf=0.0,
                     n_estimators=100, n_jobs=-1, oob_score=False,
                     random_state=123, verbose=0, warm_start=False)
2023-04-28 17:13:14,744:INFO:create_model() successfully completed......................................
2023-04-28 17:13:14,883:INFO:SubProcess create_model() end ==================================
2023-04-28 17:13:14,883:INFO:Creating metrics dataframe
2023-04-28 17:13:14,891:INFO:Initializing Extreme Gradient Boosting
2023-04-28 17:13:14,891:INFO:Total runtime is 0.8291384299596152 minutes
2023-04-28 17:13:14,893:INFO:SubProcess create_model() called ==================================
2023-04-28 17:13:14,893:INFO:Initializing create_model()
2023-04-28 17:13:14,893:INFO:create_model(self=<pycaret.classification.oop.ClassificationExperiment object at 0x000001DE5BD93A00>, estimator=xgboost, fold=StratifiedKFold(n_splits=10, random_state=None, shuffle=False), round=4, cross_validation=True, predict=True, fit_kwargs={}, groups=None, refit=False, probability_threshold=None, experiment_custom_tags=None, verbose=False, system=False, add_to_model_list=True, metrics=None, display=<pycaret.internal.display.display.CommonDisplay object at 0x000001DE5BD93B20>, model_only=True, return_train_score=False, kwargs={})
2023-04-28 17:13:14,893:INFO:Checking exceptions
2023-04-28 17:13:14,894:INFO:Importing libraries
2023-04-28 17:13:14,894:INFO:Copying training dataset
2023-04-28 17:13:14,917:INFO:Defining folds
2023-04-28 17:13:14,917:INFO:Declaring metric variables
2023-04-28 17:13:14,919:INFO:Importing untrained model
2023-04-28 17:13:14,922:INFO:Extreme Gradient Boosting Imported successfully
2023-04-28 17:13:14,926:INFO:Starting cross validation
2023-04-28 17:13:14,927:INFO:Cross validating with StratifiedKFold(n_splits=10, random_state=None, shuffle=False), n_jobs=-1
2023-04-28 17:13:20,766:INFO:Calculating mean and std
2023-04-28 17:13:20,767:INFO:Creating metrics dataframe
2023-04-28 17:13:20,839:INFO:Uploading results into container
2023-04-28 17:13:20,839:INFO:Uploading model into container now
2023-04-28 17:13:20,839:INFO:_master_model_container: 14
2023-04-28 17:13:20,839:INFO:_display_container: 2
2023-04-28 17:13:20,840:INFO:XGBClassifier(base_score=None, booster='gbtree', callbacks=None,
              colsample_bylevel=None, colsample_bynode=None,
              colsample_bytree=None, early_stopping_rounds=None,
              enable_categorical=False, eval_metric=None, feature_types=None,
              gamma=None, gpu_id=None, grow_policy=None, importance_type=None,
              interaction_constraints=None, learning_rate=None, max_bin=None,
              max_cat_threshold=None, max_cat_to_onehot=None,
              max_delta_step=None, max_depth=None, max_leaves=None,
              min_child_weight=None, missing=nan, monotone_constraints=None,
              n_estimators=100, n_jobs=-1, num_parallel_tree=None,
              objective='binary:logistic', predictor=None, ...)
2023-04-28 17:13:20,840:INFO:create_model() successfully completed......................................
2023-04-28 17:13:20,984:INFO:SubProcess create_model() end ==================================
2023-04-28 17:13:20,984:INFO:Creating metrics dataframe
2023-04-28 17:13:20,994:INFO:Initializing Light Gradient Boosting Machine
2023-04-28 17:13:20,994:INFO:Total runtime is 0.9308424711227418 minutes
2023-04-28 17:13:20,996:INFO:SubProcess create_model() called ==================================
2023-04-28 17:13:20,996:INFO:Initializing create_model()
2023-04-28 17:13:20,996:INFO:create_model(self=<pycaret.classification.oop.ClassificationExperiment object at 0x000001DE5BD93A00>, estimator=lightgbm, fold=StratifiedKFold(n_splits=10, random_state=None, shuffle=False), round=4, cross_validation=True, predict=True, fit_kwargs={}, groups=None, refit=False, probability_threshold=None, experiment_custom_tags=None, verbose=False, system=False, add_to_model_list=True, metrics=None, display=<pycaret.internal.display.display.CommonDisplay object at 0x000001DE5BD93B20>, model_only=True, return_train_score=False, kwargs={})
2023-04-28 17:13:20,996:INFO:Checking exceptions
2023-04-28 17:13:20,996:INFO:Importing libraries
2023-04-28 17:13:20,997:INFO:Copying training dataset
2023-04-28 17:13:21,016:INFO:Defining folds
2023-04-28 17:13:21,016:INFO:Declaring metric variables
2023-04-28 17:13:21,019:INFO:Importing untrained model
2023-04-28 17:13:21,022:INFO:Light Gradient Boosting Machine Imported successfully
2023-04-28 17:13:21,027:INFO:Starting cross validation
2023-04-28 17:13:21,028:INFO:Cross validating with StratifiedKFold(n_splits=10, random_state=None, shuffle=False), n_jobs=-1
2023-04-28 17:13:22,767:INFO:Calculating mean and std
2023-04-28 17:13:22,768:INFO:Creating metrics dataframe
2023-04-28 17:13:22,839:INFO:Uploading results into container
2023-04-28 17:13:22,839:INFO:Uploading model into container now
2023-04-28 17:13:22,840:INFO:_master_model_container: 15
2023-04-28 17:13:22,840:INFO:_display_container: 2
2023-04-28 17:13:22,840:INFO:LGBMClassifier(boosting_type='gbdt', class_weight=None, colsample_bytree=1.0,
               importance_type='split', learning_rate=0.1, max_depth=-1,
               min_child_samples=20, min_child_weight=0.001, min_split_gain=0.0,
               n_estimators=100, n_jobs=-1, num_leaves=31, objective=None,
               random_state=123, reg_alpha=0.0, reg_lambda=0.0, silent='warn',
               subsample=1.0, subsample_for_bin=200000, subsample_freq=0)
2023-04-28 17:13:22,840:INFO:create_model() successfully completed......................................
2023-04-28 17:13:22,983:INFO:SubProcess create_model() end ==================================
2023-04-28 17:13:22,984:INFO:Creating metrics dataframe
2023-04-28 17:13:22,993:INFO:Initializing Dummy Classifier
2023-04-28 17:13:22,993:INFO:Total runtime is 0.9641638000806173 minutes
2023-04-28 17:13:22,996:INFO:SubProcess create_model() called ==================================
2023-04-28 17:13:22,997:INFO:Initializing create_model()
2023-04-28 17:13:22,997:INFO:create_model(self=<pycaret.classification.oop.ClassificationExperiment object at 0x000001DE5BD93A00>, estimator=dummy, fold=StratifiedKFold(n_splits=10, random_state=None, shuffle=False), round=4, cross_validation=True, predict=True, fit_kwargs={}, groups=None, refit=False, probability_threshold=None, experiment_custom_tags=None, verbose=False, system=False, add_to_model_list=True, metrics=None, display=<pycaret.internal.display.display.CommonDisplay object at 0x000001DE5BD93B20>, model_only=True, return_train_score=False, kwargs={})
2023-04-28 17:13:22,997:INFO:Checking exceptions
2023-04-28 17:13:22,997:INFO:Importing libraries
2023-04-28 17:13:22,997:INFO:Copying training dataset
2023-04-28 17:13:23,018:INFO:Defining folds
2023-04-28 17:13:23,019:INFO:Declaring metric variables
2023-04-28 17:13:23,021:INFO:Importing untrained model
2023-04-28 17:13:23,024:INFO:Dummy Classifier Imported successfully
2023-04-28 17:13:23,028:INFO:Starting cross validation
2023-04-28 17:13:23,029:INFO:Cross validating with StratifiedKFold(n_splits=10, random_state=None, shuffle=False), n_jobs=-1
2023-04-28 17:13:23,158:WARNING:c:\Users\indiz\miniconda3\envs\gan\lib\site-packages\sklearn\metrics\_classification.py:1344: UndefinedMetricWarning: Precision is ill-defined and being set to 0.0 due to no predicted samples. Use `zero_division` parameter to control this behavior.
  _warn_prf(average, modifier, msg_start, len(result))

2023-04-28 17:13:23,167:WARNING:c:\Users\indiz\miniconda3\envs\gan\lib\site-packages\sklearn\metrics\_classification.py:1344: UndefinedMetricWarning: Precision is ill-defined and being set to 0.0 due to no predicted samples. Use `zero_division` parameter to control this behavior.
  _warn_prf(average, modifier, msg_start, len(result))

2023-04-28 17:13:23,172:WARNING:c:\Users\indiz\miniconda3\envs\gan\lib\site-packages\sklearn\metrics\_classification.py:1344: UndefinedMetricWarning: Precision is ill-defined and being set to 0.0 due to no predicted samples. Use `zero_division` parameter to control this behavior.
  _warn_prf(average, modifier, msg_start, len(result))

2023-04-28 17:13:23,180:WARNING:c:\Users\indiz\miniconda3\envs\gan\lib\site-packages\sklearn\metrics\_classification.py:1344: UndefinedMetricWarning: Precision is ill-defined and being set to 0.0 due to no predicted samples. Use `zero_division` parameter to control this behavior.
  _warn_prf(average, modifier, msg_start, len(result))

2023-04-28 17:13:23,184:WARNING:c:\Users\indiz\miniconda3\envs\gan\lib\site-packages\sklearn\metrics\_classification.py:1344: UndefinedMetricWarning: Precision is ill-defined and being set to 0.0 due to no predicted samples. Use `zero_division` parameter to control this behavior.
  _warn_prf(average, modifier, msg_start, len(result))

2023-04-28 17:13:23,192:WARNING:c:\Users\indiz\miniconda3\envs\gan\lib\site-packages\sklearn\metrics\_classification.py:1344: UndefinedMetricWarning: Precision is ill-defined and being set to 0.0 due to no predicted samples. Use `zero_division` parameter to control this behavior.
  _warn_prf(average, modifier, msg_start, len(result))

2023-04-28 17:13:23,201:WARNING:c:\Users\indiz\miniconda3\envs\gan\lib\site-packages\sklearn\metrics\_classification.py:1344: UndefinedMetricWarning: Precision is ill-defined and being set to 0.0 due to no predicted samples. Use `zero_division` parameter to control this behavior.
  _warn_prf(average, modifier, msg_start, len(result))

2023-04-28 17:13:23,201:WARNING:c:\Users\indiz\miniconda3\envs\gan\lib\site-packages\sklearn\metrics\_classification.py:1344: UndefinedMetricWarning: Precision is ill-defined and being set to 0.0 due to no predicted samples. Use `zero_division` parameter to control this behavior.
  _warn_prf(average, modifier, msg_start, len(result))

2023-04-28 17:13:23,209:WARNING:c:\Users\indiz\miniconda3\envs\gan\lib\site-packages\sklearn\metrics\_classification.py:1344: UndefinedMetricWarning: Precision is ill-defined and being set to 0.0 due to no predicted samples. Use `zero_division` parameter to control this behavior.
  _warn_prf(average, modifier, msg_start, len(result))

2023-04-28 17:13:23,216:WARNING:c:\Users\indiz\miniconda3\envs\gan\lib\site-packages\sklearn\metrics\_classification.py:1344: UndefinedMetricWarning: Precision is ill-defined and being set to 0.0 due to no predicted samples. Use `zero_division` parameter to control this behavior.
  _warn_prf(average, modifier, msg_start, len(result))

2023-04-28 17:13:24,168:INFO:Calculating mean and std
2023-04-28 17:13:24,172:INFO:Creating metrics dataframe
2023-04-28 17:13:24,241:INFO:Uploading results into container
2023-04-28 17:13:24,242:INFO:Uploading model into container now
2023-04-28 17:13:24,242:INFO:_master_model_container: 16
2023-04-28 17:13:24,242:INFO:_display_container: 2
2023-04-28 17:13:24,242:INFO:DummyClassifier(constant=None, random_state=123, strategy='prior')
2023-04-28 17:13:24,242:INFO:create_model() successfully completed......................................
2023-04-28 17:13:24,387:INFO:SubProcess create_model() end ==================================
2023-04-28 17:13:24,387:INFO:Creating metrics dataframe
2023-04-28 17:13:24,402:INFO:Initializing create_model()
2023-04-28 17:13:24,402:INFO:create_model(self=<pycaret.classification.oop.ClassificationExperiment object at 0x000001DE5BD93A00>, estimator=LGBMClassifier(boosting_type='gbdt', class_weight=None, colsample_bytree=1.0,
               importance_type='split', learning_rate=0.1, max_depth=-1,
               min_child_samples=20, min_child_weight=0.001, min_split_gain=0.0,
               n_estimators=100, n_jobs=-1, num_leaves=31, objective=None,
               random_state=123, reg_alpha=0.0, reg_lambda=0.0, silent='warn',
               subsample=1.0, subsample_for_bin=200000, subsample_freq=0), fold=StratifiedKFold(n_splits=10, random_state=None, shuffle=False), round=4, cross_validation=False, predict=False, fit_kwargs={}, groups=None, refit=True, probability_threshold=None, experiment_custom_tags=None, verbose=False, system=False, add_to_model_list=True, metrics=None, display=None, model_only=True, return_train_score=False, kwargs={})
2023-04-28 17:13:24,402:INFO:Checking exceptions
2023-04-28 17:13:24,404:INFO:Importing libraries
2023-04-28 17:13:24,405:INFO:Copying training dataset
2023-04-28 17:13:24,424:INFO:Defining folds
2023-04-28 17:13:24,424:INFO:Declaring metric variables
2023-04-28 17:13:24,425:INFO:Importing untrained model
2023-04-28 17:13:24,425:INFO:Declaring custom model
2023-04-28 17:13:24,425:INFO:Light Gradient Boosting Machine Imported successfully
2023-04-28 17:13:24,426:INFO:Cross validation set to False
2023-04-28 17:13:24,426:INFO:Fitting Model
2023-04-28 17:13:24,809:INFO:LGBMClassifier(boosting_type='gbdt', class_weight=None, colsample_bytree=1.0,
               importance_type='split', learning_rate=0.1, max_depth=-1,
               min_child_samples=20, min_child_weight=0.001, min_split_gain=0.0,
               n_estimators=100, n_jobs=-1, num_leaves=31, objective=None,
               random_state=123, reg_alpha=0.0, reg_lambda=0.0, silent='warn',
               subsample=1.0, subsample_for_bin=200000, subsample_freq=0)
2023-04-28 17:13:24,810:INFO:create_model() successfully completed......................................
2023-04-28 17:13:24,980:INFO:_master_model_container: 16
2023-04-28 17:13:24,980:INFO:_display_container: 2
2023-04-28 17:13:24,981:INFO:LGBMClassifier(boosting_type='gbdt', class_weight=None, colsample_bytree=1.0,
               importance_type='split', learning_rate=0.1, max_depth=-1,
               min_child_samples=20, min_child_weight=0.001, min_split_gain=0.0,
               n_estimators=100, n_jobs=-1, num_leaves=31, objective=None,
               random_state=123, reg_alpha=0.0, reg_lambda=0.0, silent='warn',
               subsample=1.0, subsample_for_bin=200000, subsample_freq=0)
2023-04-28 17:13:24,981:INFO:compare_models() successfully completed......................................
2023-04-28 17:13:59,100:INFO:Initializing create_model()
2023-04-28 17:13:59,101:INFO:create_model(self=<pycaret.classification.oop.ClassificationExperiment object at 0x000001DE5BD93A00>, estimator=lightgbm, fold=None, round=4, cross_validation=True, predict=True, fit_kwargs=None, groups=None, refit=True, probability_threshold=None, experiment_custom_tags=None, verbose=True, system=True, add_to_model_list=True, metrics=None, display=None, model_only=True, return_train_score=False, kwargs={})
2023-04-28 17:13:59,101:INFO:Checking exceptions
2023-04-28 17:13:59,121:INFO:Importing libraries
2023-04-28 17:13:59,121:INFO:Copying training dataset
2023-04-28 17:13:59,144:INFO:Defining folds
2023-04-28 17:13:59,145:INFO:Declaring metric variables
2023-04-28 17:13:59,148:INFO:Importing untrained model
2023-04-28 17:13:59,151:INFO:Light Gradient Boosting Machine Imported successfully
2023-04-28 17:13:59,156:INFO:Starting cross validation
2023-04-28 17:13:59,157:INFO:Cross validating with StratifiedKFold(n_splits=10, random_state=None, shuffle=False), n_jobs=-1
2023-04-28 17:14:00,226:INFO:Calculating mean and std
2023-04-28 17:14:00,228:INFO:Creating metrics dataframe
2023-04-28 17:14:00,233:INFO:Finalizing model
2023-04-28 17:14:00,379:INFO:Uploading results into container
2023-04-28 17:14:00,380:INFO:Uploading model into container now
2023-04-28 17:14:00,387:INFO:_master_model_container: 17
2023-04-28 17:14:00,387:INFO:_display_container: 3
2023-04-28 17:14:00,388:INFO:LGBMClassifier(boosting_type='gbdt', class_weight=None, colsample_bytree=1.0,
               importance_type='split', learning_rate=0.1, max_depth=-1,
               min_child_samples=20, min_child_weight=0.001, min_split_gain=0.0,
               n_estimators=100, n_jobs=-1, num_leaves=31, objective=None,
               random_state=123, reg_alpha=0.0, reg_lambda=0.0, silent='warn',
               subsample=1.0, subsample_for_bin=200000, subsample_freq=0)
2023-04-28 17:14:00,388:INFO:create_model() successfully completed......................................
2023-04-28 17:14:26,961:INFO:Initializing finalize_model()
2023-04-28 17:14:26,961:INFO:finalize_model(self=<pycaret.classification.oop.ClassificationExperiment object at 0x000001DE5BD93A00>, estimator=LGBMClassifier(boosting_type='gbdt', class_weight=None, colsample_bytree=1.0,
               importance_type='split', learning_rate=0.1, max_depth=-1,
               min_child_samples=20, min_child_weight=0.001, min_split_gain=0.0,
               n_estimators=100, n_jobs=-1, num_leaves=31, objective=None,
               random_state=123, reg_alpha=0.0, reg_lambda=0.0, silent='warn',
               subsample=1.0, subsample_for_bin=200000, subsample_freq=0), fit_kwargs=None, groups=None, model_only=False, experiment_custom_tags=None)
2023-04-28 17:14:26,961:INFO:Finalizing LGBMClassifier(boosting_type='gbdt', class_weight=None, colsample_bytree=1.0,
               importance_type='split', learning_rate=0.1, max_depth=-1,
               min_child_samples=20, min_child_weight=0.001, min_split_gain=0.0,
               n_estimators=100, n_jobs=-1, num_leaves=31, objective=None,
               random_state=123, reg_alpha=0.0, reg_lambda=0.0, silent='warn',
               subsample=1.0, subsample_for_bin=200000, subsample_freq=0)
2023-04-28 17:14:26,978:INFO:Initializing create_model()
2023-04-28 17:14:26,978:INFO:create_model(self=<pycaret.classification.oop.ClassificationExperiment object at 0x000001DE5BD93A00>, estimator=LGBMClassifier(boosting_type='gbdt', class_weight=None, colsample_bytree=1.0,
               importance_type='split', learning_rate=0.1, max_depth=-1,
               min_child_samples=20, min_child_weight=0.001, min_split_gain=0.0,
               n_estimators=100, n_jobs=-1, num_leaves=31, objective=None,
               random_state=123, reg_alpha=0.0, reg_lambda=0.0, silent='warn',
               subsample=1.0, subsample_for_bin=200000, subsample_freq=0), fold=None, round=4, cross_validation=False, predict=False, fit_kwargs={}, groups=None, refit=True, probability_threshold=None, experiment_custom_tags=None, verbose=False, system=False, add_to_model_list=False, metrics=None, display=None, model_only=False, return_train_score=False, kwargs={})
2023-04-28 17:14:26,978:INFO:Checking exceptions
2023-04-28 17:14:26,980:INFO:Importing libraries
2023-04-28 17:14:26,980:INFO:Copying training dataset
2023-04-28 17:14:26,981:INFO:Defining folds
2023-04-28 17:14:26,981:INFO:Declaring metric variables
2023-04-28 17:14:26,982:INFO:Importing untrained model
2023-04-28 17:14:26,982:INFO:Declaring custom model
2023-04-28 17:14:26,982:INFO:Light Gradient Boosting Machine Imported successfully
2023-04-28 17:14:26,983:INFO:Cross validation set to False
2023-04-28 17:14:26,983:INFO:Fitting Model
2023-04-28 17:14:27,453:INFO:Pipeline(memory=FastMemory(location=C:\Users\indiz\AppData\Local\Temp\joblib),
         steps=[('numerical_imputer',
                 TransformerWrapper(exclude=None,
                                    include=['Location', 'MinTemp', 'MaxTemp',
                                             'Rainfall', 'Evaporation',
                                             'Sunshine', 'WindGustDir',
                                             'WindGustSpeed', 'WindDir9am',
                                             'WindDir3pm', 'WindSpeed9am',
                                             'WindSpeed3pm', 'Humidity9am',
                                             'Humidity3pm', 'Pressure9am',
                                             'Pressur...
                 LGBMClassifier(boosting_type='gbdt', class_weight=None,
                                colsample_bytree=1.0, importance_type='split',
                                learning_rate=0.1, max_depth=-1,
                                min_child_samples=20, min_child_weight=0.001,
                                min_split_gain=0.0, n_estimators=100, n_jobs=-1,
                                num_leaves=31, objective=None, random_state=123,
                                reg_alpha=0.0, reg_lambda=0.0, silent='warn',
                                subsample=1.0, subsample_for_bin=200000,
                                subsample_freq=0))],
         verbose=False)
2023-04-28 17:14:27,453:INFO:create_model() successfully completed......................................
2023-04-28 17:14:27,607:INFO:_master_model_container: 17
2023-04-28 17:14:27,608:INFO:_display_container: 3
2023-04-28 17:14:27,611:INFO:Pipeline(memory=FastMemory(location=C:\Users\indiz\AppData\Local\Temp\joblib),
         steps=[('numerical_imputer',
                 TransformerWrapper(exclude=None,
                                    include=['Location', 'MinTemp', 'MaxTemp',
                                             'Rainfall', 'Evaporation',
                                             'Sunshine', 'WindGustDir',
                                             'WindGustSpeed', 'WindDir9am',
                                             'WindDir3pm', 'WindSpeed9am',
                                             'WindSpeed3pm', 'Humidity9am',
                                             'Humidity3pm', 'Pressure9am',
                                             'Pressur...
                 LGBMClassifier(boosting_type='gbdt', class_weight=None,
                                colsample_bytree=1.0, importance_type='split',
                                learning_rate=0.1, max_depth=-1,
                                min_child_samples=20, min_child_weight=0.001,
                                min_split_gain=0.0, n_estimators=100, n_jobs=-1,
                                num_leaves=31, objective=None, random_state=123,
                                reg_alpha=0.0, reg_lambda=0.0, silent='warn',
                                subsample=1.0, subsample_for_bin=200000,
                                subsample_freq=0))],
         verbose=False)
2023-04-28 17:14:27,611:INFO:finalize_model() successfully completed......................................
2023-04-28 17:14:29,825:WARNING:c:\Users\indiz\miniconda3\envs\gan\lib\site-packages\pycaret\internal\preprocess\transformers.py:213: FutureWarning: elementwise comparison failed; returning scalar instead, but in the future will perform elementwise comparison
  c for c in self._include if c in X and c not in self._exclude

2023-04-28 17:14:29,920:WARNING:c:\Users\indiz\miniconda3\envs\gan\lib\site-packages\pycaret\internal\preprocess\transformers.py:213: FutureWarning: elementwise comparison failed; returning scalar instead, but in the future will perform elementwise comparison
  c for c in self._include if c in X and c not in self._exclude

2023-04-28 17:14:30,002:WARNING:c:\Users\indiz\miniconda3\envs\gan\lib\site-packages\pycaret\internal\preprocess\transformers.py:213: FutureWarning: elementwise comparison failed; returning scalar instead, but in the future will perform elementwise comparison
  c for c in self._include if c in X and c not in self._exclude

2023-04-28 17:14:30,076:WARNING:c:\Users\indiz\miniconda3\envs\gan\lib\site-packages\pycaret\internal\preprocess\transformers.py:213: FutureWarning: elementwise comparison failed; returning scalar instead, but in the future will perform elementwise comparison
  c for c in self._include if c in X and c not in self._exclude

2023-04-28 17:14:30,151:WARNING:c:\Users\indiz\miniconda3\envs\gan\lib\site-packages\pycaret\internal\preprocess\transformers.py:213: FutureWarning: elementwise comparison failed; returning scalar instead, but in the future will perform elementwise comparison
  c for c in self._include if c in X and c not in self._exclude

2023-04-28 17:14:30,224:WARNING:c:\Users\indiz\miniconda3\envs\gan\lib\site-packages\pycaret\internal\preprocess\transformers.py:213: FutureWarning: elementwise comparison failed; returning scalar instead, but in the future will perform elementwise comparison
  c for c in self._include if c in X and c not in self._exclude

2023-04-28 17:14:30,302:WARNING:c:\Users\indiz\miniconda3\envs\gan\lib\site-packages\pycaret\internal\preprocess\transformers.py:213: FutureWarning: elementwise comparison failed; returning scalar instead, but in the future will perform elementwise comparison
  c for c in self._include if c in X and c not in self._exclude

2023-04-28 17:14:30,374:WARNING:c:\Users\indiz\miniconda3\envs\gan\lib\site-packages\pycaret\internal\preprocess\transformers.py:213: FutureWarning: elementwise comparison failed; returning scalar instead, but in the future will perform elementwise comparison
  c for c in self._include if c in X and c not in self._exclude

2023-04-28 17:14:30,452:WARNING:c:\Users\indiz\miniconda3\envs\gan\lib\site-packages\pycaret\internal\preprocess\transformers.py:213: FutureWarning: elementwise comparison failed; returning scalar instead, but in the future will perform elementwise comparison
  c for c in self._include if c in X and c not in self._exclude

2023-04-28 17:14:30,535:WARNING:c:\Users\indiz\miniconda3\envs\gan\lib\site-packages\pycaret\internal\preprocess\transformers.py:213: FutureWarning: elementwise comparison failed; returning scalar instead, but in the future will perform elementwise comparison
  c for c in self._include if c in X and c not in self._exclude

2023-04-28 17:14:30,610:WARNING:c:\Users\indiz\miniconda3\envs\gan\lib\site-packages\pycaret\internal\preprocess\transformers.py:213: FutureWarning: elementwise comparison failed; returning scalar instead, but in the future will perform elementwise comparison
  c for c in self._include if c in X and c not in self._exclude

2023-04-28 17:14:30,685:WARNING:c:\Users\indiz\miniconda3\envs\gan\lib\site-packages\pycaret\internal\preprocess\transformers.py:213: FutureWarning: elementwise comparison failed; returning scalar instead, but in the future will perform elementwise comparison
  c for c in self._include if c in X and c not in self._exclude

2023-04-28 17:14:30,758:WARNING:c:\Users\indiz\miniconda3\envs\gan\lib\site-packages\pycaret\internal\preprocess\transformers.py:213: FutureWarning: elementwise comparison failed; returning scalar instead, but in the future will perform elementwise comparison
  c for c in self._include if c in X and c not in self._exclude

2023-04-28 17:14:30,842:WARNING:c:\Users\indiz\miniconda3\envs\gan\lib\site-packages\pycaret\internal\preprocess\transformers.py:213: FutureWarning: elementwise comparison failed; returning scalar instead, but in the future will perform elementwise comparison
  c for c in self._include if c in X and c not in self._exclude

2023-04-28 17:14:30,922:WARNING:c:\Users\indiz\miniconda3\envs\gan\lib\site-packages\pycaret\internal\preprocess\transformers.py:213: FutureWarning: elementwise comparison failed; returning scalar instead, but in the future will perform elementwise comparison
  c for c in self._include if c in X and c not in self._exclude

2023-04-28 17:14:30,994:WARNING:c:\Users\indiz\miniconda3\envs\gan\lib\site-packages\pycaret\internal\preprocess\transformers.py:213: FutureWarning: elementwise comparison failed; returning scalar instead, but in the future will perform elementwise comparison
  c for c in self._include if c in X and c not in self._exclude

2023-04-28 17:14:31,067:WARNING:c:\Users\indiz\miniconda3\envs\gan\lib\site-packages\pycaret\internal\preprocess\transformers.py:213: FutureWarning: elementwise comparison failed; returning scalar instead, but in the future will perform elementwise comparison
  c for c in self._include if c in X and c not in self._exclude

2023-04-28 17:14:31,137:WARNING:c:\Users\indiz\miniconda3\envs\gan\lib\site-packages\pycaret\internal\preprocess\transformers.py:213: FutureWarning: elementwise comparison failed; returning scalar instead, but in the future will perform elementwise comparison
  c for c in self._include if c in X and c not in self._exclude

2023-04-28 17:14:31,208:WARNING:c:\Users\indiz\miniconda3\envs\gan\lib\site-packages\pycaret\internal\preprocess\transformers.py:213: FutureWarning: elementwise comparison failed; returning scalar instead, but in the future will perform elementwise comparison
  c for c in self._include if c in X and c not in self._exclude

2023-04-28 17:14:31,283:WARNING:c:\Users\indiz\miniconda3\envs\gan\lib\site-packages\pycaret\internal\preprocess\transformers.py:213: FutureWarning: elementwise comparison failed; returning scalar instead, but in the future will perform elementwise comparison
  c for c in self._include if c in X and c not in self._exclude

2023-04-28 17:14:43,081:WARNING:c:\Users\indiz\miniconda3\envs\gan\lib\site-packages\pycaret\internal\preprocess\transformers.py:213: FutureWarning: elementwise comparison failed; returning scalar instead, but in the future will perform elementwise comparison
  c for c in self._include if c in X and c not in self._exclude

2023-04-28 17:14:43,155:WARNING:c:\Users\indiz\miniconda3\envs\gan\lib\site-packages\pycaret\internal\preprocess\transformers.py:213: FutureWarning: elementwise comparison failed; returning scalar instead, but in the future will perform elementwise comparison
  c for c in self._include if c in X and c not in self._exclude

2023-04-28 17:14:43,225:WARNING:c:\Users\indiz\miniconda3\envs\gan\lib\site-packages\pycaret\internal\preprocess\transformers.py:213: FutureWarning: elementwise comparison failed; returning scalar instead, but in the future will perform elementwise comparison
  c for c in self._include if c in X and c not in self._exclude

2023-04-28 17:14:43,292:WARNING:c:\Users\indiz\miniconda3\envs\gan\lib\site-packages\pycaret\internal\preprocess\transformers.py:213: FutureWarning: elementwise comparison failed; returning scalar instead, but in the future will perform elementwise comparison
  c for c in self._include if c in X and c not in self._exclude

2023-04-28 17:14:43,363:WARNING:c:\Users\indiz\miniconda3\envs\gan\lib\site-packages\pycaret\internal\preprocess\transformers.py:213: FutureWarning: elementwise comparison failed; returning scalar instead, but in the future will perform elementwise comparison
  c for c in self._include if c in X and c not in self._exclude

2023-04-28 17:14:43,436:WARNING:c:\Users\indiz\miniconda3\envs\gan\lib\site-packages\pycaret\internal\preprocess\transformers.py:213: FutureWarning: elementwise comparison failed; returning scalar instead, but in the future will perform elementwise comparison
  c for c in self._include if c in X and c not in self._exclude

2023-04-28 17:14:43,507:WARNING:c:\Users\indiz\miniconda3\envs\gan\lib\site-packages\pycaret\internal\preprocess\transformers.py:213: FutureWarning: elementwise comparison failed; returning scalar instead, but in the future will perform elementwise comparison
  c for c in self._include if c in X and c not in self._exclude

2023-04-28 17:14:43,580:WARNING:c:\Users\indiz\miniconda3\envs\gan\lib\site-packages\pycaret\internal\preprocess\transformers.py:213: FutureWarning: elementwise comparison failed; returning scalar instead, but in the future will perform elementwise comparison
  c for c in self._include if c in X and c not in self._exclude

2023-04-28 17:14:43,651:WARNING:c:\Users\indiz\miniconda3\envs\gan\lib\site-packages\pycaret\internal\preprocess\transformers.py:213: FutureWarning: elementwise comparison failed; returning scalar instead, but in the future will perform elementwise comparison
  c for c in self._include if c in X and c not in self._exclude

2023-04-28 17:14:43,721:WARNING:c:\Users\indiz\miniconda3\envs\gan\lib\site-packages\pycaret\internal\preprocess\transformers.py:213: FutureWarning: elementwise comparison failed; returning scalar instead, but in the future will perform elementwise comparison
  c for c in self._include if c in X and c not in self._exclude

2023-04-28 17:14:43,790:WARNING:c:\Users\indiz\miniconda3\envs\gan\lib\site-packages\pycaret\internal\preprocess\transformers.py:213: FutureWarning: elementwise comparison failed; returning scalar instead, but in the future will perform elementwise comparison
  c for c in self._include if c in X and c not in self._exclude

2023-04-28 17:14:43,861:WARNING:c:\Users\indiz\miniconda3\envs\gan\lib\site-packages\pycaret\internal\preprocess\transformers.py:213: FutureWarning: elementwise comparison failed; returning scalar instead, but in the future will perform elementwise comparison
  c for c in self._include if c in X and c not in self._exclude

2023-04-28 17:14:43,940:WARNING:c:\Users\indiz\miniconda3\envs\gan\lib\site-packages\pycaret\internal\preprocess\transformers.py:213: FutureWarning: elementwise comparison failed; returning scalar instead, but in the future will perform elementwise comparison
  c for c in self._include if c in X and c not in self._exclude

2023-04-28 17:14:44,014:WARNING:c:\Users\indiz\miniconda3\envs\gan\lib\site-packages\pycaret\internal\preprocess\transformers.py:213: FutureWarning: elementwise comparison failed; returning scalar instead, but in the future will perform elementwise comparison
  c for c in self._include if c in X and c not in self._exclude

2023-04-28 17:14:44,171:WARNING:c:\Users\indiz\miniconda3\envs\gan\lib\site-packages\pycaret\internal\preprocess\transformers.py:213: FutureWarning: elementwise comparison failed; returning scalar instead, but in the future will perform elementwise comparison
  c for c in self._include if c in X and c not in self._exclude

2023-04-28 17:14:44,258:WARNING:c:\Users\indiz\miniconda3\envs\gan\lib\site-packages\pycaret\internal\preprocess\transformers.py:213: FutureWarning: elementwise comparison failed; returning scalar instead, but in the future will perform elementwise comparison
  c for c in self._include if c in X and c not in self._exclude

2023-04-28 17:14:44,417:WARNING:c:\Users\indiz\miniconda3\envs\gan\lib\site-packages\pycaret\internal\preprocess\transformers.py:213: FutureWarning: elementwise comparison failed; returning scalar instead, but in the future will perform elementwise comparison
  c for c in self._include if c in X and c not in self._exclude

2023-04-28 17:14:44,521:WARNING:c:\Users\indiz\miniconda3\envs\gan\lib\site-packages\pycaret\internal\preprocess\transformers.py:213: FutureWarning: elementwise comparison failed; returning scalar instead, but in the future will perform elementwise comparison
  c for c in self._include if c in X and c not in self._exclude

2023-04-28 17:14:44,591:WARNING:c:\Users\indiz\miniconda3\envs\gan\lib\site-packages\pycaret\internal\preprocess\transformers.py:213: FutureWarning: elementwise comparison failed; returning scalar instead, but in the future will perform elementwise comparison
  c for c in self._include if c in X and c not in self._exclude

2023-04-28 17:14:44,662:WARNING:c:\Users\indiz\miniconda3\envs\gan\lib\site-packages\pycaret\internal\preprocess\transformers.py:213: FutureWarning: elementwise comparison failed; returning scalar instead, but in the future will perform elementwise comparison
  c for c in self._include if c in X and c not in self._exclude

